#
# A fatal error has been detected by the Java Runtime Environment:
#
#  Internal Error (jvmciRuntime.cpp:1609), pid=24, tid=42
#  fatal error: Fatal exception in JVMCI: Error calling jdk.vm.ci.services.Services.serializeSavedProperties
#
# JRE version: OpenJDK Runtime Environment GraalVM CE 22.3.0 (17.0.5+8) (build 17.0.5+8-jvmci-22.3-b08)
# Java VM: OpenJDK 64-Bit Server VM GraalVM CE 22.3.0 (17.0.5+8-jvmci-22.3-b08, mixed mode, sharing, tiered, jvmci, jvmci compiler, compressed oops, compressed class ptrs, parallel gc, linux-amd64)
# Problematic frame:
# V  [libjvm.so+0x972714]  JVMCIRuntime::fatal_exception(JVMCIEnv*, char const*)+0x74
#
# Core dump will be written. Default location: Core dumps may be processed with "/usr/share/apport/apport -p%p -s%s -c%c -d%d -P%P -u%u -g%g -- %E" (or dumping to /home/runner/my-java-programs/core.24)
#
# If you would like to submit a bug report, please visit:
#   https://github.com/oracle/graal/issues
#

---------------  S U M M A R Y ------------

Command Line: -XX:ThreadPriorityPolicy=1 -XX:+UnlockExperimentalVMOptions -XX:+EnableJVMCIProduct -XX:JVMCIThreadsPerNativeLibraryRuntime=1 -XX:-UnlockExperimentalVMOptions -Declipse.application=org.eclipse.jdt.ls.core.id1 -Dosgi.bundles.defaultStartLevel=4 -Declipse.product=org.eclipse.jdt.ls.core.product -Dlog.level=ALL -Xverify:none -XX:+UseParallelGC -XX:GCTimeRatio=4 -XX:AdaptiveSizePolicyWeight=90 -Dsun.zip.disableMemoryMapping=true -Xmx512m -Xms100m /nix/store/m6gcpi1ii6rghy04cjwjddcavv7i90df-jdt-language-server-1.9.0/share/java/plugins/org.eclipse.equinox.launcher_1.6.400.v20210924-0641.jar --add-modules=ALL-SYSTEM --add-opens java.base/java.util=ALL-UNNAMED --add-opens java.base/java.lang=ALL-UNNAMED -configuration /home/runner/.cache/jdt-language-server/config -data /home/runner/.cache/jdt-language-server/data/home/runner/my-java-programs

Host: AMD EPYC 7B12, 8 cores, 1G, Ubuntu 20.04.2 LTS
Time: Mon Jan 30 19:22:53 2023 UTC elapsed time: 1132.467060 seconds (0d 0h 18m 52s)

---------------  T H R E A D  ---------------

Current thread (0x00007fd9dc0b2540):  JavaThread "JVMCI-native CompilerThread0" daemon [_thread_in_vm, id=42, stack(0x00007fd9c061a000,0x00007fd9c081a000)]


Current CompileTask:
JVMCI-native:1132468 6166  s    4       java.lang.StringBuffer::append (13 bytes)

Stack: [0x00007fd9c061a000,0x00007fd9c081a000],  sp=0x00007fd9c0818380,  free space=2040k
Native frames: (J=compiled Java code, j=interpreted, Vv=VM code, C=native code)
V  [libjvm.so+0x972714]  JVMCIRuntime::fatal_exception(JVMCIEnv*, char const*)+0x74
V  [libjvm.so+0x93e2fe]  JVMCIEnv::copy_saved_properties()+0x14e
V  [libjvm.so+0x9732a9]  JVMCIRuntime::initialize(JVMCIEnv*)+0xb19
V  [libjvm.so+0x9738a2]  JVMCIRuntime::get_HotSpotJVMCIRuntime(JVMCIEnv*)+0x12
V  [libjvm.so+0x9749f2]  JVMCIRuntime::compile_method(JVMCIEnv*, JVMCICompiler*, methodHandle const&, int)+0xd2
V  [libjvm.so+0x5b0d20]  CompileBroker::invoke_compiler_on_method(CompileTask*)+0x1470
V  [libjvm.so+0x5b12e8]  CompileBroker::compiler_thread_loop()+0x528
V  [libjvm.so+0xd82460]  JavaThread::thread_main_inner()+0xd0
V  [libjvm.so+0xd85a40]  Thread::call_run()+0xc0
V  [libjvm.so+0xbdb1e1]  thread_native_entry(Thread*)+0xe1

Register to memory mapping:

RAX=0x00007fd9e0258000 points into unknown readable memory: 0x0000000000000058 | 58 00 00 00 00 00 00 00
RBX=0x00007fd9e1353398: <offset 0x0000000000ef5398> in /nix/store/gpxl5qgg8kicmcvivwmybwjlpf7wh20l-graalvm17-ce-22.3.0/lib/server/libjvm.so at 0x00007fd9e045e000
RCX=0x00007fd9e130b1e8: <offset 0x0000000000ead1e8> in /nix/store/gpxl5qgg8kicmcvivwmybwjlpf7wh20l-graalvm17-ce-22.3.0/lib/server/libjvm.so at 0x00007fd9e045e000
RDX=0x0000000000000649 is an unknown value
RSP=0x00007fd9c0818380 is pointing into the stack for thread: 0x00007fd9dc0b2540
RBP=0x00007fd9c08183a0 is pointing into the stack for thread: 0x00007fd9dc0b2540
RSI=0x00007fd9e1353c48: <offset 0x0000000000ef5c48> in /nix/store/gpxl5qgg8kicmcvivwmybwjlpf7wh20l-graalvm17-ce-22.3.0/lib/server/libjvm.so at 0x00007fd9e045e000
RDI=0x00000000e0000000 is an oop: java.lang.String 
{0x00000000e0000000} - klass: 'java/lang/String'
 - string: "resolution"
R8 =0x00007fd9e1353398: <offset 0x0000000000ef5398> in /nix/store/gpxl5qgg8kicmcvivwmybwjlpf7wh20l-graalvm17-ce-22.3.0/lib/server/libjvm.so at 0x00007fd9e045e000
R9 =0x00007fd9c0818330 is pointing into the stack for thread: 0x00007fd9dc0b2540
R10=0x00007fd9c0819948 is pointing into the stack for thread: 0x00007fd9dc0b2540
R11=0x0000000000000293 is an unknown value
R12=0x0 is NULL
R13=0x00007fd9dc0b2540 is a thread
R14=0x00007fd9dc000b80 points into unknown readable memory: 0x00007fd9e1584a38 | 38 4a 58 e1 d9 7f 00 00
R15=0x00007fd9e1692e40: <offset 0x0000000001234e40> in /nix/store/gpxl5qgg8kicmcvivwmybwjlpf7wh20l-graalvm17-ce-22.3.0/lib/server/libjvm.so at 0x00007fd9e045e000


Registers:
RAX=0x00007fd9e0258000, RBX=0x00007fd9e1353398, RCX=0x00007fd9e130b1e8, RDX=0x0000000000000649
RSP=0x00007fd9c0818380, RBP=0x00007fd9c08183a0, RSI=0x00007fd9e1353c48, RDI=0x00000000e0000000
R8 =0x00007fd9e1353398, R9 =0x00007fd9c0818330, R10=0x00007fd9c0819948, R11=0x0000000000000293
R12=0x0000000000000000, R13=0x00007fd9dc0b2540, R14=0x00007fd9dc000b80, R15=0x00007fd9e1692e40
RIP=0x00007fd9e0dd0714, EFLAGS=0x0000000000010206, CSGSFS=0x002b000000000033, ERR=0x0000000000000006
  TRAPNO=0x000000000000000e

Top of Stack: (sp=0x00007fd9c0818380)
0x00007fd9c0818380:   00007fd9c0818940 00007fd9dc0b2540
0x00007fd9c0818390:   00007fd9c20698c8 0000000800c417a0
0x00007fd9c08183a0:   00007fd9c0818500 00007fd9e0d9c2fe
0x00007fd9c08183b0:   00007fd9c08183e0 00007fd9c0818440 

Instructions: (pc=0x00007fd9e0dd0714)
0x00007fd9e0dd0614:   30 e8 f6 cf e8 ff 4c 89 e7 e8 2e 48 d1 ff 84 db
0x00007fd9e0dd0624:   75 2a 4d 85 ed 74 04 4d 8b 6d 00 48 83 c4 08 44
0x00007fd9e0dd0634:   89 f9 4c 89 f2 4c 89 ee 5b 4c 89 e7 41 5c 41 5d
0x00007fd9e0dd0644:   41 5e 41 5f 5d e9 e2 47 d1 ff 66 90 48 83 c4 08
0x00007fd9e0dd0654:   5b 41 5c 41 5d 41 5e 41 5f 5d c3 90 31 d2 be 08
0x00007fd9e0dd0664:   00 00 00 4c 89 ff e8 b1 78 a3 ff 49 89 c5 e9 37
0x00007fd9e0dd0674:   ff ff ff 66 0f 1f 84 00 00 00 00 00 48 8b 7a 08
0x00007fd9e0dd0684:   e9 6d ff ff ff 0f 1f 80 00 00 00 00 e8 5b 48 0a
0x00007fd9e0dd0694:   00 84 c0 75 89 e9 6a ff ff ff 66 90 55 48 89 e5
0x00007fd9e0dd06a4:   41 56 41 55 41 54 49 89 fc 53 48 89 f3 66 48 8d
0x00007fd9e0dd06b4:   3d 27 5e 85 00 66 66 48 e8 df 43 8d ff 4c 8b 28
0x00007fd9e0dd06c4:   8b 05 be 72 8a 00 85 c0 75 14 ba 01 00 00 00 48
0x00007fd9e0dd06d4:   8d 0d ae 72 8a 00 f0 0f b1 11 85 c0 74 4e be c8
0x00007fd9e0dd06e4:   00 00 00 4c 89 ef e8 01 0b 41 00 48 8d 05 12 ac
0x00007fd9e0dd06f4:   85 00 49 89 d8 48 8d 0d e8 aa 53 00 ba 49 06 00
0x00007fd9e0dd0704:   00 48 8d 35 3c 35 58 00 bf 00 00 00 e0 48 8b 00
0x00007fd9e0dd0714:   c6 00 58 31 c0 e8 e2 91 c6 ff 5b 41 5c 41 5d 41
0x00007fd9e0dd0724:   5e 5d e9 55 34 26 00 0f 1f 44 00 00 48 8d 05 81
0x00007fd9e0dd0734:   a3 8b 00 48 89 df 4c 8b 30 e8 9e 43 8d ff 48 89
0x00007fd9e0dd0744:   de 48 89 c2 49 8b 06 4c 89 f7 ff 50 08 4c 89 f7
0x00007fd9e0dd0754:   e8 a7 5c 27 00 4d 85 e4 74 12 be 01 00 00 00 4c
0x00007fd9e0dd0764:   89 e7 e8 35 43 fc ff eb 82 0f 1f 00 be 01 00 00
0x00007fd9e0dd0774:   00 4c 89 ef e8 d3 fd ff ff e9 6d ff ff ff 66 66
0x00007fd9e0dd0784:   2e 0f 1f 84 00 00 00 00 00 0f 1f 00 55 48 89 e5
0x00007fd9e0dd0794:   41 57 41 56 41 55 41 54 53 48 81 ec 08 02 00 00
0x00007fd9e0dd07a4:   64 48 8b 04 25 28 00 00 00 48 89 45 c8 8b 07 83
0x00007fd9e0dd07b4:   f8 02 0f 84 11 04 00 00 4c 8b 6f 18 49 89 ff 49
0x00007fd9e0dd07c4:   89 f4 4d 85 ed 74 14 4c 89 ef e8 5d 57 22 00 41
0x00007fd9e0dd07d4:   8b 07 83 f8 02 0f 84 19 04 00 00 48 8d 1d 9a 06
0x00007fd9e0dd07e4:   8a 00 4c 8d 35 0b 3c 58 00 eb 38 90 48 85 d2 7f
0x00007fd9e0dd07f4:   0d 48 8d 05 b4 c0 85 00 48 83 38 00 7e 0e 41 8b
0x00007fd9e0dd0804:   77 2c 4c 89 f7 31 c0 e8 a0 b2 f7 ff 49 8b 7f 18 


Stack slot to memory mapping:
stack at sp + 0 slots: 0x00007fd9c0818940 is pointing into the stack for thread: 0x00007fd9dc0b2540
stack at sp + 1 slots: 0x00007fd9dc0b2540 is a thread
stack at sp + 2 slots: 0x00007fd9c20698c8 points into unknown readable memory: 0x6573001880c9ffff | ff ff c9 80 18 00 73 65
stack at sp + 3 slots: 0x0000000800c417a0 is a pointer to class: 
jdk.vm.ci.services.Services {0x0000000800c417a0}
 - instance size:     2
 - klass size:        65
 - access:            public final synchronized 
 - state:             fully_initialized
 - name:              'jdk/vm/ci/services/Services'
 - super:             'java/lang/Object'
 - sub:               
 - arrays:            NULL
 - methods:           Array<T>(0x00007fd9c1043878)
 - method ordering:   Array<T>(0x0000000800928960)
 - default_methods:   Array<T>(0x0000000000000000)
 - local interfaces:  Array<T>(0x00000008005ce810)
 - trans. interfaces: Array<T>(0x00000008005ce810)
 - constants:         constant pool [427] {0x00007fd9c1042958} for 'jdk/vm/ci/services/Services' cache=0x00007fd9c1044b48
 - class loader data:  loader data: 0x00007fd9dc0283f0 of 'bootstrap'
 - source file:       'Services.java'
 - class annotations:       Array<T>(0x0000000000000000)
 - class type annotations:  Array<T>(0x0000000000000000)
 - field annotations:       Array<T>(0x0000000000000000)
 - field type annotations:  Array<T>(0x0000000000000000)
 - inner classes:     Array<T>(0x00007fd9c1044b18)
 - nest members:     Array<T>(0x00007fd9c1044b38)
 - permitted subclasses:     Array<T>(0x00000008005ce7a0)
 - java mirror:       a 'java/lang/Class'{0x00000000e0148330} = 'jdk/vm/ci/services/Services'
 - vtable length      5  (start addr: 0x0000000800c41970)
 - itable length      2 (start addr: 0x0000000800c41998)
 - ---- static fields (3 words):
 - public static final 'IS_BUILDING_NATIVE_IMAGE' 'Z' @128 
 - public static final 'IS_IN_NATIVE_IMAGE' 'Z' @129 
 - private static volatile 'savedProperties' 'Ljava/util/Map;' @112 
 - static final 'JVMCI_ENABLED' 'Z' @130 
 - private static final 'servicesCache' 'Ljava/util/Map;' @116 
 - private static final 'MAX_UNICODE_IN_UTF8_LENGTH' 'I' @120 
 - private static final 'MAX_UTF8_PROPERTY_STRING_LENGTH' 'I' @124 
 - ---- non-static fields (0 words):
 - non-static oop maps: 
stack at sp + 4 slots: 0x00007fd9c0818500 is pointing into the stack for thread: 0x00007fd9dc0b2540
stack at sp + 5 slots: 0x00007fd9e0d9c2fe: <offset 0x000000000093e2fe> in /nix/store/gpxl5qgg8kicmcvivwmybwjlpf7wh20l-graalvm17-ce-22.3.0/lib/server/libjvm.so at 0x00007fd9e045e000
stack at sp + 6 slots: 0x00007fd9c08183e0 is pointing into the stack for thread: 0x00007fd9dc0b2540
stack at sp + 7 slots: 0x00007fd9c0818440 is pointing into the stack for thread: 0x00007fd9dc0b2540


---------------  P R O C E S S  ---------------

Threads class SMR info:
_java_thread_list=0x00007fd94006bc50, length=24, elements={
0x00007fd9dc026690, 0x00007fd9dc0a64d0, 0x00007fd9dc0a7910, 0x00007fd9dc0ae3b0,
0x00007fd9dc0af760, 0x00007fd9dc0b0b50, 0x00007fd9dc0b2540, 0x00007fd9dc0b3a50,
0x00007fd9dc0b4ab0, 0x00007fd9dc0d7d20, 0x00007fd9dc11f480, 0x00007fd9dc333d40,
0x00007fd9dc367a20, 0x00007fd9dc369aa0, 0x00007fd9dc62e790, 0x00007fd970016f00,
0x00007fd9702a8aa0, 0x00007fd9600010d0, 0x00007fd970486a30, 0x00007fd9705f52f0,
0x00007fd9dc38bdf0, 0x00007fd960007360, 0x00007fd9dc3acee0, 0x00007fd93c01d2d0
}

Java Threads: ( => current thread )
  0x00007fd9dc026690 JavaThread "main" [_thread_blocked, id=34, stack(0x00007fd9e0279000,0x00007fd9e0379000)]
  0x00007fd9dc0a64d0 JavaThread "Reference Handler" daemon [_thread_blocked, id=37, stack(0x00007fd9c0f00000,0x00007fd9c1000000)]
  0x00007fd9dc0a7910 JavaThread "Finalizer" daemon [_thread_blocked, id=38, stack(0x00007fd9c0e00000,0x00007fd9c0f00000)]
  0x00007fd9dc0ae3b0 JavaThread "Signal Dispatcher" daemon [_thread_blocked, id=39, stack(0x00007fd9c0a1a000,0x00007fd9c0b1a000)]
  0x00007fd9dc0af760 JavaThread "Service Thread" daemon [_thread_blocked, id=40, stack(0x00007fd9c091a000,0x00007fd9c0a1a000)]
  0x00007fd9dc0b0b50 JavaThread "Monitor Deflation Thread" daemon [_thread_blocked, id=41, stack(0x00007fd9c081a000,0x00007fd9c091a000)]
=>0x00007fd9dc0b2540 JavaThread "JVMCI-native CompilerThread0" daemon [_thread_in_vm, id=42, stack(0x00007fd9c061a000,0x00007fd9c081a000)]
  0x00007fd9dc0b3a50 JavaThread "C1 CompilerThread0" daemon [_thread_blocked, id=43, stack(0x00007fd9c041a000,0x00007fd9c061a000)]
  0x00007fd9dc0b4ab0 JavaThread "Sweeper thread" daemon [_thread_blocked, id=44, stack(0x00007fd9c031a000,0x00007fd9c041a000)]
  0x00007fd9dc0d7d20 JavaThread "Common-Cleaner" daemon [_thread_blocked, id=45, stack(0x00007fd9c021a000,0x00007fd9c031a000)]
  0x00007fd9dc11f480 JavaThread "Notification Thread" daemon [_thread_blocked, id=46, stack(0x00007fd9c011a000,0x00007fd9c021a000)]
  0x00007fd9dc333d40 JavaThread "Active Thread: Equinox Container: 783697bb-0795-4e91-98c8-4d8316280826" [_thread_blocked, id=61, stack(0x00007fd988900000,0x00007fd988a00000)]
  0x00007fd9dc367a20 JavaThread "Framework Event Dispatcher: Equinox Container: 783697bb-0795-4e91-98c8-4d8316280826" daemon [_thread_blocked, id=64, stack(0x00007fd988700000,0x00007fd988800000)]
  0x00007fd9dc369aa0 JavaThread "Start Level: Equinox Container: 783697bb-0795-4e91-98c8-4d8316280826" daemon [_thread_blocked, id=65, stack(0x00007fd988500000,0x00007fd988600000)]
  0x00007fd9dc62e790 JavaThread "Refresh Thread: Equinox Container: 783697bb-0795-4e91-98c8-4d8316280826" daemon [_thread_blocked, id=66, stack(0x00007fd988400000,0x00007fd988500000)]
  0x00007fd970016f00 JavaThread "SCR Component Actor" daemon [_thread_blocked, id=67, stack(0x00007fd988300000,0x00007fd988400000)]
  0x00007fd9702a8aa0 JavaThread "Worker-JM" [_thread_blocked, id=77, stack(0x00007fd987f00000,0x00007fd988000000)]
  0x00007fd9600010d0 JavaThread "Worker-1" [_thread_blocked, id=79, stack(0x00007fd987b00000,0x00007fd987c00000)]
  0x00007fd970486a30 JavaThread "Java indexing" daemon [_thread_blocked, id=83, stack(0x00007fd987900000,0x00007fd987a00000)]
  0x00007fd9705f52f0 JavaThread "Bundle File Closer" daemon [_thread_blocked, id=89, stack(0x00007fd987700000,0x00007fd987800000)]
  0x00007fd9dc38bdf0 JavaThread "pool-3-thread-1" [_thread_blocked, id=90, stack(0x00007fd987500000,0x00007fd987600000)]
  0x00007fd960007360 JavaThread "Worker-2: Java indexing... " [_thread_blocked, id=91, stack(0x00007fd987300000,0x00007fd987400000)]
  0x00007fd9dc3acee0 JavaThread "pool-2-thread-1" [_thread_in_native, id=92, stack(0x00007fd987100000,0x00007fd987200000)]
  0x00007fd93c01d2d0 JavaThread "Worker-5" [_thread_blocked, id=129, stack(0x00007fd986b00000,0x00007fd986c00000)]

Other Threads:
  0x00007fd9dc0a1c10 VMThread "VM Thread" [stack: 0x00007fd9c1812000,0x00007fd9c1912000] [id=36] _threads_hazard_ptr=0x00007fd94006bc50
  0x00007fd9dc120e20 WatcherThread [stack: 0x00007fd9c001a000,0x00007fd9c011a000] [id=47]
  0x00007fd9dc03df30 GCTaskThread "GC Thread#0" [stack: 0x00007fd9c32b2000,0x00007fd9c33b2000] [id=35]

Threads with active compile tasks:
JVMCI-native CompilerThread0  1132496 6166  s    4       java.lang.StringBuffer::append (13 bytes)

VM state: synchronizing (normal execution)

VM Mutex/Monitor currently owned by a thread:  ([mutex/lock_event])
[0x00007fd9dc023840] Threads_lock - owner thread: 0x00007fd9dc0a1c10
[0x00007fd9dc023ff0] Heap_lock - owner thread: 0x00007fd960007360

OutOfMemory and StackOverflow Exception counts:
OutOfMemoryError java_heap_errors=3
LinkageErrors=36

Heap address: 0x00000000e0000000, size: 512 MB, Compressed Oops mode: 32-bit

CDS archive(s) mapped at: [0x0000000800000000-0x0000000800bc8000-0x0000000800bc8000), size 12353536, SharedBaseAddress: 0x0000000800000000, ArchiveRelocationMode: 0.
Compressed class space mapped at: 0x0000000800c00000-0x0000000840c00000, reserved size: 1073741824
Narrow klass base: 0x0000000800000000, Narrow klass shift: 0, Narrow klass range: 0x100000000

GC Precious Log:
 CPUs: 8 total, 1 available
 Memory: 1024M
 Large Page Support: Disabled
 NUMA Support: Disabled
 Compressed Oops: Enabled (32-bit)
 Alignments: Space 512K, Generation 512K, Heap 2M
 Heap Min Capacity: 100M
 Heap Initial Capacity: 100M
 Heap Max Capacity: 512M
 Pre-touch: Disabled
 Parallel Workers: 1

Heap:
 PSYoungGen      total 46080K, used 31232K [0x00000000f5580000, 0x00000000f9380000, 0x0000000100000000)
  eden space 31232K, 100% used [0x00000000f5580000,0x00000000f7400000,0x00000000f7400000)
  from space 14848K, 0% used [0x00000000f8380000,0x00000000f8380000,0x00000000f9200000)
  to   space 15360K, 0% used [0x00000000f7400000,0x00000000f7400000,0x00000000f8300000)
 ParOldGen       total 349696K, used 349695K [0x00000000e0000000, 0x00000000f5580000, 0x00000000f5580000)
  object space 349696K, 99% used [0x00000000e0000000,0x00000000f557ff58,0x00000000f5580000)
 Metaspace       used 43622K, committed 44416K, reserved 1089536K
  class space    used 4488K, committed 4800K, reserved 1048576K

Card table byte_map: [0x00007fd9c33b2000,0x00007fd9c34b3000] _byte_map_base: 0x00007fd9c2cb2000

Marking Bits: (ParMarkBitMap*) 0x00007fd9e168c4c0
 Begin Bits: [0x00007fd9c2205000, 0x00007fd9c2a05000)
 End Bits:   [0x00007fd9c2a05000, 0x00007fd9c3205000)

Polling page: 0x00007fd9e0256000

Metaspace:

Usage:
  Non-class:     38.22 MB used.
      Class:      4.38 MB used.
       Both:     42.60 MB used.

Virtual space:
  Non-class space:       40.00 MB reserved,      38.69 MB ( 97%) committed,  5 nodes.
      Class space:        1.00 GB reserved,       4.69 MB ( <1%) committed,  1 nodes.
             Both:        1.04 GB reserved,      43.38 MB (  4%) committed. 

Chunk freelists:
   Non-Class:  1.41 MB
       Class:  3.29 MB
        Both:  4.70 MB

MaxMetaspaceSize: unlimited
CompressedClassSpaceSize: 1.00 GB
Initial GC threshold: 21.00 MB
Current GC threshold: 72.12 MB
CDS: on
MetaspaceReclaimPolicy: balanced
 - commit_granule_bytes: 65536.
 - commit_granule_words: 8192.
 - virtual_space_node_default_size: 1048576.
 - enlarge_chunks_in_place: 1.
 - new_chunks_are_fully_committed: 0.
 - uncommit_free_chunks: 1.
 - use_allocation_guard: 0.
 - handle_deallocations: 1.


Internal statistics:

num_allocs_failed_limit: 6.
num_arena_births: 310.
num_arena_deaths: 66.
num_vsnodes_births: 6.
num_vsnodes_deaths: 0.
num_space_committed: 694.
num_space_uncommitted: 0.
num_chunks_returned_to_freelist: 95.
num_chunks_taken_from_freelist: 1882.
num_chunk_merges: 36.
num_chunk_splits: 1223.
num_chunks_enlarged: 763.
num_purges: 2.
num_inconsistent_stats: 0.

CodeHeap 'non-profiled nmethods': size=120036Kb used=2235Kb max_used=2235Kb free=117800Kb
 bounds [0x00007fd9caf7a000, 0x00007fd9cb1ea000, 0x00007fd9d24b3000]
CodeHeap 'profiled nmethods': size=120032Kb used=10818Kb max_used=11807Kb free=109213Kb
 bounds [0x00007fd9c3a42000, 0x00007fd9c4602000, 0x00007fd9caf7a000]
CodeHeap 'non-nmethods': size=5692Kb used=1336Kb max_used=1355Kb free=4355Kb
 bounds [0x00007fd9c34b3000, 0x00007fd9c3723000, 0x00007fd9c3a42000]
 total_blobs=5594 nmethods=4936 adapters=564
 compilation: enabled
              stopped_count=0, restarted_count=0
 full_count=0

JVMCI Events (20 events):
Event: 666.639 Thread 0x00007fd9dc0b2540 destroyed JavaVM[3]@0x00007fd98639e340 for JVMCI runtime 0
Event: 666.639 Thread 0x00007fd9dc0b2540 compacted oop handles in JVMCI runtime 0 from 45 to 45
Event: 666.639 Thread 0x00007fd9dc0b2540 releasing handles for JVMCI runtime 0: oop handles=45, metadata handles={total=90, live=78, blocks=39}
Event: 666.639 Thread 0x00007fd9dc0b2540 detached from JVMCI runtime 0
Event: 945.088 Thread 0x00007fd9dc0b2540 attached to JVMCI runtime 0
Event: 945.090 Thread 0x00007fd9dc0b2540 created JavaVM[4]@0x00007fd98639e340 for JVMCI runtime 0
Event: 945.090 Thread 0x00007fd9dc0b2540 initializing JVMCI runtime 0
Event: 945.090 Thread 0x00007fd9dc0b2540 done waiting for JavaVM references initialization in JVMCI runtime 0
Event: 952.987 Thread 0x00007fd9dc0b2540 initialized JVMCI runtime 0
Event: 974.846 Thread 0x00007fd9dc0b2540 detaching from JVMCI runtime 0: releasing idle compiler thread (0 other threads still attached)
Event: 974.846 Thread 0x00007fd9dc0b2540 shutting down HotSpotJVMCIRuntime for JVMCI runtime 0
Event: 974.846 Thread 0x00007fd9dc0b2540 shut down JVMCI runtime 0
Event: 974.854 Thread 0x00007fd9dc0b2540 destroyed JavaVM[4]@0x00007fd98639e340 for JVMCI runtime 0
Event: 974.854 Thread 0x00007fd9dc0b2540 compacted oop handles in JVMCI runtime 0 from 50 to 50
Event: 974.854 Thread 0x00007fd9dc0b2540 releasing handles for JVMCI runtime 0: oop handles=50, metadata handles={total=96, live=95, blocks=39}
Event: 974.854 Thread 0x00007fd9dc0b2540 detached from JVMCI runtime 0
Event: 1031.573 Thread 0x00007fd9dc0b2540 attached to JVMCI runtime 0
Event: 1031.575 Thread 0x00007fd9dc0b2540 created JavaVM[5]@0x00007fd98639e340 for JVMCI runtime 0
Event: 1031.575 Thread 0x00007fd9dc0b2540 initializing JVMCI runtime 0
Event: 1031.575 Thread 0x00007fd9dc0b2540 done waiting for JavaVM references initialization in JVMCI runtime 0

Compilation events (20 events):
Event: 777.409 Thread 0x00007fd9dc0b3a50 nmethod 6162 0x00007fd9c41d6590 code [0x00007fd9c41d6740, 0x00007fd9c41d6930]
Event: 777.409 Thread 0x00007fd9dc0b3a50 6161       1       org.eclipse.osgi.internal.framework.EquinoxContainer::getStorage (5 bytes)
Event: 777.409 Thread 0x00007fd9dc0b3a50 nmethod 6161 0x00007fd9cb1a8010 code [0x00007fd9cb1a81a0, 0x00007fd9cb1a8270]
Event: 798.482 Thread 0x00007fd9dc0b3a50 6163       3       java.util.concurrent.ScheduledThreadPoolExecutor::canRunInCurrentRunState (61 bytes)
Event: 799.801 Thread 0x00007fd9dc0b3a50 nmethod 6163 0x00007fd9c438c690 code [0x00007fd9c438c8a0, 0x00007fd9c438d340]
Event: 869.804 Thread 0x00007fd9dc0b3a50 6164       3       org.eclipse.jdt.ls.core.internal.handlers.ProgressReporterManager$ProgressReporter::sendProgress (78 bytes)
Event: 869.805 Thread 0x00007fd9dc0b3a50 nmethod 6164 0x00007fd9c3ae1b10 code [0x00007fd9c3ae1d00, 0x00007fd9c3ae2670]
Event: 945.088 Thread 0x00007fd9dc0b2540 6165  s    4       java.lang.StringBuffer::append (15 bytes)
Event: 973.186 Thread 0x00007fd9dc0b2540 nmethod 6165 0x00007fd9cb1a8310 code [0x00007fd9cb1a84c0, 0x00007fd9cb1a8c08]
Event: 1031.573 Thread 0x00007fd9dc0b2540 6166  s    4       java.lang.StringBuffer::append (13 bytes)
Event: 1090.485 Thread 0x00007fd9dc0b3a50 6167       3       java.util.concurrent.atomic.AtomicLong::weakCompareAndSetVolatile (13 bytes)
Event: 1090.486 Thread 0x00007fd9dc0b3a50 nmethod 6167 0x00007fd9c41d6190 code [0x00007fd9c41d6340, 0x00007fd9c41d64a0]
Event: 1092.101 Thread 0x00007fd9dc0b3a50 6168       3       org.eclipse.core.internal.jobs.JobManager$$Lambda$128/0x0000000800d50a58::applyAsLong (9 bytes)
Event: 1092.102 Thread 0x00007fd9dc0b3a50 nmethod 6168 0x00007fd9c438c110 code [0x00007fd9c438c2c0, 0x00007fd9c438c520]
Event: 1092.102 Thread 0x00007fd9dc0b3a50 6169       3       org.eclipse.core.internal.jobs.JobManager::lambda$0 (9 bytes)
Event: 1092.102 Thread 0x00007fd9dc0b3a50 nmethod 6169 0x00007fd9c3ae1690 code [0x00007fd9c3ae1840, 0x00007fd9c3ae1a20]
Event: 1092.102 Thread 0x00007fd9dc0b3a50 6170       3       org.eclipse.core.internal.jobs.JobManager::now (16 bytes)
Event: 1092.103 Thread 0x00007fd9dc0b3a50 nmethod 6170 0x00007fd9c3ae0e10 code [0x00007fd9c3ae1000, 0x00007fd9c3ae13f0]
Event: 1127.089 Thread 0x00007fd9dc0b3a50 6171   !   3       java.lang.ref.ReferenceQueue::remove (125 bytes)
Event: 1132.456 Thread 0x00007fd9dc0b3a50 nmethod 6171 0x00007fd9c3c0e590 code [0x00007fd9c3c0e7c0, 0x00007fd9c3c0ef30]

GC Heap History (20 events):
Event: 1118.909 GC heap before
{Heap before GC invocations=877 (full 790):
 PSYoungGen      total 46080K, used 31232K [0x00000000f5580000, 0x00000000f9380000, 0x0000000100000000)
  eden space 31232K, 100% used [0x00000000f5580000,0x00000000f7400000,0x00000000f7400000)
  from space 14848K, 0% used [0x00000000f8380000,0x00000000f8380000,0x00000000f9200000)
  to   space 15360K, 0% used [0x00000000f7400000,0x00000000f7400000,0x00000000f8300000)
 ParOldGen       total 349696K, used 349696K [0x00000000e0000000, 0x00000000f5580000, 0x00000000f5580000)
  object space 349696K, 100% used [0x00000000e0000000,0x00000000f5580000,0x00000000f5580000)
 Metaspace       used 43621K, committed 44416K, reserved 1089536K
  class space    used 4488K, committed 4800K, reserved 1048576K
}
Event: 1120.358 GC heap after
{Heap after GC invocations=877 (full 790):
 PSYoungGen      total 46592K, used 31231K [0x00000000f5580000, 0x00000000f9380000, 0x0000000100000000)
  eden space 31232K, 99% used [0x00000000f5580000,0x00000000f73fffb0,0x00000000f7400000)
  from space 15360K, 0% used [0x00000000f7400000,0x00000000f7400000,0x00000000f8300000)
  to   space 14848K, 0% used [0x00000000f8380000,0x00000000f8380000,0x00000000f9200000)
 ParOldGen       total 349696K, used 349694K [0x00000000e0000000, 0x00000000f5580000, 0x00000000f5580000)
  object space 349696K, 99% used [0x00000000e0000000,0x00000000f557fa00,0x00000000f5580000)
 Metaspace       used 43621K, committed 44416K, reserved 1089536K
  class space    used 4488K, committed 4800K, reserved 1048576K
}
Event: 1120.359 GC heap before
{Heap before GC invocations=878 (full 791):
 PSYoungGen      total 46592K, used 31231K [0x00000000f5580000, 0x00000000f9380000, 0x0000000100000000)
  eden space 31232K, 99% used [0x00000000f5580000,0x00000000f73ffff8,0x00000000f7400000)
  from space 15360K, 0% used [0x00000000f7400000,0x00000000f7400000,0x00000000f8300000)
  to   space 14848K, 0% used [0x00000000f8380000,0x00000000f8380000,0x00000000f9200000)
 ParOldGen       total 349696K, used 349694K [0x00000000e0000000, 0x00000000f5580000, 0x00000000f5580000)
  object space 349696K, 99% used [0x00000000e0000000,0x00000000f557fa00,0x00000000f5580000)
 Metaspace       used 43621K, committed 44416K, reserved 1089536K
  class space    used 4488K, committed 4800K, reserved 1048576K
}
Event: 1121.564 GC heap after
{Heap after GC invocations=878 (full 791):
 PSYoungGen      total 46080K, used 31231K [0x00000000f5580000, 0x00000000f9380000, 0x0000000100000000)
  eden space 31232K, 99% used [0x00000000f5580000,0x00000000f73fffa8,0x00000000f7400000)
  from space 14848K, 0% used [0x00000000f8380000,0x00000000f8380000,0x00000000f9200000)
  to   space 15360K, 0% used [0x00000000f7400000,0x00000000f7400000,0x00000000f8300000)
 ParOldGen       total 349696K, used 349694K [0x00000000e0000000, 0x00000000f5580000, 0x00000000f5580000)
  object space 349696K, 99% used [0x00000000e0000000,0x00000000f557f8d8,0x00000000f5580000)
 Metaspace       used 43621K, committed 44416K, reserved 1089536K
  class space    used 4488K, committed 4800K, reserved 1048576K
}
Event: 1121.564 GC heap before
{Heap before GC invocations=879 (full 792):
 PSYoungGen      total 46080K, used 31231K [0x00000000f5580000, 0x00000000f9380000, 0x0000000100000000)
  eden space 31232K, 99% used [0x00000000f5580000,0x00000000f73ffff8,0x00000000f7400000)
  from space 14848K, 0% used [0x00000000f8380000,0x00000000f8380000,0x00000000f9200000)
  to   space 15360K, 0% used [0x00000000f7400000,0x00000000f7400000,0x00000000f8300000)
 ParOldGen       total 349696K, used 349694K [0x00000000e0000000, 0x00000000f5580000, 0x00000000f5580000)
  object space 349696K, 99% used [0x00000000e0000000,0x00000000f557f8d8,0x00000000f5580000)
 Metaspace       used 43621K, committed 44416K, reserved 1089536K
  class space    used 4488K, committed 4800K, reserved 1048576K
}
Event: 1122.756 GC heap after
{Heap after GC invocations=879 (full 792):
 PSYoungGen      total 46592K, used 31231K [0x00000000f5580000, 0x00000000f9380000, 0x0000000100000000)
  eden space 31232K, 99% used [0x00000000f5580000,0x00000000f73fffc8,0x00000000f7400000)
  from space 15360K, 0% used [0x00000000f7400000,0x00000000f7400000,0x00000000f8300000)
  to   space 14848K, 0% used [0x00000000f8380000,0x00000000f8380000,0x00000000f9200000)
 ParOldGen       total 349696K, used 349694K [0x00000000e0000000, 0x00000000f5580000, 0x00000000f5580000)
  object space 349696K, 99% used [0x00000000e0000000,0x00000000f557f8d8,0x00000000f5580000)
 Metaspace       used 43621K, committed 44416K, reserved 1089536K
  class space    used 4488K, committed 4800K, reserved 1048576K
}
Event: 1122.757 GC heap before
{Heap before GC invocations=880 (full 793):
 PSYoungGen      total 46592K, used 31231K [0x00000000f5580000, 0x00000000f9380000, 0x0000000100000000)
  eden space 31232K, 99% used [0x00000000f5580000,0x00000000f73ffff8,0x00000000f7400000)
  from space 15360K, 0% used [0x00000000f7400000,0x00000000f7400000,0x00000000f8300000)
  to   space 14848K, 0% used [0x00000000f8380000,0x00000000f8380000,0x00000000f9200000)
 ParOldGen       total 349696K, used 349694K [0x00000000e0000000, 0x00000000f5580000, 0x00000000f5580000)
  object space 349696K, 99% used [0x00000000e0000000,0x00000000f557f8d8,0x00000000f5580000)
 Metaspace       used 43621K, committed 44416K, reserved 1089536K
  class space    used 4488K, committed 4800K, reserved 1048576K
}
Event: 1124.260 GC heap after
{Heap after GC invocations=880 (full 793):
 PSYoungGen      total 46080K, used 31231K [0x00000000f5580000, 0x00000000f9380000, 0x0000000100000000)
  eden space 31232K, 99% used [0x00000000f5580000,0x00000000f73fffc8,0x00000000f7400000)
  from space 14848K, 0% used [0x00000000f8380000,0x00000000f8380000,0x00000000f9200000)
  to   space 15360K, 0% used [0x00000000f7400000,0x00000000f7400000,0x00000000f8300000)
 ParOldGen       total 349696K, used 349694K [0x00000000e0000000, 0x00000000f5580000, 0x00000000f5580000)
  object space 349696K, 99% used [0x00000000e0000000,0x00000000f557f8d8,0x00000000f5580000)
 Metaspace       used 43621K, committed 44416K, reserved 1089536K
  class space    used 4488K, committed 4800K, reserved 1048576K
}
Event: 1124.266 GC heap before
{Heap before GC invocations=881 (full 794):
 PSYoungGen      total 46080K, used 31231K [0x00000000f5580000, 0x00000000f9380000, 0x0000000100000000)
  eden space 31232K, 99% used [0x00000000f5580000,0x00000000f73ffff8,0x00000000f7400000)
  from space 14848K, 0% used [0x00000000f8380000,0x00000000f8380000,0x00000000f9200000)
  to   space 15360K, 0% used [0x00000000f7400000,0x00000000f7400000,0x00000000f8300000)
 ParOldGen       total 349696K, used 349694K [0x00000000e0000000, 0x00000000f5580000, 0x00000000f5580000)
  object space 349696K, 99% used [0x00000000e0000000,0x00000000f557f8d8,0x00000000f5580000)
 Metaspace       used 43621K, committed 44416K, reserved 1089536K
  class space    used 4488K, committed 4800K, reserved 1048576K
}
Event: 1125.754 GC heap after
{Heap after GC invocations=881 (full 794):
 PSYoungGen      total 46592K, used 31231K [0x00000000f5580000, 0x00000000f9380000, 0x0000000100000000)
  eden space 31232K, 99% used [0x00000000f5580000,0x00000000f73fffc8,0x00000000f7400000)
  from space 15360K, 0% used [0x00000000f7400000,0x00000000f7400000,0x00000000f8300000)
  to   space 14848K, 0% used [0x00000000f8380000,0x00000000f8380000,0x00000000f9200000)
 ParOldGen       total 349696K, used 349694K [0x00000000e0000000, 0x00000000f5580000, 0x00000000f5580000)
  object space 349696K, 99% used [0x00000000e0000000,0x00000000f557f8d8,0x00000000f5580000)
 Metaspace       used 43621K, committed 44416K, reserved 1089536K
  class space    used 4488K, committed 4800K, reserved 1048576K
}
Event: 1125.757 GC heap before
{Heap before GC invocations=882 (full 795):
 PSYoungGen      total 46592K, used 31231K [0x00000000f5580000, 0x00000000f9380000, 0x0000000100000000)
  eden space 31232K, 99% used [0x00000000f5580000,0x00000000f73ffff8,0x00000000f7400000)
  from space 15360K, 0% used [0x00000000f7400000,0x00000000f7400000,0x00000000f8300000)
  to   space 14848K, 0% used [0x00000000f8380000,0x00000000f8380000,0x00000000f9200000)
 ParOldGen       total 349696K, used 349694K [0x00000000e0000000, 0x00000000f5580000, 0x00000000f5580000)
  object space 349696K, 99% used [0x00000000e0000000,0x00000000f557f8d8,0x00000000f5580000)
 Metaspace       used 43621K, committed 44416K, reserved 1089536K
  class space    used 4488K, committed 4800K, reserved 1048576K
}
Event: 1127.088 GC heap after
{Heap after GC invocations=882 (full 795):
 PSYoungGen      total 46080K, used 31231K [0x00000000f5580000, 0x00000000f9380000, 0x0000000100000000)
  eden space 31232K, 99% used [0x00000000f5580000,0x00000000f73fffc8,0x00000000f7400000)
  from space 14848K, 0% used [0x00000000f8380000,0x00000000f8380000,0x00000000f9200000)
  to   space 15360K, 0% used [0x00000000f7400000,0x00000000f7400000,0x00000000f8300000)
 ParOldGen       total 349696K, used 349694K [0x00000000e0000000, 0x00000000f5580000, 0x00000000f5580000)
  object space 349696K, 99% used [0x00000000e0000000,0x00000000f557f8d8,0x00000000f5580000)
 Metaspace       used 43621K, committed 44416K, reserved 1089536K
  class space    used 4488K, committed 4800K, reserved 1048576K
}
Event: 1127.089 GC heap before
{Heap before GC invocations=883 (full 796):
 PSYoungGen      total 46080K, used 31231K [0x00000000f5580000, 0x00000000f9380000, 0x0000000100000000)
  eden space 31232K, 99% used [0x00000000f5580000,0x00000000f73ffff8,0x00000000f7400000)
  from space 14848K, 0% used [0x00000000f8380000,0x00000000f8380000,0x00000000f9200000)
  to   space 15360K, 0% used [0x00000000f7400000,0x00000000f7400000,0x00000000f8300000)
 ParOldGen       total 349696K, used 349694K [0x00000000e0000000, 0x00000000f5580000, 0x00000000f5580000)
  object space 349696K, 99% used [0x00000000e0000000,0x00000000f557f8d8,0x00000000f5580000)
 Metaspace       used 43621K, committed 44416K, reserved 1089536K
  class space    used 4488K, committed 4800K, reserved 1048576K
}
Event: 1128.361 GC heap after
{Heap after GC invocations=883 (full 796):
 PSYoungGen      total 46592K, used 31231K [0x00000000f5580000, 0x00000000f9380000, 0x0000000100000000)
  eden space 31232K, 99% used [0x00000000f5580000,0x00000000f73fffc8,0x00000000f7400000)
  from space 15360K, 0% used [0x00000000f7400000,0x00000000f7400000,0x00000000f8300000)
  to   space 14848K, 0% used [0x00000000f8380000,0x00000000f8380000,0x00000000f9200000)
 ParOldGen       total 349696K, used 349694K [0x00000000e0000000, 0x00000000f5580000, 0x00000000f5580000)
  object space 349696K, 99% used [0x00000000e0000000,0x00000000f557f8d8,0x00000000f5580000)
 Metaspace       used 43621K, committed 44416K, reserved 1089536K
  class space    used 4488K, committed 4800K, reserved 1048576K
}
Event: 1128.361 GC heap before
{Heap before GC invocations=884 (full 797):
 PSYoungGen      total 46592K, used 31231K [0x00000000f5580000, 0x00000000f9380000, 0x0000000100000000)
  eden space 31232K, 99% used [0x00000000f5580000,0x00000000f73ffff8,0x00000000f7400000)
  from space 15360K, 0% used [0x00000000f7400000,0x00000000f7400000,0x00000000f8300000)
  to   space 14848K, 0% used [0x00000000f8380000,0x00000000f8380000,0x00000000f9200000)
 ParOldGen       total 349696K, used 349694K [0x00000000e0000000, 0x00000000f5580000, 0x00000000f5580000)
  object space 349696K, 99% used [0x00000000e0000000,0x00000000f557f8d8,0x00000000f5580000)
 Metaspace       used 43622K, committed 44416K, reserved 1089536K
  class space    used 4488K, committed 4800K, reserved 1048576K
}
Event: 1129.704 GC heap after
{Heap after GC invocations=884 (full 797):
 PSYoungGen      total 46080K, used 31231K [0x00000000f5580000, 0x00000000f9380000, 0x0000000100000000)
  eden space 31232K, 99% used [0x00000000f5580000,0x00000000f73fffc8,0x00000000f7400000)
  from space 14848K, 0% used [0x00000000f8380000,0x00000000f8380000,0x00000000f9200000)
  to   space 15360K, 0% used [0x00000000f7400000,0x00000000f7400000,0x00000000f8300000)
 ParOldGen       total 349696K, used 349694K [0x00000000e0000000, 0x00000000f5580000, 0x00000000f5580000)
  object space 349696K, 99% used [0x00000000e0000000,0x00000000f557f8d8,0x00000000f5580000)
 Metaspace       used 43622K, committed 44416K, reserved 1089536K
  class space    used 4488K, committed 4800K, reserved 1048576K
}
Event: 1129.704 GC heap before
{Heap before GC invocations=885 (full 798):
 PSYoungGen      total 46080K, used 31231K [0x00000000f5580000, 0x00000000f9380000, 0x0000000100000000)
  eden space 31232K, 99% used [0x00000000f5580000,0x00000000f73ffff8,0x00000000f7400000)
  from space 14848K, 0% used [0x00000000f8380000,0x00000000f8380000,0x00000000f9200000)
  to   space 15360K, 0% used [0x00000000f7400000,0x00000000f7400000,0x00000000f8300000)
 ParOldGen       total 349696K, used 349694K [0x00000000e0000000, 0x00000000f5580000, 0x00000000f5580000)
  object space 349696K, 99% used [0x00000000e0000000,0x00000000f557f8d8,0x00000000f5580000)
 Metaspace       used 43622K, committed 44416K, reserved 1089536K
  class space    used 4488K, committed 4800K, reserved 1048576K
}
Event: 1131.104 GC heap after
{Heap after GC invocations=885 (full 798):
 PSYoungGen      total 46592K, used 31231K [0x00000000f5580000, 0x00000000f9380000, 0x0000000100000000)
  eden space 31232K, 99% used [0x00000000f5580000,0x00000000f73fffc8,0x00000000f7400000)
  from space 15360K, 0% used [0x00000000f7400000,0x00000000f7400000,0x00000000f8300000)
  to   space 14848K, 0% used [0x00000000f8380000,0x00000000f8380000,0x00000000f9200000)
 ParOldGen       total 349696K, used 349694K [0x00000000e0000000, 0x00000000f5580000, 0x00000000f5580000)
  object space 349696K, 99% used [0x00000000e0000000,0x00000000f557f8b8,0x00000000f5580000)
 Metaspace       used 43622K, committed 44416K, reserved 1089536K
  class space    used 4488K, committed 4800K, reserved 1048576K
}
Event: 1131.104 GC heap before
{Heap before GC invocations=886 (full 799):
 PSYoungGen      total 46592K, used 31231K [0x00000000f5580000, 0x00000000f9380000, 0x0000000100000000)
  eden space 31232K, 99% used [0x00000000f5580000,0x00000000f73fffc8,0x00000000f7400000)
  from space 15360K, 0% used [0x00000000f7400000,0x00000000f7400000,0x00000000f8300000)
  to   space 14848K, 0% used [0x00000000f8380000,0x00000000f8380000,0x00000000f9200000)
 ParOldGen       total 349696K, used 349694K [0x00000000e0000000, 0x00000000f5580000, 0x00000000f5580000)
  object space 349696K, 99% used [0x00000000e0000000,0x00000000f557f8b8,0x00000000f5580000)
 Metaspace       used 43622K, committed 44416K, reserved 1089536K
  class space    used 4488K, committed 4800K, reserved 1048576K
}
Event: 1132.455 GC heap after
{Heap after GC invocations=886 (full 799):
 PSYoungGen      total 46080K, used 31231K [0x00000000f5580000, 0x00000000f9380000, 0x0000000100000000)
  eden space 31232K, 99% used [0x00000000f5580000,0x00000000f73fffc8,0x00000000f7400000)
  from space 14848K, 0% used [0x00000000f8380000,0x00000000f8380000,0x00000000f9200000)
  to   space 15360K, 0% used [0x00000000f7400000,0x00000000f7400000,0x00000000f8300000)
 ParOldGen       total 349696K, used 349694K [0x00000000e0000000, 0x00000000f5580000, 0x00000000f5580000)
  object space 349696K, 99% used [0x00000000e0000000,0x00000000f557f8b8,0x00000000f5580000)
 Metaspace       used 43622K, committed 44416K, reserved 1089536K
  class space    used 4488K, committed 4800K, reserved 1048576K
}

Dll operation events (9 events):
Event: 0.002 Loaded shared library /nix/store/gpxl5qgg8kicmcvivwmybwjlpf7wh20l-graalvm17-ce-22.3.0/lib/libjava.so
Event: 0.010 Loaded shared library /nix/store/gpxl5qgg8kicmcvivwmybwjlpf7wh20l-graalvm17-ce-22.3.0/lib/libjsvml.so
Event: 0.224 Loaded shared library /nix/store/gpxl5qgg8kicmcvivwmybwjlpf7wh20l-graalvm17-ce-22.3.0/lib/libnio.so
Event: 0.266 Loaded shared library /nix/store/gpxl5qgg8kicmcvivwmybwjlpf7wh20l-graalvm17-ce-22.3.0/lib/libzip.so
Event: 0.271 Loaded shared library /nix/store/gpxl5qgg8kicmcvivwmybwjlpf7wh20l-graalvm17-ce-22.3.0/lib/libjvmcicompiler.so
Event: 0.672 Loaded shared library /nix/store/gpxl5qgg8kicmcvivwmybwjlpf7wh20l-graalvm17-ce-22.3.0/lib/libjimage.so
Event: 1.269 Loaded shared library /nix/store/gpxl5qgg8kicmcvivwmybwjlpf7wh20l-graalvm17-ce-22.3.0/lib/libnet.so
Event: 4.755 Loaded shared library /home/runner/.cache/jdt-language-server/config/org.eclipse.equinox.launcher/org.eclipse.equinox.launcher.gtk.linux.x86_64_1.2.400.v20211117-0650/eclipse_11600.so
Event: 13.603 Loaded shared library /nix/store/gpxl5qgg8kicmcvivwmybwjlpf7wh20l-graalvm17-ce-22.3.0/lib/libextnet.so

Deoptimization events (20 events):
Event: 50.959 Thread 0x00007fd970486a30 DEOPT PACKING pc=0x00007fd9c3b870dd sp=0x00007fd9879fe530
Event: 50.959 Thread 0x00007fd970486a30 DEOPT UNPACKING pc=0x00007fd9c3505325 sp=0x00007fd9879fda20 mode 0
Event: 50.961 Thread 0x00007fd970486a30 DEOPT PACKING pc=0x00007fd9c3b870dd sp=0x00007fd9879fe530
Event: 50.961 Thread 0x00007fd970486a30 DEOPT UNPACKING pc=0x00007fd9c3505325 sp=0x00007fd9879fda20 mode 0
Event: 50.963 Thread 0x00007fd970486a30 DEOPT PACKING pc=0x00007fd9c3b870dd sp=0x00007fd9879fe530
Event: 50.963 Thread 0x00007fd970486a30 DEOPT UNPACKING pc=0x00007fd9c3505325 sp=0x00007fd9879fda20 mode 0
Event: 50.965 Thread 0x00007fd970486a30 DEOPT PACKING pc=0x00007fd9c3b870dd sp=0x00007fd9879fe530
Event: 50.965 Thread 0x00007fd970486a30 DEOPT UNPACKING pc=0x00007fd9c3505325 sp=0x00007fd9879fda20 mode 0
Event: 50.967 Thread 0x00007fd970486a30 DEOPT PACKING pc=0x00007fd9c3b870dd sp=0x00007fd9879fe530
Event: 50.967 Thread 0x00007fd970486a30 DEOPT UNPACKING pc=0x00007fd9c3505325 sp=0x00007fd9879fda20 mode 0
Event: 50.969 Thread 0x00007fd970486a30 DEOPT PACKING pc=0x00007fd9c3b870dd sp=0x00007fd9879fe530
Event: 50.969 Thread 0x00007fd970486a30 DEOPT UNPACKING pc=0x00007fd9c3505325 sp=0x00007fd9879fda20 mode 0
Event: 1088.902 Thread 0x00007fd970486a30 Uncommon trap: trap_request=0xffffff8f fr.pc=0x00007fd9cb19cfa5 relative=0x00000000000011e5
Event: 1088.902 Thread 0x00007fd970486a30 Uncommon trap: reason=constraint action=none pc=0x00007fd9cb19cfa5 method=org.eclipse.jdt.internal.core.index.DiskIndex.copyQueryResults(Lorg/eclipse/jdt/internal/compiler/util/HashtableOfObject;I)V @ 123 jvmci
Event: 1088.902 Thread 0x00007fd970486a30 DEOPT PACKING pc=0x00007fd9cb19cfa5 sp=0x00007fd9879fe530
Event: 1088.902 Thread 0x00007fd970486a30 DEOPT UNPACKING pc=0x00007fd9c3505325 sp=0x00007fd9879fda28 mode 3
Event: 1117.391 Thread 0x00007fd970486a30 Uncommon trap: trap_request=0xffffff8f fr.pc=0x00007fd9cb19cfc1 relative=0x0000000000001201
Event: 1117.391 Thread 0x00007fd970486a30 Uncommon trap: reason=constraint action=none pc=0x00007fd9cb19cfc1 method=org.eclipse.jdt.internal.core.index.DiskIndex.copyQueryResults(Lorg/eclipse/jdt/internal/compiler/util/HashtableOfObject;I)V @ 123 jvmci
Event: 1117.391 Thread 0x00007fd970486a30 DEOPT PACKING pc=0x00007fd9cb19cfc1 sp=0x00007fd9879fe530
Event: 1117.391 Thread 0x00007fd970486a30 DEOPT UNPACKING pc=0x00007fd9c3505325 sp=0x00007fd9879fda28 mode 3

Classes unloaded (20 events):
Event: 60.054 Thread 0x00007fd9dc0a1c10 Unloading class 0x0000000800eec000 'jdk/internal/reflect/GeneratedConstructorAccessor8'
Event: 60.054 Thread 0x00007fd9dc0a1c10 Unloading class 0x0000000800d99000 'java/lang/invoke/LambdaForm$MH+0x0000000800d99000'
Event: 60.054 Thread 0x00007fd9dc0a1c10 Unloading class 0x0000000800d98c00 'java/lang/invoke/LambdaForm$MH+0x0000000800d98c00'
Event: 60.054 Thread 0x00007fd9dc0a1c10 Unloading class 0x0000000800d98800 'java/lang/invoke/LambdaForm$MH+0x0000000800d98800'
Event: 60.054 Thread 0x00007fd9dc0a1c10 Unloading class 0x0000000800d98400 'java/lang/invoke/LambdaForm$MH+0x0000000800d98400'
Event: 60.054 Thread 0x00007fd9dc0a1c10 Unloading class 0x0000000800d98000 'jdk/internal/reflect/GeneratedConstructorAccessor3'
Event: 60.054 Thread 0x00007fd9dc0a1c10 Unloading class 0x0000000800d0a800 'java/lang/invoke/LambdaForm$MH+0x0000000800d0a800'
Event: 60.054 Thread 0x00007fd9dc0a1c10 Unloading class 0x0000000800d0a000 'java/lang/invoke/LambdaForm$MH+0x0000000800d0a000'
Event: 60.054 Thread 0x00007fd9dc0a1c10 Unloading class 0x0000000800d09c00 'java/lang/invoke/LambdaForm$MH+0x0000000800d09c00'
Event: 60.054 Thread 0x00007fd9dc0a1c10 Unloading class 0x0000000800d09800 'java/lang/invoke/LambdaForm$MH+0x0000000800d09800'
Event: 60.054 Thread 0x00007fd9dc0a1c10 Unloading class 0x0000000800d09000 'java/lang/invoke/LambdaForm$MH+0x0000000800d09000'
Event: 60.054 Thread 0x00007fd9dc0a1c10 Unloading class 0x0000000800d08c00 'java/lang/invoke/LambdaForm$MH+0x0000000800d08c00'
Event: 60.054 Thread 0x00007fd9dc0a1c10 Unloading class 0x0000000800d08800 'java/lang/invoke/LambdaForm$MH+0x0000000800d08800'
Event: 60.054 Thread 0x00007fd9dc0a1c10 Unloading class 0x0000000800d08000 'java/lang/invoke/LambdaForm$MH+0x0000000800d08000'
Event: 60.054 Thread 0x00007fd9dc0a1c10 Unloading class 0x0000000800c1d000 'jdk/internal/reflect/GeneratedMethodAccessor5'
Event: 60.054 Thread 0x00007fd9dc0a1c10 Unloading class 0x0000000800c1cc00 'jdk/internal/reflect/GeneratedMethodAccessor4'
Event: 60.054 Thread 0x00007fd9dc0a1c10 Unloading class 0x0000000800c1c800 'jdk/internal/reflect/GeneratedMethodAccessor3'
Event: 60.054 Thread 0x00007fd9dc0a1c10 Unloading class 0x0000000800c1c400 'jdk/internal/reflect/GeneratedMethodAccessor2'
Event: 60.054 Thread 0x00007fd9dc0a1c10 Unloading class 0x0000000800c1c000 'jdk/internal/reflect/GeneratedMethodAccessor1'
Event: 60.054 Thread 0x00007fd9dc0a1c10 Unloading class 0x0000000800c01c00 'java/lang/invoke/LambdaForm$DMH+0x0000000800c01c00'

Classes redefined (0 events):
No events

Internal exceptions (20 events):
Event: 24.357 Thread 0x00007fd93c01d2d0 Exception <a 'java/io/FileNotFoundException'{0x00000000f5d7ade0}> (0x00000000f5d7ade0) 
thrown [src/hotspot/share/prims/jni.cpp, line 516]
Event: 24.368 Thread 0x00007fd9dc3acee0 Exception <a 'java/lang/reflect/InvocationTargetException'{0x00000000f6287bb8}> (0x00000000f6287bb8) 
thrown [src/hotspot/share/runtime/reflection.cpp, line 1119]
Event: 24.461 Thread 0x00007fd9dc3acee0 Exception <a 'java/lang/reflect/InvocationTargetException'{0x00000000f650ae08}> (0x00000000f650ae08) 
thrown [src/hotspot/share/runtime/reflection.cpp, line 1119]
Event: 24.560 Thread 0x00007fd9dc3acee0 Exception <a 'java/lang/reflect/InvocationTargetException'{0x00000000f57a0838}> (0x00000000f57a0838) 
thrown [src/hotspot/share/runtime/reflection.cpp, line 1119]
Event: 24.573 Thread 0x00007fd9dc3acee0 Exception <a 'java/lang/reflect/InvocationTargetException'{0x00000000f5974ac0}> (0x00000000f5974ac0) 
thrown [src/hotspot/share/runtime/reflection.cpp, line 1119]
Event: 24.580 Thread 0x00007fd9dc3acee0 Exception <a 'java/lang/reflect/InvocationTargetException'{0x00000000f5ace988}> (0x00000000f5ace988) 
thrown [src/hotspot/share/runtime/reflection.cpp, line 1119]
Event: 24.656 Thread 0x00007fd9dc3acee0 Exception <a 'java/lang/reflect/InvocationTargetException'{0x00000000f5d848f0}> (0x00000000f5d848f0) 
thrown [src/hotspot/share/runtime/reflection.cpp, line 1119]
Event: 24.669 Thread 0x00007fd9dc3acee0 Exception <a 'java/lang/reflect/InvocationTargetException'{0x00000000f60dd3a0}> (0x00000000f60dd3a0) 
thrown [src/hotspot/share/runtime/reflection.cpp, line 1119]
Event: 24.678 Thread 0x00007fd9dc3acee0 Exception <a 'java/lang/reflect/InvocationTargetException'{0x00000000f6334380}> (0x00000000f6334380) 
thrown [src/hotspot/share/runtime/reflection.cpp, line 1119]
Event: 24.790 Thread 0x00007fd9dc3acee0 Exception <a 'java/lang/reflect/InvocationTargetException'{0x00000000f5656678}> (0x00000000f5656678) 
thrown [src/hotspot/share/runtime/reflection.cpp, line 1119]
Event: 24.873 Thread 0x00007fd9dc3acee0 Exception <a 'java/lang/reflect/InvocationTargetException'{0x00000000f59f9bb0}> (0x00000000f59f9bb0) 
thrown [src/hotspot/share/runtime/reflection.cpp, line 1119]
Event: 24.971 Thread 0x00007fd9dc3acee0 Exception <a 'java/lang/reflect/InvocationTargetException'{0x00000000f5d7c638}> (0x00000000f5d7c638) 
thrown [src/hotspot/share/runtime/reflection.cpp, line 1119]
Event: 25.063 Thread 0x00007fd9dc3acee0 Exception <a 'java/lang/reflect/InvocationTargetException'{0x00000000f61217d8}> (0x00000000f61217d8) 
thrown [src/hotspot/share/runtime/reflection.cpp, line 1119]
Event: 25.356 Thread 0x00007fd93c01d2d0 Implicit null exception at 0x00007fd9cb0119ca to 0x00007fd9cb01284f
Event: 34.681 Thread 0x00007fd970486a30 Implicit null exception at 0x00007fd9cb10d146 to 0x00007fd9cb110d73
Event: 1088.902 Thread 0x00007fd970486a30 Exception <a 'java/lang/OutOfMemoryError'{0x00000000e0004ce0}> (0x00000000e0004ce0) 
thrown [src/hotspot/share/gc/shared/memAllocator.cpp, line 138]
Event: 1088.902 Thread 0x00007fd970486a30 Implicit null exception at 0x00007fd9cb19ca0e to 0x00007fd9cb19cf8a
Event: 1117.391 Thread 0x00007fd970486a30 Exception <a 'java/lang/OutOfMemoryError'{0x00000000e0004740}> (0x00000000e0004740) 
thrown [src/hotspot/share/gc/shared/memAllocator.cpp, line 138]
Event: 1117.391 Thread 0x00007fd970486a30 Implicit null exception at 0x00007fd9cb19ca42 to 0x00007fd9cb19cfa6
Event: 1132.456 Thread 0x00007fd9dc0b2540 Exception <a 'java/lang/OutOfMemoryError'{0x00000000e00044c0}> (0x00000000e00044c0) 
thrown [src/hotspot/share/gc/shared/memAllocator.cpp, line 136]

VM Operations (20 events):
Event: 1117.391 Executing VM operation: ParallelGCFailedAllocation
Event: 1118.909 Executing VM operation: ParallelGCFailedAllocation done
Event: 1118.909 Executing VM operation: ParallelGCFailedAllocation
Event: 1120.358 Executing VM operation: ParallelGCFailedAllocation done
Event: 1120.358 Executing VM operation: ParallelGCFailedAllocation
Event: 1121.564 Executing VM operation: ParallelGCFailedAllocation done
Event: 1121.564 Executing VM operation: ParallelGCFailedAllocation
Event: 1122.756 Executing VM operation: ParallelGCFailedAllocation done
Event: 1122.757 Executing VM operation: ParallelGCFailedAllocation
Event: 1124.260 Executing VM operation: ParallelGCFailedAllocation done
Event: 1124.261 Executing VM operation: ParallelGCFailedAllocation
Event: 1125.754 Executing VM operation: ParallelGCFailedAllocation done
Event: 1125.754 Executing VM operation: ParallelGCFailedAllocation
Event: 1127.088 Executing VM operation: ParallelGCFailedAllocation done
Event: 1127.089 Executing VM operation: ParallelGCFailedAllocation
Event: 1128.361 Executing VM operation: ParallelGCFailedAllocation done
Event: 1128.361 Executing VM operation: ParallelGCFailedAllocation
Event: 1129.704 Executing VM operation: ParallelGCFailedAllocation done
Event: 1129.704 Executing VM operation: ParallelGCFailedAllocation
Event: 1132.456 Executing VM operation: ParallelGCFailedAllocation done

Events (20 events):
Event: 25.579 loading class javax/crypto/ShortBufferException done
Event: 25.580 loading class java/net/SocketException
Event: 25.580 loading class java/net/SocketException done
Event: 25.580 Thread 0x00007fd9440df9f0 Thread exited: 0x00007fd9440df9f0
Event: 26.028 loading class java/util/concurrent/CompletableFuture$UniApply
Event: 26.028 loading class java/util/concurrent/CompletableFuture$UniApply done
Event: 26.028 Thread 0x00007fd948082860 Thread added: 0x00007fd948082860
Event: 26.028 loading class java/util/concurrent/CompletableFuture$UniAccept
Event: 26.028 loading class java/util/concurrent/CompletableFuture$UniAccept done
Event: 26.029 loading class java/util/concurrent/CompletableFuture$UniExceptionally
Event: 26.029 loading class java/util/concurrent/CompletableFuture$UniExceptionally done
Event: 26.029 Protecting memory [0x00007fd988100000,0x00007fd988104000] with protection modes 0
Event: 26.032 Thread 0x00007fd948082860 Thread exited: 0x00007fd948082860
Event: 42.300 Thread 0x00007fd9dc0b4ab0 flushing nmethod 0x00007fd9cb0e9890
Event: 42.360 Thread 0x00007fd9dc0b4ab0 flushing nmethod 0x00007fd9c436f510
Event: 42.379 Thread 0x00007fd9dc0b4ab0 flushing nmethod 0x00007fd9c45bd310
Event: 62.587 Thread 0x00007fd9dc2273a0 Thread exited: 0x00007fd9dc2273a0
Event: 89.453 Thread 0x00007fd944001130 Thread exited: 0x00007fd944001130
Event: 89.453 Thread 0x00007fd97030a8e0 Thread exited: 0x00007fd97030a8e0
Event: 92.323 Thread 0x00007fd93c000ff0 Thread exited: 0x00007fd93c000ff0


Dynamic libraries:
e0000000-f5580000 rw-p 00000000 00:00 0 
f5580000-f9380000 rw-p 00000000 00:00 0 
f9380000-100000000 ---p 00000000 00:00 0 
800000000-800449000 rw-p 00001000 00:14ce 9223372037562745673            /nix/store/gpxl5qgg8kicmcvivwmybwjlpf7wh20l-graalvm17-ce-22.3.0/lib/server/classes.jsa
800449000-800bc8000 r--p 0044a000 00:14ce 9223372037562745673            /nix/store/gpxl5qgg8kicmcvivwmybwjlpf7wh20l-graalvm17-ce-22.3.0/lib/server/classes.jsa
800bc8000-800c00000 ---p 00000000 00:00 0 
800c00000-800c20000 rw-p 00000000 00:00 0 
800c20000-800c40000 rw-p 00000000 00:00 0 
800c40000-800cc0000 rw-p 00000000 00:00 0 
800cc0000-800d00000 rw-p 00000000 00:00 0 
800d00000-800dc0000 rw-p 00000000 00:00 0 
800dc0000-800e00000 rw-p 00000000 00:00 0 
800e00000-800f40000 rw-p 00000000 00:00 0 
800f40000-800fc0000 rw-p 00000000 00:00 0 
800fc0000-800ff0000 rw-p 00000000 00:00 0 
800ff0000-801000000 ---p 00000000 00:00 0 
801000000-8010c0000 rw-p 00000000 00:00 0 
8010c0000-840c00000 ---p 00000000 00:00 0 
55588d0a3000-55588d0a4000 r-xp 00000000 00:14ce 9223372037526805748      /nix/store/gpxl5qgg8kicmcvivwmybwjlpf7wh20l-graalvm17-ce-22.3.0/bin/.java-wrapped
55588d0a5000-55588d0a6000 r--p 00001000 00:14ce 9223372037526805748      /nix/store/gpxl5qgg8kicmcvivwmybwjlpf7wh20l-graalvm17-ce-22.3.0/bin/.java-wrapped
55588d0a6000-55588d0a7000 rw-p 00002000 00:14ce 9223372037526805748      /nix/store/gpxl5qgg8kicmcvivwmybwjlpf7wh20l-graalvm17-ce-22.3.0/bin/.java-wrapped
55588d0a7000-55588d0a8000 rw-p 00004000 00:14ce 9223372037526805748      /nix/store/gpxl5qgg8kicmcvivwmybwjlpf7wh20l-graalvm17-ce-22.3.0/bin/.java-wrapped
55588d0a8000-55588d0a9000 rw-p 00005000 00:14ce 9223372037526805748      /nix/store/gpxl5qgg8kicmcvivwmybwjlpf7wh20l-graalvm17-ce-22.3.0/bin/.java-wrapped
55588e637000-55588e67f000 rw-p 00000000 00:00 0                          [heap]
7fd924000000-7fd924021000 rw-p 00000000 00:00 0 
7fd924021000-7fd928000000 ---p 00000000 00:00 0 
7fd92c000000-7fd92c0c2000 rw-p 00000000 00:00 0 
7fd92c0c2000-7fd930000000 ---p 00000000 00:00 0 
7fd9324b3000-7fd93c000000 r--s 00000000 00:14ce 9223372037562580485      /nix/store/gpxl5qgg8kicmcvivwmybwjlpf7wh20l-graalvm17-ce-22.3.0/lib/modules
7fd93c000000-7fd93c026000 rw-p 00000000 00:00 0 
7fd93c026000-7fd940000000 ---p 00000000 00:00 0 
7fd940000000-7fd9400f5000 rw-p 00000000 00:00 0 
7fd9400f5000-7fd944000000 ---p 00000000 00:00 0 
7fd944000000-7fd9440f4000 rw-p 00000000 00:00 0 
7fd9440f4000-7fd948000000 ---p 00000000 00:00 0 
7fd948000000-7fd948097000 rw-p 00000000 00:00 0 
7fd948097000-7fd94c000000 ---p 00000000 00:00 0 
7fd94c000000-7fd94c021000 rw-p 00000000 00:00 0 
7fd94c021000-7fd950000000 ---p 00000000 00:00 0 
7fd950000000-7fd950021000 rw-p 00000000 00:00 0 
7fd950021000-7fd954000000 ---p 00000000 00:00 0 
7fd954000000-7fd9542ee000 rw-p 00000000 00:00 0 
7fd9542ee000-7fd958000000 ---p 00000000 00:00 0 
7fd958000000-7fd958073000 rw-p 00000000 00:00 0 
7fd958073000-7fd95c000000 ---p 00000000 00:00 0 
7fd95c000000-7fd95c021000 rw-p 00000000 00:00 0 
7fd95c021000-7fd960000000 ---p 00000000 00:00 0 
7fd960000000-7fd960054000 rw-p 00000000 00:00 0 
7fd960054000-7fd964000000 ---p 00000000 00:00 0 
7fd964000000-7fd964021000 rw-p 00000000 00:00 0 
7fd964021000-7fd968000000 ---p 00000000 00:00 0 
7fd968000000-7fd968021000 rw-p 00000000 00:00 0 
7fd968021000-7fd96c000000 ---p 00000000 00:00 0 
7fd96e000000-7fd96e100000 rw-p 00000000 00:00 0 
7fd96e100000-7fd96e200000 rw-p 00000000 00:00 0 
7fd96e200000-7fd96e6b0000 rw-p 00000000 00:00 0 
7fd96e6b0000-7fd96e800000 ---p 00000000 00:00 0 
7fd96e800000-7fd96e880000 rw-p 00000000 00:00 0 
7fd96e880000-7fd96e900000 rw-p 00000000 00:00 0 
7fd96e900000-7fd96eb00000 rw-p 00000000 00:00 0 
7fd96eb00000-7fd96ed00000 rw-p 00000000 00:00 0 
7fd96ed00000-7fd96f000000 rw-p 00000000 00:00 0 
7fd96f000000-7fd96f100000 rw-p 00000000 00:00 0 
7fd96f100000-7fd96f200000 rw-p 00000000 00:00 0 
7fd96f200000-7fd96f780000 rw-p 00000000 00:00 0 
7fd96f780000-7fd96f800000 rw-p 00000000 00:00 0 
7fd96f800000-7fd96f900000 rw-p 00000000 00:00 0 
7fd96f900000-7fd96fa00000 rw-p 00000000 00:00 0 
7fd96fa00000-7fd96fd00000 rw-p 00000000 00:00 0 
7fd96fd00000-7fd96fe00000 rw-p 00000000 00:00 0 
7fd96fe00000-7fd970000000 rw-p 00000000 00:00 0 
7fd970000000-7fd9708b9000 rw-p 00000000 00:00 0 
7fd9708b9000-7fd974000000 ---p 00000000 00:00 0 
7fd974000000-7fd974026000 rw-p 00000000 00:00 0 
7fd974026000-7fd978000000 ---p 00000000 00:00 0 
7fd978000000-7fd978021000 rw-p 00000000 00:00 0 
7fd978021000-7fd97c000000 ---p 00000000 00:00 0 
7fd97c000000-7fd97c021000 rw-p 00000000 00:00 0 
7fd97c021000-7fd980000000 ---p 00000000 00:00 0 
7fd980000000-7fd980021000 rw-p 00000000 00:00 0 
7fd980021000-7fd984000000 ---p 00000000 00:00 0 
7fd984200000-7fd984210000 r-xp 00000000 00:21f 353                       /home/runner/.cache/jdt-language-server/config/org.eclipse.equinox.launcher/org.eclipse.equinox.launcher.gtk.linux.x86_64_1.2.400.v20211117-0650/eclipse_11600.so
7fd984210000-7fd98440f000 ---p 00010000 00:21f 353                       /home/runner/.cache/jdt-language-server/config/org.eclipse.equinox.launcher/org.eclipse.equinox.launcher.gtk.linux.x86_64_1.2.400.v20211117-0650/eclipse_11600.so
7fd98440f000-7fd984410000 r--p 0000f000 00:21f 353                       /home/runner/.cache/jdt-language-server/config/org.eclipse.equinox.launcher/org.eclipse.equinox.launcher.gtk.linux.x86_64_1.2.400.v20211117-0650/eclipse_11600.so
7fd984410000-7fd984411000 rw-p 00010000 00:21f 353                       /home/runner/.cache/jdt-language-server/config/org.eclipse.equinox.launcher/org.eclipse.equinox.launcher.gtk.linux.x86_64_1.2.400.v20211117-0650/eclipse_11600.so
7fd985700000-7fd985800000 ---p 00000000 00:00 0 
7fd985800000-7fd985daf000 r--p 01122000 00:14ce 9223372037562577944      /nix/store/gpxl5qgg8kicmcvivwmybwjlpf7wh20l-graalvm17-ce-22.3.0/lib/libjvmcicompiler.so
7fd985daf000-7fd985f00000 r--p 00000000 00:00 0 
7fd985f00000-7fd985f3d000 rw-p 00000000 00:00 0 
7fd985f3d000-7fd98645d000 rw-p 0185f000 00:14ce 9223372037562577944      /nix/store/gpxl5qgg8kicmcvivwmybwjlpf7wh20l-graalvm17-ce-22.3.0/lib/libjvmcicompiler.so
7fd98645d000-7fd986844000 r--p 01d7f000 00:14ce 9223372037562577944      /nix/store/gpxl5qgg8kicmcvivwmybwjlpf7wh20l-graalvm17-ce-22.3.0/lib/libjvmcicompiler.so
7fd986900000-7fd986904000 ---p 00000000 00:00 0 
7fd986904000-7fd986a00000 rw-p 00000000 00:00 0 
7fd986b00000-7fd986b04000 ---p 00000000 00:00 0 
7fd986b04000-7fd986c00000 rw-p 00000000 00:00 0 
7fd986d00000-7fd986d04000 ---p 00000000 00:00 0 
7fd986d04000-7fd986e00000 rw-p 00000000 00:00 0 
7fd986f00000-7fd986f04000 ---p 00000000 00:00 0 
7fd986f04000-7fd987000000 rw-p 00000000 00:00 0 
7fd987100000-7fd987104000 ---p 00000000 00:00 0 
7fd987104000-7fd987200000 rw-p 00000000 00:00 0 
7fd987300000-7fd987304000 ---p 00000000 00:00 0 
7fd987304000-7fd987400000 rw-p 00000000 00:00 0 
7fd987500000-7fd987504000 ---p 00000000 00:00 0 
7fd987504000-7fd987600000 rw-p 00000000 00:00 0 
7fd987700000-7fd987704000 ---p 00000000 00:00 0 
7fd987704000-7fd987800000 rw-p 00000000 00:00 0 
7fd987900000-7fd987904000 ---p 00000000 00:00 0 
7fd987904000-7fd987a00000 rw-p 00000000 00:00 0 
7fd987b00000-7fd987b04000 ---p 00000000 00:00 0 
7fd987b04000-7fd987c00000 rw-p 00000000 00:00 0 
7fd987d00000-7fd987d04000 ---p 00000000 00:00 0 
7fd987d04000-7fd987e00000 rw-p 00000000 00:00 0 
7fd987f00000-7fd987f04000 ---p 00000000 00:00 0 
7fd987f04000-7fd988000000 rw-p 00000000 00:00 0 
7fd988100000-7fd988104000 ---p 00000000 00:00 0 
7fd988104000-7fd988200000 rw-p 00000000 00:00 0 
7fd988300000-7fd988304000 ---p 00000000 00:00 0 
7fd988304000-7fd988400000 rw-p 00000000 00:00 0 
7fd988400000-7fd988404000 ---p 00000000 00:00 0 
7fd988404000-7fd988500000 rw-p 00000000 00:00 0 
7fd988500000-7fd988504000 ---p 00000000 00:00 0 
7fd988504000-7fd988600000 rw-p 00000000 00:00 0 
7fd988700000-7fd988704000 ---p 00000000 00:00 0 
7fd988704000-7fd988800000 rw-p 00000000 00:00 0 
7fd988900000-7fd988904000 ---p 00000000 00:00 0 
7fd988904000-7fd988a00000 rw-p 00000000 00:00 0 
7fd989668000-7fd989b00000 rw-p 00000000 00:00 0 
7fd989c00000-7fd98bd6a000 r-xp 00000000 00:14ce 9223372037562577944      /nix/store/gpxl5qgg8kicmcvivwmybwjlpf7wh20l-graalvm17-ce-22.3.0/lib/libjvmcicompiler.so
7fd98bd6a000-7fd98bf69000 ---p 0216a000 00:14ce 9223372037562577944      /nix/store/gpxl5qgg8kicmcvivwmybwjlpf7wh20l-graalvm17-ce-22.3.0/lib/libjvmcicompiler.so
7fd98bf69000-7fd98bf6a000 r--p 02169000 00:14ce 9223372037562577944      /nix/store/gpxl5qgg8kicmcvivwmybwjlpf7wh20l-graalvm17-ce-22.3.0/lib/libjvmcicompiler.so
7fd98bf6a000-7fd98bf6c000 rw-p 0216a000 00:14ce 9223372037562577944      /nix/store/gpxl5qgg8kicmcvivwmybwjlpf7wh20l-graalvm17-ce-22.3.0/lib/libjvmcicompiler.so
7fd98bf6c000-7fd98bf6d000 rw-p 00000000 00:00 0 
7fd98bf6d000-7fd98bf72000 rw-p 023c3000 00:14ce 9223372037562577944      /nix/store/gpxl5qgg8kicmcvivwmybwjlpf7wh20l-graalvm17-ce-22.3.0/lib/libjvmcicompiler.so
7fd98bfc3000-7fd98bfc7000 ---p 00000000 00:00 0 
7fd98bfc7000-7fd98bfe5000 rw-p 00000000 00:00 0 
7fd98bfe5000-7fd98bffa000 r-xp 00000000 00:14ce 9223372037562580474      /nix/store/gpxl5qgg8kicmcvivwmybwjlpf7wh20l-graalvm17-ce-22.3.0/lib/libnet.so
7fd98bffa000-7fd98bffb000 ---p 00015000 00:14ce 9223372037562580474      /nix/store/gpxl5qgg8kicmcvivwmybwjlpf7wh20l-graalvm17-ce-22.3.0/lib/libnet.so
7fd98bffb000-7fd98bffc000 r--p 00015000 00:14ce 9223372037562580474      /nix/store/gpxl5qgg8kicmcvivwmybwjlpf7wh20l-graalvm17-ce-22.3.0/lib/libnet.so
7fd98bffc000-7fd98bffd000 rw-p 00016000 00:14ce 9223372037562580474      /nix/store/gpxl5qgg8kicmcvivwmybwjlpf7wh20l-graalvm17-ce-22.3.0/lib/libnet.so
7fd98bffd000-7fd98c000000 rw-p 0001b000 00:14ce 9223372037562580474      /nix/store/gpxl5qgg8kicmcvivwmybwjlpf7wh20l-graalvm17-ce-22.3.0/lib/libnet.so
7fd98c000000-7fd98c021000 rw-p 00000000 00:00 0 
7fd98c021000-7fd990000000 ---p 00000000 00:00 0 
7fd990000000-7fd990021000 rw-p 00000000 00:00 0 
7fd990021000-7fd994000000 ---p 00000000 00:00 0 
7fd994000000-7fd994021000 rw-p 00000000 00:00 0 
7fd994021000-7fd998000000 ---p 00000000 00:00 0 
7fd998000000-7fd998021000 rw-p 00000000 00:00 0 
7fd998021000-7fd99c000000 ---p 00000000 00:00 0 
7fd99c000000-7fd99c0cc000 rw-p 00000000 00:00 0 
7fd99c0cc000-7fd9a0000000 ---p 00000000 00:00 0 
7fd9a0000000-7fd9a079d000 rw-p 00000000 00:00 0 
7fd9a079d000-7fd9a4000000 ---p 00000000 00:00 0 
7fd9a4000000-7fd9a4021000 rw-p 00000000 00:00 0 
7fd9a4021000-7fd9a8000000 ---p 00000000 00:00 0 
7fd9a8000000-7fd9a8021000 rw-p 00000000 00:00 0 
7fd9a8021000-7fd9ac000000 ---p 00000000 00:00 0 
7fd9ac000000-7fd9ac021000 rw-p 00000000 00:00 0 
7fd9ac021000-7fd9b0000000 ---p 00000000 00:00 0 
7fd9b0000000-7fd9b0021000 rw-p 00000000 00:00 0 
7fd9b0021000-7fd9b4000000 ---p 00000000 00:00 0 
7fd9b4000000-7fd9b4021000 rw-p 00000000 00:00 0 
7fd9b4021000-7fd9b8000000 ---p 00000000 00:00 0 
7fd9b8000000-7fd9b8021000 rw-p 00000000 00:00 0 
7fd9b8021000-7fd9bc000000 ---p 00000000 00:00 0 
7fd9bc000000-7fd9bc02d000 rw-p 00000000 00:00 0 
7fd9bc02d000-7fd9c0000000 ---p 00000000 00:00 0 
7fd9c0018000-7fd9c0019000 ---p 00000000 00:00 0 
7fd9c0019000-7fd9c011a000 rw-p 00000000 00:00 0 
7fd9c011a000-7fd9c011e000 ---p 00000000 00:00 0 
7fd9c011e000-7fd9c021a000 rw-p 00000000 00:00 0 
7fd9c021a000-7fd9c021e000 ---p 00000000 00:00 0 
7fd9c021e000-7fd9c031a000 rw-p 00000000 00:00 0 
7fd9c031a000-7fd9c031e000 ---p 00000000 00:00 0 
7fd9c031e000-7fd9c041a000 rw-p 00000000 00:00 0 
7fd9c041a000-7fd9c041e000 ---p 00000000 00:00 0 
7fd9c041e000-7fd9c061a000 rw-p 00000000 00:00 0 
7fd9c061a000-7fd9c061e000 ---p 00000000 00:00 0 
7fd9c061e000-7fd9c081a000 rw-p 00000000 00:00 0 
7fd9c081a000-7fd9c081e000 ---p 00000000 00:00 0 
7fd9c081e000-7fd9c091a000 rw-p 00000000 00:00 0 
7fd9c091a000-7fd9c091e000 ---p 00000000 00:00 0 
7fd9c091e000-7fd9c0a1a000 rw-p 00000000 00:00 0 
7fd9c0a1a000-7fd9c0a1e000 ---p 00000000 00:00 0 
7fd9c0a1e000-7fd9c0b1a000 rw-p 00000000 00:00 0 
7fd9c0b1a000-7fd9c0e00000 r--p 00000000 00:1495 28444448                 /usr/lib/locale/locale-archive
7fd9c0e00000-7fd9c0e04000 ---p 00000000 00:00 0 
7fd9c0e04000-7fd9c0f00000 rw-p 00000000 00:00 0 
7fd9c0f00000-7fd9c0f04000 ---p 00000000 00:00 0 
7fd9c0f04000-7fd9c1400000 rw-p 00000000 00:00 0 
7fd9c1400000-7fd9c1700000 rw-p 00000000 00:00 0 
7fd9c1700000-7fd9c1800000 rw-p 00000000 00:00 0 
7fd9c1810000-7fd9c1811000 ---p 00000000 00:00 0 
7fd9c1811000-7fd9c1912000 rw-p 00000000 00:00 0 
7fd9c1912000-7fd9c19e0000 r-xp 00000000 00:14ce 9223372037562577940      /nix/store/gpxl5qgg8kicmcvivwmybwjlpf7wh20l-graalvm17-ce-22.3.0/lib/libjsvml.so
7fd9c19e0000-7fd9c19e1000 r--p 000cd000 00:14ce 9223372037562577940      /nix/store/gpxl5qgg8kicmcvivwmybwjlpf7wh20l-graalvm17-ce-22.3.0/lib/libjsvml.so
7fd9c19e1000-7fd9c19e2000 rw-p 000ce000 00:14ce 9223372037562577940      /nix/store/gpxl5qgg8kicmcvivwmybwjlpf7wh20l-graalvm17-ce-22.3.0/lib/libjsvml.so
7fd9c19e2000-7fd9c32b0000 rw-p 00000000 00:00 0 
7fd9c32b0000-7fd9c32b1000 ---p 00000000 00:00 0 
7fd9c32b1000-7fd9c345c000 rw-p 00000000 00:00 0 
7fd9c345c000-7fd9c347c000 rw-p 00000000 00:00 0 
7fd9c347c000-7fd9c34b2000 ---p 00000000 00:00 0 
7fd9c34b2000-7fd9c34b3000 rw-p 00000000 00:00 0 
7fd9c34b3000-7fd9c3723000 rwxp 00000000 00:00 0 
7fd9c3723000-7fd9c3a42000 ---p 00000000 00:00 0 
7fd9c3a42000-7fd9c4602000 rwxp 00000000 00:00 0 
7fd9c4602000-7fd9caf7a000 ---p 00000000 00:00 0 
7fd9caf7a000-7fd9cb1ea000 rwxp 00000000 00:00 0 
7fd9cb1ea000-7fd9d24b3000 ---p 00000000 00:00 0 
7fd9d24b3000-7fd9dc000000 r--s 00000000 00:14ce 9223372037562580485      /nix/store/gpxl5qgg8kicmcvivwmybwjlpf7wh20l-graalvm17-ce-22.3.0/lib/modules
7fd9dc000000-7fd9dc633000 rw-p 00000000 00:00 0 
7fd9dc633000-7fd9e0000000 ---p 00000000 00:00 0 
7fd9e0008000-7fd9e000a000 r-xp 00000000 00:14ce 9223372037562577921      /nix/store/gpxl5qgg8kicmcvivwmybwjlpf7wh20l-graalvm17-ce-22.3.0/lib/libextnet.so
7fd9e000a000-7fd9e000b000 r--p 00001000 00:14ce 9223372037562577921      /nix/store/gpxl5qgg8kicmcvivwmybwjlpf7wh20l-graalvm17-ce-22.3.0/lib/libextnet.so
7fd9e000b000-7fd9e000c000 rw-p 00002000 00:14ce 9223372037562577921      /nix/store/gpxl5qgg8kicmcvivwmybwjlpf7wh20l-graalvm17-ce-22.3.0/lib/libextnet.so
7fd9e000c000-7fd9e000d000 rw-p 00004000 00:14ce 9223372037562577921      /nix/store/gpxl5qgg8kicmcvivwmybwjlpf7wh20l-graalvm17-ce-22.3.0/lib/libextnet.so
7fd9e000d000-7fd9e0014000 r-xp 00000000 00:14ce 9223372037562580484      /nix/store/gpxl5qgg8kicmcvivwmybwjlpf7wh20l-graalvm17-ce-22.3.0/lib/libzip.so
7fd9e0014000-7fd9e0015000 ---p 00007000 00:14ce 9223372037562580484      /nix/store/gpxl5qgg8kicmcvivwmybwjlpf7wh20l-graalvm17-ce-22.3.0/lib/libzip.so
7fd9e0015000-7fd9e0016000 r--p 00007000 00:14ce 9223372037562580484      /nix/store/gpxl5qgg8kicmcvivwmybwjlpf7wh20l-graalvm17-ce-22.3.0/lib/libzip.so
7fd9e0016000-7fd9e0017000 rw-p 00008000 00:14ce 9223372037562580484      /nix/store/gpxl5qgg8kicmcvivwmybwjlpf7wh20l-graalvm17-ce-22.3.0/lib/libzip.so
7fd9e0017000-7fd9e0019000 rw-p 0000b000 00:14ce 9223372037562580484      /nix/store/gpxl5qgg8kicmcvivwmybwjlpf7wh20l-graalvm17-ce-22.3.0/lib/libzip.so
7fd9e0019000-7fd9e002c000 r-xp 00000000 00:14ce 9223372037562580475      /nix/store/gpxl5qgg8kicmcvivwmybwjlpf7wh20l-graalvm17-ce-22.3.0/lib/libnio.so
7fd9e002c000-7fd9e002d000 r--p 00012000 00:14ce 9223372037562580475      /nix/store/gpxl5qgg8kicmcvivwmybwjlpf7wh20l-graalvm17-ce-22.3.0/lib/libnio.so
7fd9e002d000-7fd9e002e000 rw-p 00013000 00:14ce 9223372037562580475      /nix/store/gpxl5qgg8kicmcvivwmybwjlpf7wh20l-graalvm17-ce-22.3.0/lib/libnio.so
7fd9e002e000-7fd9e0033000 rw-p 00019000 00:14ce 9223372037562580475      /nix/store/gpxl5qgg8kicmcvivwmybwjlpf7wh20l-graalvm17-ce-22.3.0/lib/libnio.so
7fd9e0033000-7fd9e0042000 rw-p 00000000 00:00 0 
7fd9e0042000-7fd9e0128000 ---p 00000000 00:00 0 
7fd9e0128000-7fd9e0140000 rw-p 00000000 00:00 0 
7fd9e0140000-7fd9e0213000 ---p 00000000 00:00 0 
7fd9e0213000-7fd9e0218000 rw-p 00000000 00:00 0 
7fd9e0218000-7fd9e021f000 ---p 00000000 00:00 0 
7fd9e021f000-7fd9e0243000 r-xp 00000000 00:14ce 9223372037562577932      /nix/store/gpxl5qgg8kicmcvivwmybwjlpf7wh20l-graalvm17-ce-22.3.0/lib/libjava.so
7fd9e0243000-7fd9e0244000 ---p 00024000 00:14ce 9223372037562577932      /nix/store/gpxl5qgg8kicmcvivwmybwjlpf7wh20l-graalvm17-ce-22.3.0/lib/libjava.so
7fd9e0244000-7fd9e0245000 r--p 00024000 00:14ce 9223372037562577932      /nix/store/gpxl5qgg8kicmcvivwmybwjlpf7wh20l-graalvm17-ce-22.3.0/lib/libjava.so
7fd9e0245000-7fd9e0246000 rw-p 00025000 00:14ce 9223372037562577932      /nix/store/gpxl5qgg8kicmcvivwmybwjlpf7wh20l-graalvm17-ce-22.3.0/lib/libjava.so
7fd9e0246000-7fd9e0247000 rw-p 00000000 00:00 0 
7fd9e0247000-7fd9e024e000 rw-p 0002f000 00:14ce 9223372037562577932      /nix/store/gpxl5qgg8kicmcvivwmybwjlpf7wh20l-graalvm17-ce-22.3.0/lib/libjava.so
7fd9e024e000-7fd9e0256000 rw-s 00000000 00:c9c 350                       /tmp/hsperfdata_runner/24
7fd9e0256000-7fd9e0257000 ---p 00000000 00:00 0 
7fd9e0257000-7fd9e0258000 r--p 00000000 00:00 0 
7fd9e0258000-7fd9e0259000 rwxp 00000000 00:00 0 
7fd9e0259000-7fd9e0274000 r-xp 00000000 00:14ce 9223372037562577936      /nix/store/gpxl5qgg8kicmcvivwmybwjlpf7wh20l-graalvm17-ce-22.3.0/lib/libjimage.so
7fd9e0274000-7fd9e0275000 ---p 0001b000 00:14ce 9223372037562577936      /nix/store/gpxl5qgg8kicmcvivwmybwjlpf7wh20l-graalvm17-ce-22.3.0/lib/libjimage.so
7fd9e0275000-7fd9e0277000 r--p 0001b000 00:14ce 9223372037562577936      /nix/store/gpxl5qgg8kicmcvivwmybwjlpf7wh20l-graalvm17-ce-22.3.0/lib/libjimage.so
7fd9e0277000-7fd9e0278000 rw-p 0001d000 00:14ce 9223372037562577936      /nix/store/gpxl5qgg8kicmcvivwmybwjlpf7wh20l-graalvm17-ce-22.3.0/lib/libjimage.so
7fd9e0278000-7fd9e0279000 rw-p 00024000 00:14ce 9223372037562577936      /nix/store/gpxl5qgg8kicmcvivwmybwjlpf7wh20l-graalvm17-ce-22.3.0/lib/libjimage.so
7fd9e0279000-7fd9e027d000 ---p 00000000 00:00 0 
7fd9e027d000-7fd9e0379000 rw-p 00000000 00:00 0 
7fd9e0379000-7fd9e0387000 r--p 00000000 00:14ce 9223372037455367831      /nix/store/4nlgxhb09sdr51nc9hdm8az5b08vzkgx-glibc-2.35-163/lib/libm.so.6
7fd9e0387000-7fd9e03fa000 r-xp 0000e000 00:14ce 9223372037455367831      /nix/store/4nlgxhb09sdr51nc9hdm8az5b08vzkgx-glibc-2.35-163/lib/libm.so.6
7fd9e03fa000-7fd9e0457000 r--p 00081000 00:14ce 9223372037455367831      /nix/store/4nlgxhb09sdr51nc9hdm8az5b08vzkgx-glibc-2.35-163/lib/libm.so.6
7fd9e0457000-7fd9e0458000 r--p 000dd000 00:14ce 9223372037455367831      /nix/store/4nlgxhb09sdr51nc9hdm8az5b08vzkgx-glibc-2.35-163/lib/libm.so.6
7fd9e0458000-7fd9e0459000 rw-p 000de000 00:14ce 9223372037455367831      /nix/store/4nlgxhb09sdr51nc9hdm8az5b08vzkgx-glibc-2.35-163/lib/libm.so.6
7fd9e0459000-7fd9e045a000 r--p 00000000 00:14ce 9223372037455367850      /nix/store/4nlgxhb09sdr51nc9hdm8az5b08vzkgx-glibc-2.35-163/lib/librt.so.1
7fd9e045a000-7fd9e045b000 r-xp 00001000 00:14ce 9223372037455367850      /nix/store/4nlgxhb09sdr51nc9hdm8az5b08vzkgx-glibc-2.35-163/lib/librt.so.1
7fd9e045b000-7fd9e045c000 r--p 00002000 00:14ce 9223372037455367850      /nix/store/4nlgxhb09sdr51nc9hdm8az5b08vzkgx-glibc-2.35-163/lib/librt.so.1
7fd9e045c000-7fd9e045d000 r--p 00002000 00:14ce 9223372037455367850      /nix/store/4nlgxhb09sdr51nc9hdm8az5b08vzkgx-glibc-2.35-163/lib/librt.so.1
7fd9e045d000-7fd9e045e000 rw-p 00003000 00:14ce 9223372037455367850      /nix/store/4nlgxhb09sdr51nc9hdm8az5b08vzkgx-glibc-2.35-163/lib/librt.so.1
7fd9e045e000-7fd9e1571000 r-xp 00000000 00:14ce 9223372037562748770      /nix/store/gpxl5qgg8kicmcvivwmybwjlpf7wh20l-graalvm17-ce-22.3.0/lib/server/libjvm.so
7fd9e1571000-7fd9e1572000 ---p 01113000 00:14ce 9223372037562748770      /nix/store/gpxl5qgg8kicmcvivwmybwjlpf7wh20l-graalvm17-ce-22.3.0/lib/server/libjvm.so
7fd9e1572000-7fd9e1627000 r--p 01113000 00:14ce 9223372037562748770      /nix/store/gpxl5qgg8kicmcvivwmybwjlpf7wh20l-graalvm17-ce-22.3.0/lib/server/libjvm.so
7fd9e1627000-7fd9e165b000 rw-p 011c8000 00:14ce 9223372037562748770      /nix/store/gpxl5qgg8kicmcvivwmybwjlpf7wh20l-graalvm17-ce-22.3.0/lib/server/libjvm.so
7fd9e165b000-7fd9e16b7000 rw-p 00000000 00:00 0 
7fd9e16b7000-7fd9e16df000 r--p 00000000 00:14ce 9223372037455367822      /nix/store/4nlgxhb09sdr51nc9hdm8az5b08vzkgx-glibc-2.35-163/lib/libc.so.6
7fd9e16df000-7fd9e1855000 r-xp 00028000 00:14ce 9223372037455367822      /nix/store/4nlgxhb09sdr51nc9hdm8az5b08vzkgx-glibc-2.35-163/lib/libc.so.6
7fd9e1855000-7fd9e18ad000 r--p 0019e000 00:14ce 9223372037455367822      /nix/store/4nlgxhb09sdr51nc9hdm8az5b08vzkgx-glibc-2.35-163/lib/libc.so.6
7fd9e18ad000-7fd9e18b1000 r--p 001f6000 00:14ce 9223372037455367822      /nix/store/4nlgxhb09sdr51nc9hdm8az5b08vzkgx-glibc-2.35-163/lib/libc.so.6
7fd9e18b1000-7fd9e18b3000 rw-p 001fa000 00:14ce 9223372037455367822      /nix/store/4nlgxhb09sdr51nc9hdm8az5b08vzkgx-glibc-2.35-163/lib/libc.so.6
7fd9e18b3000-7fd9e18c2000 rw-p 00000000 00:00 0 
7fd9e18c2000-7fd9e18c3000 r--p 00000000 00:14ce 9223372037455367827      /nix/store/4nlgxhb09sdr51nc9hdm8az5b08vzkgx-glibc-2.35-163/lib/libdl.so.2
7fd9e18c3000-7fd9e18c4000 r-xp 00001000 00:14ce 9223372037455367827      /nix/store/4nlgxhb09sdr51nc9hdm8az5b08vzkgx-glibc-2.35-163/lib/libdl.so.2
7fd9e18c4000-7fd9e18c5000 r--p 00002000 00:14ce 9223372037455367827      /nix/store/4nlgxhb09sdr51nc9hdm8az5b08vzkgx-glibc-2.35-163/lib/libdl.so.2
7fd9e18c5000-7fd9e18c6000 r--p 00002000 00:14ce 9223372037455367827      /nix/store/4nlgxhb09sdr51nc9hdm8az5b08vzkgx-glibc-2.35-163/lib/libdl.so.2
7fd9e18c6000-7fd9e18c7000 rw-p 00003000 00:14ce 9223372037455367827      /nix/store/4nlgxhb09sdr51nc9hdm8az5b08vzkgx-glibc-2.35-163/lib/libdl.so.2
7fd9e18c7000-7fd9e18c8000 r--p 00000000 00:14ce 9223372037455367846      /nix/store/4nlgxhb09sdr51nc9hdm8az5b08vzkgx-glibc-2.35-163/lib/libpthread.so.0
7fd9e18c8000-7fd9e18c9000 r-xp 00001000 00:14ce 9223372037455367846      /nix/store/4nlgxhb09sdr51nc9hdm8az5b08vzkgx-glibc-2.35-163/lib/libpthread.so.0
7fd9e18c9000-7fd9e18ca000 r--p 00002000 00:14ce 9223372037455367846      /nix/store/4nlgxhb09sdr51nc9hdm8az5b08vzkgx-glibc-2.35-163/lib/libpthread.so.0
7fd9e18ca000-7fd9e18cb000 r--p 00002000 00:14ce 9223372037455367846      /nix/store/4nlgxhb09sdr51nc9hdm8az5b08vzkgx-glibc-2.35-163/lib/libpthread.so.0
7fd9e18cb000-7fd9e18cc000 rw-p 00003000 00:14ce 9223372037455367846      /nix/store/4nlgxhb09sdr51nc9hdm8az5b08vzkgx-glibc-2.35-163/lib/libpthread.so.0
7fd9e18cc000-7fd9e18da000 r-xp 00000000 00:14ce 9223372037562577937      /nix/store/gpxl5qgg8kicmcvivwmybwjlpf7wh20l-graalvm17-ce-22.3.0/lib/libjli.so
7fd9e18da000-7fd9e18db000 ---p 0000e000 00:14ce 9223372037562577937      /nix/store/gpxl5qgg8kicmcvivwmybwjlpf7wh20l-graalvm17-ce-22.3.0/lib/libjli.so
7fd9e18db000-7fd9e18dc000 r--p 0000e000 00:14ce 9223372037562577937      /nix/store/gpxl5qgg8kicmcvivwmybwjlpf7wh20l-graalvm17-ce-22.3.0/lib/libjli.so
7fd9e18dc000-7fd9e18dd000 rw-p 0000f000 00:14ce 9223372037562577937      /nix/store/gpxl5qgg8kicmcvivwmybwjlpf7wh20l-graalvm17-ce-22.3.0/lib/libjli.so
7fd9e18dd000-7fd9e18de000 rw-p 00012000 00:14ce 9223372037562577937      /nix/store/gpxl5qgg8kicmcvivwmybwjlpf7wh20l-graalvm17-ce-22.3.0/lib/libjli.so
7fd9e18de000-7fd9e18e1000 r--p 00000000 00:14ce 9223372037533597975      /nix/store/026hln0aq1hyshaxsdvhg0kmcm6yf45r-zlib-1.2.13/lib/libz.so.1.2.13
7fd9e18e1000-7fd9e18f3000 r-xp 00003000 00:14ce 9223372037533597975      /nix/store/026hln0aq1hyshaxsdvhg0kmcm6yf45r-zlib-1.2.13/lib/libz.so.1.2.13
7fd9e18f3000-7fd9e18fa000 r--p 00015000 00:14ce 9223372037533597975      /nix/store/026hln0aq1hyshaxsdvhg0kmcm6yf45r-zlib-1.2.13/lib/libz.so.1.2.13
7fd9e18fa000-7fd9e18fb000 r--p 0001b000 00:14ce 9223372037533597975      /nix/store/026hln0aq1hyshaxsdvhg0kmcm6yf45r-zlib-1.2.13/lib/libz.so.1.2.13
7fd9e18fb000-7fd9e18fc000 rw-p 0001c000 00:14ce 9223372037533597975      /nix/store/026hln0aq1hyshaxsdvhg0kmcm6yf45r-zlib-1.2.13/lib/libz.so.1.2.13
7fd9e18fc000-7fd9e18fe000 rw-p 00000000 00:00 0 
7fd9e18fe000-7fd9e1900000 r--p 00000000 00:14ce 9223372037455367816      /nix/store/4nlgxhb09sdr51nc9hdm8az5b08vzkgx-glibc-2.35-163/lib/ld-linux-x86-64.so.2
7fd9e1900000-7fd9e1927000 r-xp 00002000 00:14ce 9223372037455367816      /nix/store/4nlgxhb09sdr51nc9hdm8az5b08vzkgx-glibc-2.35-163/lib/ld-linux-x86-64.so.2
7fd9e1927000-7fd9e1933000 r--p 00029000 00:14ce 9223372037455367816      /nix/store/4nlgxhb09sdr51nc9hdm8az5b08vzkgx-glibc-2.35-163/lib/ld-linux-x86-64.so.2
7fd9e1933000-7fd9e1935000 r--p 00034000 00:14ce 9223372037455367816      /nix/store/4nlgxhb09sdr51nc9hdm8az5b08vzkgx-glibc-2.35-163/lib/ld-linux-x86-64.so.2
7fd9e1935000-7fd9e1937000 rw-p 00036000 00:14ce 9223372037455367816      /nix/store/4nlgxhb09sdr51nc9hdm8az5b08vzkgx-glibc-2.35-163/lib/ld-linux-x86-64.so.2
7fffcd977000-7fffcd99b000 rw-p 00000000 00:00 0                          [stack]
7fffcd9c8000-7fffcd9cc000 r--p 00000000 00:00 0                          [vvar]
7fffcd9cc000-7fffcd9ce000 r-xp 00000000 00:00 0                          [vdso]
ffffffffff600000-ffffffffff601000 --xp 00000000 00:00 0                  [vsyscall]


VM Arguments:
jvm_args: -XX:ThreadPriorityPolicy=1 -XX:+UnlockExperimentalVMOptions -XX:+EnableJVMCIProduct -XX:JVMCIThreadsPerNativeLibraryRuntime=1 -XX:-UnlockExperimentalVMOptions -Declipse.application=org.eclipse.jdt.ls.core.id1 -Dosgi.bundles.defaultStartLevel=4 -Declipse.product=org.eclipse.jdt.ls.core.product -Dlog.level=ALL -Xverify:none -XX:+UseParallelGC -XX:GCTimeRatio=4 -XX:AdaptiveSizePolicyWeight=90 -Dsun.zip.disableMemoryMapping=true -Xmx512m -Xms100m 
java_command: /nix/store/m6gcpi1ii6rghy04cjwjddcavv7i90df-jdt-language-server-1.9.0/share/java/plugins/org.eclipse.equinox.launcher_1.6.400.v20210924-0641.jar --add-modules=ALL-SYSTEM --add-opens java.base/java.util=ALL-UNNAMED --add-opens java.base/java.lang=ALL-UNNAMED -configuration /home/runner/.cache/jdt-language-server/config -data /home/runner/.cache/jdt-language-server/data/home/runner/my-java-programs
java_class_path (initial): /nix/store/m6gcpi1ii6rghy04cjwjddcavv7i90df-jdt-language-server-1.9.0/share/java/plugins/org.eclipse.equinox.launcher_1.6.400.v20210924-0641.jar
Launcher Type: SUN_STANDARD

[Global flags]
    uintx AdaptiveSizePolicyWeight                 = 90                                        {product} {command line}
     intx CICompilerCount                          = 2                                         {product} {ergonomic}
     bool EnableJVMCIProduct                       = true                                {JVMCI product} {jimage}
    uintx GCTimeRatio                              = 4                                         {product} {command line}
   size_t InitialHeapSize                          = 104857600                                 {product} {command line}
     uint JVMCIThreadsPerNativeLibraryRuntime      = 1                                   {JVMCI product} {jimage}
   size_t MaxHeapSize                              = 536870912                                 {product} {command line}
   size_t MaxNewSize                               = 178782208                                 {product} {ergonomic}
   size_t MinHeapDeltaBytes                        = 524288                                    {product} {ergonomic}
   size_t MinHeapSize                              = 104857600                                 {product} {command line}
   size_t NewSize                                  = 34603008                                  {product} {ergonomic}
    uintx NonNMethodCodeHeapSize                   = 5826188                                {pd product} {ergonomic}
    uintx NonProfiledCodeHeapSize                  = 122916026                              {pd product} {ergonomic}
   size_t OldSize                                  = 70254592                                  {product} {ergonomic}
    uintx ProfiledCodeHeapSize                     = 122916026                              {pd product} {ergonomic}
    uintx ReservedCodeCacheSize                    = 251658240                              {pd product} {ergonomic}
     bool SegmentedCodeCache                       = true                                      {product} {ergonomic}
   size_t SoftMaxHeapSize                          = 536870912                              {manageable} {ergonomic}
     intx ThreadPriorityPolicy                     = 1                                         {product} {jimage}
     bool UseCompressedClassPointers               = true                           {product lp64_product} {ergonomic}
     bool UseCompressedOops                        = true                           {product lp64_product} {ergonomic}
     bool UseParallelGC                            = true                                      {product} {command line}

Logging:
Log output configuration:
 #0: stdout all=warning uptime,level,tags
 #1: stderr all=off uptime,level,tags

Environment Variables:
JAVA_HOME=/nix/store/gpxl5qgg8kicmcvivwmybwjlpf7wh20l-graalvm17-ce-22.3.0
PATH=/nix/store/1d6ian3r8kdzspw8hacjhl3xkp40g1lj-binutils-wrapper-2.39/bin:/nix/store/dq0xwmsk1g0i2ayg6pb7y87na2knzylh-gcc-wrapper-11.3.0/bin:/nix/store/bap4d0lpcrhpwmpb8ayjcgkmvfj62lnq-bash-interactive-5.1-p16/bin:/nix/store/pr5n59mb4jzmfx6kanwxly0l07p861fg-patchelf-0.15.0/bin:/nix/store/1gf2flfqnpqbr1b4p4qz2f72y42bs56r-gcc-11.3.0/bin:/nix/store/57xv61c5zi8pphjbcwxxjlgc34p61ic9-glibc-2.35-163-bin/bin:/nix/store/a7gvj343m05j2s32xcnwr35v31ynlypr-coreutils-9.1/bin:/nix/store/039g378vc3pc3dvi9dzdlrd0i4q93qwf-binutils-2.39/bin:/nix/store/gpxl5qgg8kicmcvivwmybwjlpf7wh20l-graalvm17-ce-22.3.0/bin:/nix/store/6z9ag3ihc8mq2hzsw48lhbznvzny65nz-apache-maven-3.8.6/bin:/nix/store/m6gcpi1ii6rghy04cjwjddcavv7i90df-jdt-language-server-1.9.0/bin:/nix/store/84xs5alhs01zrbr4ywm05kxbjbp5590l-java-debug/bin:/nix/store/mydc6f4k2z73xlcz7ilif3v2lcaiqvza-findutils-4.9.0/bin:/nix/store/j9p3g8472iijd50vhdprx0nmk2fqn5gv-diffutils-3.8/bin:/nix/store/89zs7rms6x00xfq4dq6m7mjnhkr8a6r4-gnused-4.8/bin:/nix/store/86bp03jkmsl6f92w0yzg4s59g5mhxwmy-gnugrep-3.7/bin:/nix/store/hwcdqw4jrjnd37wxqgsd47hd0j8bnj09-gawk-5.1.1/bin:/nix/store/cfbhw8r8ags41vwqaz47r583d0p4h4a1-gnutar-1.34/bin:/nix/store/p3m1ndl1lapwrlh698bnb5lvvxh67378-gzip-1.12/bin:/nix/store/a8mhcagrsly7c7mpjrpsnaahk4aax056-bzip2-1.0.8-bin/bin:/nix/store/mblgz65m3zv9x548a3d5m96fj2pbwr09-gnumake-4.3/bin:/nix/store/dsd5gz46hdbdk2rfdimqddhq6m8m8fqs-bash-5.1-p16/bin:/nix/store/v7ljksji50mg3w61dykaa3n3y79n6nil-patch-2.7.6/bin:/nix/store/zlcnmqq14jz5x9439jf937mvayyl63da-xz-5.2.7-bin/bin:/nix/store/y6aj732zm9m87c82fpvf103a1xb22blp-file-5.43/bin:/nix/store/sgqd0ajghcv2axfl1lad0b1alyavp0dc-prybar-elisp-0.0.0-67f7a00/bin:/nix/store/p3hsvljpgs68jqwar41lc0jqhjj734lf-prybar-lua-0.0.0-67f7a00/bin:/nix/store/qzxs2gybds3s9kb1vkaflpgm2nwr85fh-prybar-python3-0.0.0-67f7a00/bin:/nix/store/km94z9mxp8w4m8gxxp5mbfpdf3nkfvd8-prybar-sqlite-0.0.0-67f7a00/bin:/nix/store/2pnc7b76asw0z59c4l6h6qy8arwqrii1-prybar-tcl-0.0.0-67f7a00/bin:/nix/store/hpbvrlwd5viqmvcaisb3x0118i913a9n-st
LD_LIBRARY_PATH=/nix/store/a4pff549sk2idnkpzk5nsfps3mdkdnvm-cups-2.4.2-lib/lib:/nix/store/72mqxxhh3cy5yifh92wh2yb8cl2hikyy-cairo-1.16.0/lib:/nix/store/2k366jrbsra97gjfxwvrhvixjfxdach5-glib-2.74.1/lib:/nix/store/2j2znigd8ak37rlwh9khz0ry3clqlw1l-gtk+3-3.24.34/lib:/nix/store/hisqvx32cd57apbpcsnkpx6k3549wql1-libglvnd-1.4.0/lib:/nix/store/p36pgcv991mq5srvg765b78yqpxvk3qs-mesa-21.3.3-drivers/lib:/nix/store/mav4251if1ahjq5vkpwycyyvnmy459c4-pulseaudio-14.2/lib
DISPLAY=:0
LANG=en_US.UTF-8

Signal Handlers:
   SIGSEGV: crash_handler in libjvm.so, mask=11100100010111111101111111111110, flags=SA_RESTART|SA_SIGINFO
    SIGBUS: crash_handler in libjvm.so, mask=11100100010111111101111111111110, flags=SA_RESTART|SA_SIGINFO
    SIGFPE: crash_handler in libjvm.so, mask=11100100010111111101111111111110, flags=SA_RESTART|SA_SIGINFO
   SIGPIPE: IsolateEnterStub_IgnoreSIGPIPEStartupHook_noopSignalHandler_8f19bff2f35b5f630d83b364d6b2339320d4ec70_216e8361c6bc87a8f89f58cc10d3b2fd4415bf87 in libjvmcicompiler.so, mask=00000000000000000000000000000000, flags=SA_RESTART
  *** Handler was modified!
  *** Expected: javaSignalHandler in libjvm.so, mask=11100100110111111111111111111110, flags=SA_RESTART|SA_SIGINFO
   SIGXFSZ: javaSignalHandler in libjvm.so, mask=11100100010111111101111111111110, flags=SA_RESTART|SA_SIGINFO
    SIGILL: crash_handler in libjvm.so, mask=11100100010111111101111111111110, flags=SA_RESTART|SA_SIGINFO
   SIGUSR2: SR_handler in libjvm.so, mask=00000000000000000000000000000000, flags=SA_RESTART|SA_SIGINFO
    SIGHUP: UserHandler in libjvm.so, mask=11100100010111111101111111111110, flags=SA_RESTART|SA_SIGINFO
    SIGINT: UserHandler in libjvm.so, mask=11100100010111111101111111111110, flags=SA_RESTART|SA_SIGINFO
   SIGTERM: UserHandler in libjvm.so, mask=11100100010111111101111111111110, flags=SA_RESTART|SA_SIGINFO
   SIGQUIT: UserHandler in libjvm.so, mask=11100100010111111101111111111110, flags=SA_RESTART|SA_SIGINFO
  *** Handler was modified!
  *** Expected: javaSignalHandler in libjvm.so, mask=11100100110111111111111111111110, flags=SA_RESTART|SA_SIGINFO
   SIGTRAP: crash_handler in libjvm.so, mask=11100100010111111101111111111110, flags=SA_RESTART|SA_SIGINFO


---------------  S Y S T E M  ---------------

OS:
DISTRIB_ID=Ubuntu
DISTRIB_RELEASE=20.04
DISTRIB_CODENAME=focal
DISTRIB_DESCRIPTION="Ubuntu 20.04.2 LTS"
uname: Linux 5.15.0-1027-gcp #34~20.04.1-Ubuntu SMP Mon Jan 9 18:40:09 UTC 2023 x86_64
OS uptime: 0 days 6:19 hours
libc: glibc 2.35 NPTL 2.35 
rlimit (soft/hard): STACK 8192k/infinity , CORE infinity/infinity , NPROC infinity/infinity , NOFILE 5242/5242 , AS infinity/infinity , CPU infinity/infinity , DATA infinity/infinity , FSIZE infinity/infinity , MEMLOCK 64k/64k
load average: 16.70 15.81 14.89

/proc/meminfo:
MemTotal:       65852736 kB
MemFree:        31635568 kB
MemAvailable:   50961652 kB
Buffers:         1960980 kB
Cached:         16312164 kB
SwapCached:            0 kB
Active:          8701096 kB
Inactive:       21979916 kB
Active(anon):      13372 kB
Inactive(anon): 12075388 kB
Active(file):    8687724 kB
Inactive(file):  9904528 kB
Unevictable:       42624 kB
Mlocked:           42624 kB
SwapTotal:             0 kB
SwapFree:              0 kB
Dirty:              1168 kB
Writeback:             0 kB
AnonPages:      11778776 kB
Mapped:          1536576 kB
Shmem:             30720 kB
KReclaimable:    1460432 kB
Slab:            2626800 kB
SReclaimable:    1460432 kB
SUnreclaim:      1166368 kB
KernelStack:      388128 kB
PageTables:       129744 kB
NFS_Unstable:          0 kB
Bounce:                0 kB
WritebackTmp:          0 kB
CommitLimit:    32926368 kB
Committed_AS:   58603412 kB
VmallocTotal:   34359738367 kB
VmallocUsed:      423244 kB
VmallocChunk:          0 kB
Percpu:            54496 kB
HardwareCorrupted:     0 kB
AnonHugePages:    458752 kB
ShmemHugePages:        0 kB
ShmemPmdMapped:        0 kB
FileHugePages:         0 kB
FilePmdMapped:         0 kB
HugePages_Total:       0
HugePages_Free:        0
HugePages_Rsvd:        0
HugePages_Surp:        0
Hugepagesize:       2048 kB
Hugetlb:               0 kB
DirectMap4k:     3998528 kB
DirectMap2M:    41086976 kB
DirectMap1G:    24117248 kB

/sys/kernel/mm/transparent_hugepage/enabled: always [madvise] never
/sys/kernel/mm/transparent_hugepage/defrag (defrag/compaction efforts parameter): always defer defer+madvise [madvise] never

Process Memory:
Virtual Size: 4506236K (peak: 4598588K)
Resident Set Size: 721524K (peak: 755424K) (anon: 524508K, file: 197016K, shmem: 0K)
Swapped out: 0K
C-Heap outstanding allocations: 37885K, retained: 8546K
glibc malloc tunables: (default)

/proc/sys/kernel/threads-max (system-wide limit on the number of threads): 514406
/proc/sys/vm/max_map_count (maximum number of memory map areas a process may have): 65530
/proc/sys/kernel/pid_max (system-wide limit on number of process identifiers): 4194304

container (cgroup) information:
container_type: cgroupv1
cpu_cpuset_cpus: 2-7
cpu_memory_nodes: 0
active_processor_count: 1
cpu_quota: 50000
cpu_period: 100000
cpu_shares: 512
memory_limit_in_bytes: 1048576 k
memory_and_swap_limit_in_bytes: 1048576 k
memory_soft_limit_in_bytes: 524288 k
memory_usage_in_bytes: 555540 k
memory_max_usage_in_bytes: 580704 k
maximum number of tasks: 1000
current number of tasks: 44

KVM virtualization detected
Steal ticks since vm start: 0
Steal ticks percentage since vm start:  0.000

CPU: total 8 (initial active 1) (8 cores per cpu, 2 threads per core) family 23 model 49 stepping 0 microcode 0xffffffff, cx8, cmov, fxsr, ht, mmx, 3dnowpref, sse, sse2, sse3, ssse3, sse4a, sse4.1, sse4.2, popcnt, lzcnt, tsc, tscinvbit, avx, avx2, aes, clmul, bmi1, bmi2, adx, sha, fma, vzeroupper, clflush, clflushopt, hv
CPU Model and flags from /proc/cpuinfo:
model name	: AMD EPYC 7B12
flags		: fpu vme de pse tsc msr pae mce cx8 apic sep mtrr pge mca cmov pat pse36 clflush mmx fxsr sse sse2 ht syscall nx mmxext fxsr_opt pdpe1gb rdtscp lm constant_tsc rep_good nopl nonstop_tsc cpuid extd_apicid tsc_known_freq pni pclmulqdq ssse3 fma cx16 sse4_1 sse4_2 movbe popcnt aes xsave avx f16c rdrand hypervisor lahf_lm cmp_legacy cr8_legacy abm sse4a misalignsse 3dnowprefetch osvw topoext ssbd ibrs ibpb stibp vmmcall fsgsbase tsc_adjust bmi1 avx2 smep bmi2 rdseed adx smap clflushopt clwb sha_ni xsaveopt xsavec xgetbv1 clzero xsaveerptr arat npt nrip_save umip rdpid

Online cpus: 0-7
Offline cpus: 
BIOS frequency limitation: <Not Available>
Frequency switch latency (ns): <Not Available>
Available cpu frequencies: <Not Available>
Current governor: <Not Available>
Core performance/turbo boost: <Not Available>

Memory: 4k page, physical 1048576k(493032k free), swap 0k(0k free)
Page Sizes: 4k

vm_info: OpenJDK 64-Bit Server VM (17.0.5+8-jvmci-22.3-b08) for linux-amd64 JRE (17.0.5+8-jvmci-22.3-b08), built on Oct 19 2022 09:01:27 by "buildslave" with gcc 10.3.0

END.
