#
# A fatal error has been detected by the Java Runtime Environment:
#
#  Internal Error (jvmciRuntime.cpp:1609), pid=1789, tid=1803
#  fatal error: Fatal exception in JVMCI: Error calling jdk.vm.ci.services.Services.serializeSavedProperties
#
# JRE version: OpenJDK Runtime Environment GraalVM CE 22.3.0 (17.0.5+8) (build 17.0.5+8-jvmci-22.3-b08)
# Java VM: OpenJDK 64-Bit Server VM GraalVM CE 22.3.0 (17.0.5+8-jvmci-22.3-b08, mixed mode, sharing, tiered, jvmci, jvmci compiler, compressed oops, compressed class ptrs, parallel gc, linux-amd64)
# Problematic frame:
# V  [libjvm.so+0x972714]  JVMCIRuntime::fatal_exception(JVMCIEnv*, char const*)+0x74
#
# Core dump will be written. Default location: Core dumps may be processed with "/usr/share/apport/apport -p%p -s%s -c%c -d%d -P%P -u%u -g%g -- %E" (or dumping to /home/runner/my-java-programs/core.1789)
#
# If you would like to submit a bug report, please visit:
#   https://github.com/oracle/graal/issues
#

---------------  S U M M A R Y ------------

Command Line: -XX:ThreadPriorityPolicy=1 -XX:+UnlockExperimentalVMOptions -XX:+EnableJVMCIProduct -XX:JVMCIThreadsPerNativeLibraryRuntime=1 -XX:-UnlockExperimentalVMOptions -Declipse.application=org.eclipse.jdt.ls.core.id1 -Dosgi.bundles.defaultStartLevel=4 -Declipse.product=org.eclipse.jdt.ls.core.product -Dlog.level=ALL -Xverify:none -XX:+UseParallelGC -XX:GCTimeRatio=4 -XX:AdaptiveSizePolicyWeight=90 -Dsun.zip.disableMemoryMapping=true -Xmx512m -Xms100m /nix/store/m6gcpi1ii6rghy04cjwjddcavv7i90df-jdt-language-server-1.9.0/share/java/plugins/org.eclipse.equinox.launcher_1.6.400.v20210924-0641.jar --add-modules=ALL-SYSTEM --add-opens java.base/java.util=ALL-UNNAMED --add-opens java.base/java.lang=ALL-UNNAMED -configuration /home/runner/.cache/jdt-language-server/config -data /home/runner/.cache/jdt-language-server/data/home/runner/my-java-programs

Host: AMD EPYC 7B12, 8 cores, 1G, Ubuntu 20.04.2 LTS
Time: Mon Jan 30 05:21:25 2023 UTC elapsed time: 1055.339673 seconds (0d 0h 17m 35s)

---------------  T H R E A D  ---------------

Current thread (0x00007effb00b21e0):  JavaThread "JVMCI-native CompilerThread0" daemon [_thread_in_vm, id=1803, stack(0x00007eff95918000,0x00007eff95b18000)]


Current CompileTask:
JVMCI-native:1055339 6248       4       java.util.concurrent.locks.ReentrantLock::unlock (10 bytes)

Stack: [0x00007eff95918000,0x00007eff95b18000],  sp=0x00007eff95b16380,  free space=2040k
Native frames: (J=compiled Java code, j=interpreted, Vv=VM code, C=native code)
V  [libjvm.so+0x972714]  JVMCIRuntime::fatal_exception(JVMCIEnv*, char const*)+0x74
V  [libjvm.so+0x93e2fe]  JVMCIEnv::copy_saved_properties()+0x14e
V  [libjvm.so+0x9732a9]  JVMCIRuntime::initialize(JVMCIEnv*)+0xb19
V  [libjvm.so+0x9738a2]  JVMCIRuntime::get_HotSpotJVMCIRuntime(JVMCIEnv*)+0x12
V  [libjvm.so+0x9749f2]  JVMCIRuntime::compile_method(JVMCIEnv*, JVMCICompiler*, methodHandle const&, int)+0xd2
V  [libjvm.so+0x5b0d20]  CompileBroker::invoke_compiler_on_method(CompileTask*)+0x1470
V  [libjvm.so+0x5b12e8]  CompileBroker::compiler_thread_loop()+0x528
V  [libjvm.so+0xd82460]  JavaThread::thread_main_inner()+0xd0
V  [libjvm.so+0xd85a40]  Thread::call_run()+0xc0
V  [libjvm.so+0xbdb1e1]  thread_native_entry(Thread*)+0xe1

Register to memory mapping:

RAX=0x00007effb5538000 points into unknown readable memory: 0x0000000000000058 | 58 00 00 00 00 00 00 00
RBX=0x00007effb6633398: <offset 0x0000000000ef5398> in /nix/store/gpxl5qgg8kicmcvivwmybwjlpf7wh20l-graalvm17-ce-22.3.0/lib/server/libjvm.so at 0x00007effb573e000
RCX=0x00007effb65eb1e8: <offset 0x0000000000ead1e8> in /nix/store/gpxl5qgg8kicmcvivwmybwjlpf7wh20l-graalvm17-ce-22.3.0/lib/server/libjvm.so at 0x00007effb573e000
RDX=0x0000000000000649 is an unknown value
RSP=0x00007eff95b16380 is pointing into the stack for thread: 0x00007effb00b21e0
RBP=0x00007eff95b163a0 is pointing into the stack for thread: 0x00007effb00b21e0
RSI=0x00007effb6633c48: <offset 0x0000000000ef5c48> in /nix/store/gpxl5qgg8kicmcvivwmybwjlpf7wh20l-graalvm17-ce-22.3.0/lib/server/libjvm.so at 0x00007effb573e000
RDI=0x00000000e0000000 is an oop: [B 
{0x00000000e0000000} - klass: {type array byte}
 - length: 52
R8 =0x00007effb6633398: <offset 0x0000000000ef5398> in /nix/store/gpxl5qgg8kicmcvivwmybwjlpf7wh20l-graalvm17-ce-22.3.0/lib/server/libjvm.so at 0x00007effb573e000
R9 =0x00007eff95b16330 is pointing into the stack for thread: 0x00007effb00b21e0
R10=0x00007eff95b17948 is pointing into the stack for thread: 0x00007effb00b21e0
R11=0x0000000000000293 is an unknown value
R12=0x0 is NULL
R13=0x00007effb00b21e0 is a thread
R14=0x00007effb0000b80 points into unknown readable memory: 0x00007effb6864a38 | 38 4a 86 b6 ff 7e 00 00
R15=0x00007effb6972e40: <offset 0x0000000001234e40> in /nix/store/gpxl5qgg8kicmcvivwmybwjlpf7wh20l-graalvm17-ce-22.3.0/lib/server/libjvm.so at 0x00007effb573e000


Registers:
RAX=0x00007effb5538000, RBX=0x00007effb6633398, RCX=0x00007effb65eb1e8, RDX=0x0000000000000649
RSP=0x00007eff95b16380, RBP=0x00007eff95b163a0, RSI=0x00007effb6633c48, RDI=0x00000000e0000000
R8 =0x00007effb6633398, R9 =0x00007eff95b16330, R10=0x00007eff95b17948, R11=0x0000000000000293
R12=0x0000000000000000, R13=0x00007effb00b21e0, R14=0x00007effb0000b80, R15=0x00007effb6972e40
RIP=0x00007effb60b0714, EFLAGS=0x0000000000010206, CSGSFS=0x002b000000000033, ERR=0x0000000000000006
  TRAPNO=0x000000000000000e

Top of Stack: (sp=0x00007eff95b16380)
0x00007eff95b16380:   00007eff95b16940 00007effb00b21e0
0x00007eff95b16390:   00007eff97359110 0000000800c419d8
0x00007eff95b163a0:   00007eff95b16500 00007effb607c2fe
0x00007eff95b163b0:   00007eff95b163e0 00007eff95b16440 

Instructions: (pc=0x00007effb60b0714)
0x00007effb60b0614:   30 e8 f6 cf e8 ff 4c 89 e7 e8 2e 48 d1 ff 84 db
0x00007effb60b0624:   75 2a 4d 85 ed 74 04 4d 8b 6d 00 48 83 c4 08 44
0x00007effb60b0634:   89 f9 4c 89 f2 4c 89 ee 5b 4c 89 e7 41 5c 41 5d
0x00007effb60b0644:   41 5e 41 5f 5d e9 e2 47 d1 ff 66 90 48 83 c4 08
0x00007effb60b0654:   5b 41 5c 41 5d 41 5e 41 5f 5d c3 90 31 d2 be 08
0x00007effb60b0664:   00 00 00 4c 89 ff e8 b1 78 a3 ff 49 89 c5 e9 37
0x00007effb60b0674:   ff ff ff 66 0f 1f 84 00 00 00 00 00 48 8b 7a 08
0x00007effb60b0684:   e9 6d ff ff ff 0f 1f 80 00 00 00 00 e8 5b 48 0a
0x00007effb60b0694:   00 84 c0 75 89 e9 6a ff ff ff 66 90 55 48 89 e5
0x00007effb60b06a4:   41 56 41 55 41 54 49 89 fc 53 48 89 f3 66 48 8d
0x00007effb60b06b4:   3d 27 5e 85 00 66 66 48 e8 df 43 8d ff 4c 8b 28
0x00007effb60b06c4:   8b 05 be 72 8a 00 85 c0 75 14 ba 01 00 00 00 48
0x00007effb60b06d4:   8d 0d ae 72 8a 00 f0 0f b1 11 85 c0 74 4e be c8
0x00007effb60b06e4:   00 00 00 4c 89 ef e8 01 0b 41 00 48 8d 05 12 ac
0x00007effb60b06f4:   85 00 49 89 d8 48 8d 0d e8 aa 53 00 ba 49 06 00
0x00007effb60b0704:   00 48 8d 35 3c 35 58 00 bf 00 00 00 e0 48 8b 00
0x00007effb60b0714:   c6 00 58 31 c0 e8 e2 91 c6 ff 5b 41 5c 41 5d 41
0x00007effb60b0724:   5e 5d e9 55 34 26 00 0f 1f 44 00 00 48 8d 05 81
0x00007effb60b0734:   a3 8b 00 48 89 df 4c 8b 30 e8 9e 43 8d ff 48 89
0x00007effb60b0744:   de 48 89 c2 49 8b 06 4c 89 f7 ff 50 08 4c 89 f7
0x00007effb60b0754:   e8 a7 5c 27 00 4d 85 e4 74 12 be 01 00 00 00 4c
0x00007effb60b0764:   89 e7 e8 35 43 fc ff eb 82 0f 1f 00 be 01 00 00
0x00007effb60b0774:   00 4c 89 ef e8 d3 fd ff ff e9 6d ff ff ff 66 66
0x00007effb60b0784:   2e 0f 1f 84 00 00 00 00 00 0f 1f 00 55 48 89 e5
0x00007effb60b0794:   41 57 41 56 41 55 41 54 53 48 81 ec 08 02 00 00
0x00007effb60b07a4:   64 48 8b 04 25 28 00 00 00 48 89 45 c8 8b 07 83
0x00007effb60b07b4:   f8 02 0f 84 11 04 00 00 4c 8b 6f 18 49 89 ff 49
0x00007effb60b07c4:   89 f4 4d 85 ed 74 14 4c 89 ef e8 5d 57 22 00 41
0x00007effb60b07d4:   8b 07 83 f8 02 0f 84 19 04 00 00 48 8d 1d 9a 06
0x00007effb60b07e4:   8a 00 4c 8d 35 0b 3c 58 00 eb 38 90 48 85 d2 7f
0x00007effb60b07f4:   0d 48 8d 05 b4 c0 85 00 48 83 38 00 7e 0e 41 8b
0x00007effb60b0804:   77 2c 4c 89 f7 31 c0 e8 a0 b2 f7 ff 49 8b 7f 18 


Stack slot to memory mapping:
stack at sp + 0 slots: 0x00007eff95b16940 is pointing into the stack for thread: 0x00007effb00b21e0
stack at sp + 1 slots: 0x00007effb00b21e0 is a thread
stack at sp + 2 slots: 0x00007eff97359110 points into unknown readable memory: 0x65730018f743ffff | ff ff 43 f7 18 00 73 65
stack at sp + 3 slots: 0x0000000800c419d8 is a pointer to class: 
jdk.vm.ci.services.Services {0x0000000800c419d8}
 - instance size:     2
 - klass size:        65
 - access:            public final synchronized 
 - state:             fully_initialized
 - name:              'jdk/vm/ci/services/Services'
 - super:             'java/lang/Object'
 - sub:               
 - arrays:            NULL
 - methods:           Array<T>(0x00007eff96446630)
 - method ordering:   Array<T>(0x0000000800928960)
 - default_methods:   Array<T>(0x0000000000000000)
 - local interfaces:  Array<T>(0x00000008005ce810)
 - trans. interfaces: Array<T>(0x00000008005ce810)
 - constants:         constant pool [427] {0x00007eff96444940} for 'jdk/vm/ci/services/Services' cache=0x00007eff96448430
 - class loader data:  loader data: 0x00007effb00283f0 of 'bootstrap'
 - source file:       'Services.java'
 - class annotations:       Array<T>(0x0000000000000000)
 - class type annotations:  Array<T>(0x0000000000000000)
 - field annotations:       Array<T>(0x0000000000000000)
 - field type annotations:  Array<T>(0x0000000000000000)
 - inner classes:     Array<T>(0x00007eff964481d0)
 - nest members:     Array<T>(0x00007eff964481f0)
 - permitted subclasses:     Array<T>(0x00000008005ce7a0)
 - java mirror:       a 'java/lang/Class'{0x00000000e02a84d8} = 'jdk/vm/ci/services/Services'
 - vtable length      5  (start addr: 0x0000000800c41ba8)
 - itable length      2 (start addr: 0x0000000800c41bd0)
 - ---- static fields (3 words):
 - public static final 'IS_BUILDING_NATIVE_IMAGE' 'Z' @128 
 - public static final 'IS_IN_NATIVE_IMAGE' 'Z' @129 
 - private static volatile 'savedProperties' 'Ljava/util/Map;' @112 
 - static final 'JVMCI_ENABLED' 'Z' @130 
 - private static final 'servicesCache' 'Ljava/util/Map;' @116 
 - private static final 'MAX_UNICODE_IN_UTF8_LENGTH' 'I' @120 
 - private static final 'MAX_UTF8_PROPERTY_STRING_LENGTH' 'I' @124 
 - ---- non-static fields (0 words):
 - non-static oop maps: 
stack at sp + 4 slots: 0x00007eff95b16500 is pointing into the stack for thread: 0x00007effb00b21e0
stack at sp + 5 slots: 0x00007effb607c2fe: <offset 0x000000000093e2fe> in /nix/store/gpxl5qgg8kicmcvivwmybwjlpf7wh20l-graalvm17-ce-22.3.0/lib/server/libjvm.so at 0x00007effb573e000
stack at sp + 6 slots: 0x00007eff95b163e0 is pointing into the stack for thread: 0x00007effb00b21e0
stack at sp + 7 slots: 0x00007eff95b16440 is pointing into the stack for thread: 0x00007effb00b21e0


---------------  P R O C E S S  ---------------

Threads class SMR info:
_java_thread_list=0x00007eff3405add0, length=26, elements={
0x00007effb0026690, 0x00007effb00a64d0, 0x00007effb00a7910, 0x00007effb00ae050,
0x00007effb00af400, 0x00007effb00b07f0, 0x00007effb00b21e0, 0x00007effb00b36f0,
0x00007effb00b4b40, 0x00007effb00df980, 0x00007effb0127c80, 0x00007effb03352d0,
0x00007effb037d640, 0x00007effb03805e0, 0x00007eff4402f480, 0x00007eff443fd750,
0x00007eff4447f6d0, 0x00007eff44621040, 0x00007eff447c80e0, 0x00007effb03a9940,
0x00007effb023b4e0, 0x00007eff2c001130, 0x00007eff3c001540, 0x00007eff1c158cb0,
0x00007eff1c15e4e0, 0x00007eff3405a4b0
}

Java Threads: ( => current thread )
  0x00007effb0026690 JavaThread "main" [_thread_blocked, id=1795, stack(0x00007effb5559000,0x00007effb5659000)]
  0x00007effb00a64d0 JavaThread "Reference Handler" daemon [_thread_blocked, id=1798, stack(0x00007eff961fe000,0x00007eff962fe000)]
  0x00007effb00a7910 JavaThread "Finalizer" daemon [_thread_blocked, id=1799, stack(0x00007eff960fe000,0x00007eff961fe000)]
  0x00007effb00ae050 JavaThread "Signal Dispatcher" daemon [_thread_blocked, id=1800, stack(0x00007eff95d18000,0x00007eff95e18000)]
  0x00007effb00af400 JavaThread "Service Thread" daemon [_thread_blocked, id=1801, stack(0x00007eff95c18000,0x00007eff95d18000)]
  0x00007effb00b07f0 JavaThread "Monitor Deflation Thread" daemon [_thread_blocked, id=1802, stack(0x00007eff95b18000,0x00007eff95c18000)]
=>0x00007effb00b21e0 JavaThread "JVMCI-native CompilerThread0" daemon [_thread_in_vm, id=1803, stack(0x00007eff95918000,0x00007eff95b18000)]
  0x00007effb00b36f0 JavaThread "C1 CompilerThread0" daemon [_thread_blocked, id=1804, stack(0x00007eff95718000,0x00007eff95918000)]
  0x00007effb00b4b40 JavaThread "Sweeper thread" daemon [_thread_blocked, id=1805, stack(0x00007eff95618000,0x00007eff95718000)]
  0x00007effb00df980 JavaThread "Common-Cleaner" daemon [_thread_blocked, id=1806, stack(0x00007eff95518000,0x00007eff95618000)]
  0x00007effb0127c80 JavaThread "Notification Thread" daemon [_thread_blocked, id=1807, stack(0x00007eff95418000,0x00007eff95518000)]
  0x00007effb03352d0 JavaThread "Active Thread: Equinox Container: d3140717-a828-440b-9e3d-dcdc2de9c90e" [_thread_blocked, id=1812, stack(0x00007eff94000000,0x00007eff94100000)]
  0x00007effb037d640 JavaThread "Framework Event Dispatcher: Equinox Container: d3140717-a828-440b-9e3d-dcdc2de9c90e" daemon [_thread_blocked, id=1813, stack(0x00007eff5db00000,0x00007eff5dc00000)]
  0x00007effb03805e0 JavaThread "Start Level: Equinox Container: d3140717-a828-440b-9e3d-dcdc2de9c90e" daemon [_thread_blocked, id=1814, stack(0x00007eff5d900000,0x00007eff5da00000)]
  0x00007eff4402f480 JavaThread "SCR Component Actor" daemon [_thread_blocked, id=1815, stack(0x00007eff5d700000,0x00007eff5d800000)]
  0x00007eff443fd750 JavaThread "Worker-JM" [_thread_blocked, id=1817, stack(0x00007eff5d300000,0x00007eff5d400000)]
  0x00007eff4447f6d0 JavaThread "Worker-0: Periodic workspace save." [_thread_blocked, id=1818, stack(0x00007eff5d100000,0x00007eff5d200000)]
  0x00007eff44621040 JavaThread "Java indexing" daemon [_thread_blocked, id=1821, stack(0x00007eff5cb00000,0x00007eff5cc00000)]
  0x00007eff447c80e0 JavaThread "Bundle File Closer" daemon [_thread_blocked, id=1822, stack(0x00007eff5c900000,0x00007eff5ca00000)]
  0x00007effb03a9940 JavaThread "pool-3-thread-1" [_thread_blocked, id=1823, stack(0x00007eff5c700000,0x00007eff5c800000)]
  0x00007effb023b4e0 JavaThread "pool-2-thread-1" [_thread_blocked, id=1824, stack(0x00007eff5c500000,0x00007eff5c600000)]
  0x00007eff2c001130 JavaThread "Worker-3: Java indexing... " [_thread_blocked, id=1825, stack(0x00007eff5d500000,0x00007eff5d600000)]
  0x00007eff3c001540 JavaThread "Worker-4: Compacting resource model" [_thread_blocked, id=1826, stack(0x00007eff5c300000,0x00007eff5c400000)]
  0x00007eff1c158cb0 JavaThread "Thread-3" [_thread_blocked, id=1830, stack(0x00007eff5c100000,0x00007eff5c200000)]
  0x00007eff1c15e4e0 JavaThread "Thread-7" [_thread_blocked, id=1834, stack(0x00007eff94e00000,0x00007eff94f00000)]
  0x00007eff3405a4b0 JavaThread "ForkJoinPool-1-worker-1" daemon [_thread_blocked, id=1839, stack(0x00007eff5bf00000,0x00007eff5c000000)]

Other Threads:
  0x00007effb00a1c10 VMThread "VM Thread" [stack: 0x00007eff96300000,0x00007eff96400000] [id=1797] _threads_hazard_ptr=0x00007eff3405add0
  0x00007effb0129620 WatcherThread [stack: 0x00007eff95318000,0x00007eff95418000] [id=1808]
  0x00007effb003df30 GCTaskThread "GC Thread#0" [stack: 0x00007effb511c000,0x00007effb521c000] [id=1796]

Threads with active compile tasks:
JVMCI-native CompilerThread0  1055414 6248       4       java.util.concurrent.locks.ReentrantLock::unlock (10 bytes)

VM state: synchronizing (normal execution)

VM Mutex/Monitor currently owned by a thread:  ([mutex/lock_event])
[0x00007effb0023840] Threads_lock - owner thread: 0x00007effb00a1c10
[0x00007effb0023ff0] Heap_lock - owner thread: 0x00007eff44621040

OutOfMemory and StackOverflow Exception counts:
OutOfMemoryError java_heap_errors=3
LinkageErrors=49

Heap address: 0x00000000e0000000, size: 512 MB, Compressed Oops mode: 32-bit

CDS archive(s) mapped at: [0x0000000800000000-0x0000000800bc8000-0x0000000800bc8000), size 12353536, SharedBaseAddress: 0x0000000800000000, ArchiveRelocationMode: 0.
Compressed class space mapped at: 0x0000000800c00000-0x0000000840c00000, reserved size: 1073741824
Narrow klass base: 0x0000000800000000, Narrow klass shift: 0, Narrow klass range: 0x100000000

GC Precious Log:
 CPUs: 8 total, 1 available
 Memory: 1024M
 Large Page Support: Disabled
 NUMA Support: Disabled
 Compressed Oops: Enabled (32-bit)
 Alignments: Space 512K, Generation 512K, Heap 2M
 Heap Min Capacity: 100M
 Heap Initial Capacity: 100M
 Heap Max Capacity: 512M
 Pre-touch: Disabled
 Parallel Workers: 1

Heap:
 PSYoungGen      total 35840K, used 25088K [0x00000000f5580000, 0x00000000f9c00000, 0x0000000100000000)
  eden space 25088K, 100% used [0x00000000f5580000,0x00000000f6e00000,0x00000000f6e00000)
  from space 10752K, 0% used [0x00000000f6e00000,0x00000000f6e00000,0x00000000f7880000)
  to   space 21504K, 0% used [0x00000000f8700000,0x00000000f8700000,0x00000000f9c00000)
 ParOldGen       total 349696K, used 349695K [0x00000000e0000000, 0x00000000f5580000, 0x00000000f5580000)
  object space 349696K, 99% used [0x00000000e0000000,0x00000000f557fff0,0x00000000f5580000)
 Metaspace       used 47955K, committed 48704K, reserved 1097728K
  class space    used 4764K, committed 5120K, reserved 1048576K

Card table byte_map: [0x00007effb521c000,0x00007effb531d000] _byte_map_base: 0x00007effb4b1c000

Marking Bits: (ParMarkBitMap*) 0x00007effb696c4c0
 Begin Bits: [0x00007effb406f000, 0x00007effb486f000)
 End Bits:   [0x00007effb486f000, 0x00007effb506f000)

Polling page: 0x00007effb5536000

Metaspace:

Usage:
  Non-class:     42.18 MB used.
      Class:      4.65 MB used.
       Both:     46.83 MB used.

Virtual space:
  Non-class space:       48.00 MB reserved,      42.56 MB ( 89%) committed,  6 nodes.
      Class space:        1.00 GB reserved,       5.00 MB ( <1%) committed,  1 nodes.
             Both:        1.05 GB reserved,      47.56 MB (  4%) committed. 

Chunk freelists:
   Non-Class:  1.24 MB
       Class:  3.06 MB
        Both:  4.30 MB

MaxMetaspaceSize: unlimited
CompressedClassSpaceSize: 1.00 GB
Initial GC threshold: 21.00 MB
Current GC threshold: 79.06 MB
CDS: on
MetaspaceReclaimPolicy: balanced
 - commit_granule_bytes: 65536.
 - commit_granule_words: 8192.
 - virtual_space_node_default_size: 1048576.
 - enlarge_chunks_in_place: 1.
 - new_chunks_are_fully_committed: 0.
 - uncommit_free_chunks: 1.
 - use_allocation_guard: 0.
 - handle_deallocations: 1.


Internal statistics:

num_allocs_failed_limit: 6.
num_arena_births: 338.
num_arena_deaths: 52.
num_vsnodes_births: 7.
num_vsnodes_deaths: 0.
num_space_committed: 760.
num_space_uncommitted: 0.
num_chunks_returned_to_freelist: 68.
num_chunks_taken_from_freelist: 2316.
num_chunk_merges: 28.
num_chunk_splits: 1508.
num_chunks_enlarged: 939.
num_purges: 6.
num_inconsistent_stats: 0.

CodeHeap 'non-profiled nmethods': size=120036Kb used=2190Kb max_used=2341Kb free=117845Kb
 bounds [0x00007eff9ef7a000, 0x00007eff9f1ea000, 0x00007effa64b3000]
CodeHeap 'profiled nmethods': size=120032Kb used=9379Kb max_used=11873Kb free=110652Kb
 bounds [0x00007eff97a42000, 0x00007eff98612000, 0x00007eff9ef7a000]
CodeHeap 'non-nmethods': size=5692Kb used=1342Kb max_used=1357Kb free=4349Kb
 bounds [0x00007eff974b3000, 0x00007eff97723000, 0x00007eff97a42000]
 total_blobs=5262 nmethods=4587 adapters=570
 compilation: enabled
              stopped_count=0, restarted_count=0
 full_count=0

JVMCI Events (20 events):
Event: 774.614 Thread 0x00007effb00b21e0 detached from JVMCI runtime 0
Event: 824.217 Thread 0x00007effb00b21e0 attached to JVMCI runtime 0
Event: 824.218 Thread 0x00007effb00b21e0 created JavaVM[5]@0x00007eff5b99e340 for JVMCI runtime 0
Event: 824.218 Thread 0x00007effb00b21e0 initializing JVMCI runtime 0
Event: 824.218 Thread 0x00007effb00b21e0 done waiting for JavaVM references initialization in JVMCI runtime 0
Event: 870.651 Thread 0x00007effb00b21e0 initialized JVMCI runtime 0
Event: 880.402 Thread 0x00007effb00b21e0 compacted oop handles in JVMCI runtime 0 from 108 to 99
Event: 906.714 Thread 0x00007effb00b21e0 compacted oop handles in JVMCI runtime 0 from 180 to 157
Event: 908.259 Thread 0x00007effb00b21e0 detaching from JVMCI runtime 0: releasing idle compiler thread (0 other threads still attached)
Event: 908.259 Thread 0x00007effb00b21e0 shutting down HotSpotJVMCIRuntime for JVMCI runtime 0
Event: 908.259 Thread 0x00007effb00b21e0 compacted oop handles in JVMCI runtime 0 from 157 to 126
Event: 908.259 Thread 0x00007effb00b21e0 shut down JVMCI runtime 0
Event: 908.264 Thread 0x00007effb00b21e0 destroyed JavaVM[5]@0x00007eff5b99e340 for JVMCI runtime 0
Event: 908.264 Thread 0x00007effb00b21e0 compacted oop handles in JVMCI runtime 0 from 126 to 126
Event: 908.264 Thread 0x00007effb00b21e0 releasing handles for JVMCI runtime 0: oop handles=126, metadata handles={total=352, live=348, blocks=33}
Event: 908.264 Thread 0x00007effb00b21e0 detached from JVMCI runtime 0
Event: 1028.649 Thread 0x00007effb00b21e0 attached to JVMCI runtime 0
Event: 1028.651 Thread 0x00007effb00b21e0 created JavaVM[6]@0x00007eff5b99e340 for JVMCI runtime 0
Event: 1030.221 Thread 0x00007effb00b21e0 initializing JVMCI runtime 0
Event: 1030.221 Thread 0x00007effb00b21e0 done waiting for JavaVM references initialization in JVMCI runtime 0

Compilation events (20 events):
Event: 754.238 Thread 0x00007effb00b36f0 6239       3       java.util.concurrent.ScheduledThreadPoolExecutor::canRunInCurrentRunState (61 bytes)
Event: 754.238 Thread 0x00007effb00b36f0 nmethod 6239 0x00007eff97bef390 code [0x00007eff97bef5a0, 0x00007eff97bf0040]
Event: 768.428 Thread 0x00007effb00b21e0 nmethod 6236 0x00007eff9f0b8d10 code [0x00007eff9f0b8e80, 0x00007eff9f0b8ef8]
Event: 768.429 Thread 0x00007effb00b21e0 6237   !   4       org.eclipse.osgi.container.ModuleDatabase::getWiring (31 bytes)
Event: 771.472 Thread 0x00007effb00b21e0 nmethod 6237 0x00007eff9f1c2410 code [0x00007eff9f1c2660, 0x00007eff9f1c30b8]
Event: 779.360 Thread 0x00007effb00b36f0 6240       3       java.util.LinkedList::get (14 bytes)
Event: 779.410 Thread 0x00007effb00b36f0 nmethod 6240 0x00007eff97d1a090 code [0x00007eff97d1a280, 0x00007eff97d1a660]
Event: 784.156 Thread 0x00007effb00b36f0 6241  s    3       org.eclipse.jdt.internal.core.search.processing.JobManager::currentJob (35 bytes)
Event: 787.253 Thread 0x00007effb00b36f0 nmethod 6241 0x00007eff97bc1e10 code [0x00007eff97bc1fe0, 0x00007eff97bc2930]
Event: 791.742 Thread 0x00007effb00b36f0 6242       3       java.lang.AbstractStringBuilder::appendChars (207 bytes)
Event: 794.860 Thread 0x00007effb00b36f0 nmethod 6242 0x00007eff97d87510 code [0x00007eff97d877c0, 0x00007eff97d88780]
Event: 824.217 Thread 0x00007effb00b21e0 6243       4       org.eclipse.osgi.internal.loader.BundleLoader::findClass (7 bytes)
Event: 880.402 Thread 0x00007effb00b21e0 nmethod 6243 0x00007eff9f084810 code [0x00007eff9f0849a0, 0x00007eff9f084a10]
Event: 880.402 Thread 0x00007effb00b21e0 6245       4       java.util.HashMap$EntryIterator::next (5 bytes)
Event: 882.228 Thread 0x00007effb00b21e0 nmethod 6245 0x00007eff9f14a110 code [0x00007eff9f14a2a0, 0x00007eff9f14a480]
Event: 882.229 Thread 0x00007effb00b21e0 6244   !   4       org.eclipse.osgi.internal.loader.BundleLoader::findClass0 (461 bytes)
Event: 884.074 Thread 0x00007effb00b36f0 6246  s    3       java.io.BufferedOutputStream::write (67 bytes)
Event: 884.074 Thread 0x00007effb00b36f0 nmethod 6246 0x00007eff97c29a10 code [0x00007eff97c29c20, 0x00007eff97c2a790]
Event: 906.714 Thread 0x00007effb00b21e0 nmethod 6244 0x00007eff9f13fd10 code [0x00007eff9f140020, 0x00007eff9f141aa8]
Event: 1028.649 Thread 0x00007effb00b21e0 6248       4       java.util.concurrent.locks.ReentrantLock::unlock (10 bytes)

GC Heap History (20 events):
Event: 1039.744 GC heap before
{Heap before GC invocations=756 (full 647):
 PSYoungGen      total 35840K, used 25087K [0x00000000f5580000, 0x00000000f9c00000, 0x0000000100000000)
  eden space 25088K, 99% used [0x00000000f5580000,0x00000000f6dffff8,0x00000000f6e00000)
  from space 10752K, 0% used [0x00000000f6e00000,0x00000000f6e00000,0x00000000f7880000)
  to   space 21504K, 0% used [0x00000000f8700000,0x00000000f8700000,0x00000000f9c00000)
 ParOldGen       total 349696K, used 349695K [0x00000000e0000000, 0x00000000f5580000, 0x00000000f5580000)
  object space 349696K, 99% used [0x00000000e0000000,0x00000000f557fff0,0x00000000f5580000)
 Metaspace       used 47955K, committed 48704K, reserved 1097728K
  class space    used 4764K, committed 5120K, reserved 1048576K
}
Event: 1041.248 GC heap after
{Heap after GC invocations=756 (full 647):
 PSYoungGen      total 46592K, used 25087K [0x00000000f5580000, 0x00000000f9c00000, 0x0000000100000000)
  eden space 25088K, 99% used [0x00000000f5580000,0x00000000f6dffff8,0x00000000f6e00000)
  from space 21504K, 0% used [0x00000000f8700000,0x00000000f8700000,0x00000000f9c00000)
  to   space 10752K, 0% used [0x00000000f6e00000,0x00000000f6e00000,0x00000000f7880000)
 ParOldGen       total 349696K, used 349695K [0x00000000e0000000, 0x00000000f5580000, 0x00000000f5580000)
  object space 349696K, 99% used [0x00000000e0000000,0x00000000f557ffb8,0x00000000f5580000)
 Metaspace       used 47955K, committed 48704K, reserved 1097728K
  class space    used 4764K, committed 5120K, reserved 1048576K
}
Event: 1041.248 GC heap before
{Heap before GC invocations=757 (full 648):
 PSYoungGen      total 46592K, used 25087K [0x00000000f5580000, 0x00000000f9c00000, 0x0000000100000000)
  eden space 25088K, 99% used [0x00000000f5580000,0x00000000f6dffff8,0x00000000f6e00000)
  from space 21504K, 0% used [0x00000000f8700000,0x00000000f8700000,0x00000000f9c00000)
  to   space 10752K, 0% used [0x00000000f6e00000,0x00000000f6e00000,0x00000000f7880000)
 ParOldGen       total 349696K, used 349696K [0x00000000e0000000, 0x00000000f5580000, 0x00000000f5580000)
  object space 349696K, 100% used [0x00000000e0000000,0x00000000f5580000,0x00000000f5580000)
 Metaspace       used 47955K, committed 48704K, reserved 1097728K
  class space    used 4764K, committed 5120K, reserved 1048576K
}
Event: 1042.858 GC heap after
{Heap after GC invocations=757 (full 648):
 PSYoungGen      total 35840K, used 25087K [0x00000000f5580000, 0x00000000f9c00000, 0x0000000100000000)
  eden space 25088K, 99% used [0x00000000f5580000,0x00000000f6dffff8,0x00000000f6e00000)
  from space 10752K, 0% used [0x00000000f6e00000,0x00000000f6e00000,0x00000000f7880000)
  to   space 21504K, 0% used [0x00000000f8700000,0x00000000f8700000,0x00000000f9c00000)
 ParOldGen       total 349696K, used 349696K [0x00000000e0000000, 0x00000000f5580000, 0x00000000f5580000)
  object space 349696K, 100% used [0x00000000e0000000,0x00000000f5580000,0x00000000f5580000)
 Metaspace       used 47955K, committed 48704K, reserved 1097728K
  class space    used 4764K, committed 5120K, reserved 1048576K
}
Event: 1042.858 GC heap before
{Heap before GC invocations=758 (full 649):
 PSYoungGen      total 35840K, used 25087K [0x00000000f5580000, 0x00000000f9c00000, 0x0000000100000000)
  eden space 25088K, 99% used [0x00000000f5580000,0x00000000f6dffff8,0x00000000f6e00000)
  from space 10752K, 0% used [0x00000000f6e00000,0x00000000f6e00000,0x00000000f7880000)
  to   space 21504K, 0% used [0x00000000f8700000,0x00000000f8700000,0x00000000f9c00000)
 ParOldGen       total 349696K, used 349696K [0x00000000e0000000, 0x00000000f5580000, 0x00000000f5580000)
  object space 349696K, 100% used [0x00000000e0000000,0x00000000f5580000,0x00000000f5580000)
 Metaspace       used 47955K, committed 48704K, reserved 1097728K
  class space    used 4764K, committed 5120K, reserved 1048576K
}
Event: 1044.435 GC heap after
{Heap after GC invocations=758 (full 649):
 PSYoungGen      total 46592K, used 25087K [0x00000000f5580000, 0x00000000f9c00000, 0x0000000100000000)
  eden space 25088K, 99% used [0x00000000f5580000,0x00000000f6dffff8,0x00000000f6e00000)
  from space 21504K, 0% used [0x00000000f8700000,0x00000000f8700000,0x00000000f9c00000)
  to   space 10752K, 0% used [0x00000000f6e00000,0x00000000f6e00000,0x00000000f7880000)
 ParOldGen       total 349696K, used 349695K [0x00000000e0000000, 0x00000000f5580000, 0x00000000f5580000)
  object space 349696K, 99% used [0x00000000e0000000,0x00000000f557ff20,0x00000000f5580000)
 Metaspace       used 47955K, committed 48704K, reserved 1097728K
  class space    used 4764K, committed 5120K, reserved 1048576K
}
Event: 1044.435 GC heap before
{Heap before GC invocations=759 (full 650):
 PSYoungGen      total 46592K, used 25087K [0x00000000f5580000, 0x00000000f9c00000, 0x0000000100000000)
  eden space 25088K, 99% used [0x00000000f5580000,0x00000000f6dffff8,0x00000000f6e00000)
  from space 21504K, 0% used [0x00000000f8700000,0x00000000f8700000,0x00000000f9c00000)
  to   space 10752K, 0% used [0x00000000f6e00000,0x00000000f6e00000,0x00000000f7880000)
 ParOldGen       total 349696K, used 349695K [0x00000000e0000000, 0x00000000f5580000, 0x00000000f5580000)
  object space 349696K, 99% used [0x00000000e0000000,0x00000000f557ffa8,0x00000000f5580000)
 Metaspace       used 47955K, committed 48704K, reserved 1097728K
  class space    used 4764K, committed 5120K, reserved 1048576K
}
Event: 1046.046 GC heap after
{Heap after GC invocations=759 (full 650):
 PSYoungGen      total 35840K, used 25087K [0x00000000f5580000, 0x00000000f9c00000, 0x0000000100000000)
  eden space 25088K, 99% used [0x00000000f5580000,0x00000000f6dffff8,0x00000000f6e00000)
  from space 10752K, 0% used [0x00000000f6e00000,0x00000000f6e00000,0x00000000f7880000)
  to   space 21504K, 0% used [0x00000000f8700000,0x00000000f8700000,0x00000000f9c00000)
 ParOldGen       total 349696K, used 349695K [0x00000000e0000000, 0x00000000f5580000, 0x00000000f5580000)
  object space 349696K, 99% used [0x00000000e0000000,0x00000000f557ff90,0x00000000f5580000)
 Metaspace       used 47955K, committed 48704K, reserved 1097728K
  class space    used 4764K, committed 5120K, reserved 1048576K
}
Event: 1046.046 GC heap before
{Heap before GC invocations=760 (full 651):
 PSYoungGen      total 35840K, used 25087K [0x00000000f5580000, 0x00000000f9c00000, 0x0000000100000000)
  eden space 25088K, 99% used [0x00000000f5580000,0x00000000f6dffff8,0x00000000f6e00000)
  from space 10752K, 0% used [0x00000000f6e00000,0x00000000f6e00000,0x00000000f7880000)
  to   space 21504K, 0% used [0x00000000f8700000,0x00000000f8700000,0x00000000f9c00000)
 ParOldGen       total 349696K, used 349695K [0x00000000e0000000, 0x00000000f5580000, 0x00000000f5580000)
  object space 349696K, 99% used [0x00000000e0000000,0x00000000f557ff90,0x00000000f5580000)
 Metaspace       used 47955K, committed 48704K, reserved 1097728K
  class space    used 4764K, committed 5120K, reserved 1048576K
}
Event: 1047.711 GC heap after
{Heap after GC invocations=760 (full 651):
 PSYoungGen      total 46592K, used 25087K [0x00000000f5580000, 0x00000000f9c00000, 0x0000000100000000)
  eden space 25088K, 99% used [0x00000000f5580000,0x00000000f6dffff8,0x00000000f6e00000)
  from space 21504K, 0% used [0x00000000f8700000,0x00000000f8700000,0x00000000f9c00000)
  to   space 10752K, 0% used [0x00000000f6e00000,0x00000000f6e00000,0x00000000f7880000)
 ParOldGen       total 349696K, used 349695K [0x00000000e0000000, 0x00000000f5580000, 0x00000000f5580000)
  object space 349696K, 99% used [0x00000000e0000000,0x00000000f557ff90,0x00000000f5580000)
 Metaspace       used 47955K, committed 48704K, reserved 1097728K
  class space    used 4764K, committed 5120K, reserved 1048576K
}
Event: 1047.712 GC heap before
{Heap before GC invocations=761 (full 652):
 PSYoungGen      total 46592K, used 25087K [0x00000000f5580000, 0x00000000f9c00000, 0x0000000100000000)
  eden space 25088K, 99% used [0x00000000f5580000,0x00000000f6dffff8,0x00000000f6e00000)
  from space 21504K, 0% used [0x00000000f8700000,0x00000000f8700000,0x00000000f9c00000)
  to   space 10752K, 0% used [0x00000000f6e00000,0x00000000f6e00000,0x00000000f7880000)
 ParOldGen       total 349696K, used 349696K [0x00000000e0000000, 0x00000000f5580000, 0x00000000f5580000)
  object space 349696K, 100% used [0x00000000e0000000,0x00000000f5580000,0x00000000f5580000)
 Metaspace       used 47955K, committed 48704K, reserved 1097728K
  class space    used 4764K, committed 5120K, reserved 1048576K
}
Event: 1049.249 GC heap after
{Heap after GC invocations=761 (full 652):
 PSYoungGen      total 35840K, used 25087K [0x00000000f5580000, 0x00000000f9c00000, 0x0000000100000000)
  eden space 25088K, 99% used [0x00000000f5580000,0x00000000f6dffff8,0x00000000f6e00000)
  from space 10752K, 0% used [0x00000000f6e00000,0x00000000f6e00000,0x00000000f7880000)
  to   space 21504K, 0% used [0x00000000f8700000,0x00000000f8700000,0x00000000f9c00000)
 ParOldGen       total 349696K, used 349692K [0x00000000e0000000, 0x00000000f5580000, 0x00000000f5580000)
  object space 349696K, 99% used [0x00000000e0000000,0x00000000f557f220,0x00000000f5580000)
 Metaspace       used 47955K, committed 48704K, reserved 1097728K
  class space    used 4764K, committed 5120K, reserved 1048576K
}
Event: 1049.249 GC heap before
{Heap before GC invocations=762 (full 653):
 PSYoungGen      total 35840K, used 25087K [0x00000000f5580000, 0x00000000f9c00000, 0x0000000100000000)
  eden space 25088K, 99% used [0x00000000f5580000,0x00000000f6dffff8,0x00000000f6e00000)
  from space 10752K, 0% used [0x00000000f6e00000,0x00000000f6e00000,0x00000000f7880000)
  to   space 21504K, 0% used [0x00000000f8700000,0x00000000f8700000,0x00000000f9c00000)
 ParOldGen       total 349696K, used 349692K [0x00000000e0000000, 0x00000000f5580000, 0x00000000f5580000)
  object space 349696K, 99% used [0x00000000e0000000,0x00000000f557f310,0x00000000f5580000)
 Metaspace       used 47955K, committed 48704K, reserved 1097728K
  class space    used 4764K, committed 5120K, reserved 1048576K
}
Event: 1050.744 GC heap after
{Heap after GC invocations=762 (full 653):
 PSYoungGen      total 46592K, used 25087K [0x00000000f5580000, 0x00000000f9c00000, 0x0000000100000000)
  eden space 25088K, 99% used [0x00000000f5580000,0x00000000f6dffff8,0x00000000f6e00000)
  from space 21504K, 0% used [0x00000000f8700000,0x00000000f8700000,0x00000000f9c00000)
  to   space 10752K, 0% used [0x00000000f6e00000,0x00000000f6e00000,0x00000000f7880000)
 ParOldGen       total 349696K, used 349692K [0x00000000e0000000, 0x00000000f5580000, 0x00000000f5580000)
  object space 349696K, 99% used [0x00000000e0000000,0x00000000f557f220,0x00000000f5580000)
 Metaspace       used 47955K, committed 48704K, reserved 1097728K
  class space    used 4764K, committed 5120K, reserved 1048576K
}
Event: 1050.745 GC heap before
{Heap before GC invocations=763 (full 654):
 PSYoungGen      total 46592K, used 25087K [0x00000000f5580000, 0x00000000f9c00000, 0x0000000100000000)
  eden space 25088K, 99% used [0x00000000f5580000,0x00000000f6dffff8,0x00000000f6e00000)
  from space 21504K, 0% used [0x00000000f8700000,0x00000000f8700000,0x00000000f9c00000)
  to   space 10752K, 0% used [0x00000000f6e00000,0x00000000f6e00000,0x00000000f7880000)
 ParOldGen       total 349696K, used 349693K [0x00000000e0000000, 0x00000000f5580000, 0x00000000f5580000)
  object space 349696K, 99% used [0x00000000e0000000,0x00000000f557f568,0x00000000f5580000)
 Metaspace       used 47955K, committed 48704K, reserved 1097728K
  class space    used 4764K, committed 5120K, reserved 1048576K
}
Event: 1052.322 GC heap after
{Heap after GC invocations=763 (full 654):
 PSYoungGen      total 35840K, used 25087K [0x00000000f5580000, 0x00000000f9c00000, 0x0000000100000000)
  eden space 25088K, 99% used [0x00000000f5580000,0x00000000f6dffff8,0x00000000f6e00000)
  from space 10752K, 0% used [0x00000000f6e00000,0x00000000f6e00000,0x00000000f7880000)
  to   space 21504K, 0% used [0x00000000f8700000,0x00000000f8700000,0x00000000f9c00000)
 ParOldGen       total 349696K, used 349692K [0x00000000e0000000, 0x00000000f5580000, 0x00000000f5580000)
  object space 349696K, 99% used [0x00000000e0000000,0x00000000f557f310,0x00000000f5580000)
 Metaspace       used 47955K, committed 48704K, reserved 1097728K
  class space    used 4764K, committed 5120K, reserved 1048576K
}
Event: 1052.322 GC heap before
{Heap before GC invocations=764 (full 655):
 PSYoungGen      total 35840K, used 25087K [0x00000000f5580000, 0x00000000f9c00000, 0x0000000100000000)
  eden space 25088K, 99% used [0x00000000f5580000,0x00000000f6dffff8,0x00000000f6e00000)
  from space 10752K, 0% used [0x00000000f6e00000,0x00000000f6e00000,0x00000000f7880000)
  to   space 21504K, 0% used [0x00000000f8700000,0x00000000f8700000,0x00000000f9c00000)
 ParOldGen       total 349696K, used 349695K [0x00000000e0000000, 0x00000000f5580000, 0x00000000f5580000)
  object space 349696K, 99% used [0x00000000e0000000,0x00000000f557ffb8,0x00000000f5580000)
 Metaspace       used 47955K, committed 48704K, reserved 1097728K
  class space    used 4764K, committed 5120K, reserved 1048576K
}
Event: 1053.856 GC heap after
{Heap after GC invocations=764 (full 655):
 PSYoungGen      total 46592K, used 25087K [0x00000000f5580000, 0x00000000f9c00000, 0x0000000100000000)
  eden space 25088K, 99% used [0x00000000f5580000,0x00000000f6dfffb8,0x00000000f6e00000)
  from space 21504K, 0% used [0x00000000f8700000,0x00000000f8700000,0x00000000f9c00000)
  to   space 10752K, 0% used [0x00000000f6e00000,0x00000000f6e00000,0x00000000f7880000)
 ParOldGen       total 349696K, used 349695K [0x00000000e0000000, 0x00000000f5580000, 0x00000000f5580000)
  object space 349696K, 99% used [0x00000000e0000000,0x00000000f557ff78,0x00000000f5580000)
 Metaspace       used 47955K, committed 48704K, reserved 1097728K
  class space    used 4764K, committed 5120K, reserved 1048576K
}
Event: 1053.856 GC heap before
{Heap before GC invocations=765 (full 656):
 PSYoungGen      total 46592K, used 25087K [0x00000000f5580000, 0x00000000f9c00000, 0x0000000100000000)
  eden space 25088K, 99% used [0x00000000f5580000,0x00000000f6dfffb8,0x00000000f6e00000)
  from space 21504K, 0% used [0x00000000f8700000,0x00000000f8700000,0x00000000f9c00000)
  to   space 10752K, 0% used [0x00000000f6e00000,0x00000000f6e00000,0x00000000f7880000)
 ParOldGen       total 349696K, used 349695K [0x00000000e0000000, 0x00000000f5580000, 0x00000000f5580000)
  object space 349696K, 99% used [0x00000000e0000000,0x00000000f557ff78,0x00000000f5580000)
 Metaspace       used 47955K, committed 48704K, reserved 1097728K
  class space    used 4764K, committed 5120K, reserved 1048576K
}
Event: 1055.333 GC heap after
{Heap after GC invocations=765 (full 656):
 PSYoungGen      total 35840K, used 25087K [0x00000000f5580000, 0x00000000f9c00000, 0x0000000100000000)
  eden space 25088K, 99% used [0x00000000f5580000,0x00000000f6dfffb8,0x00000000f6e00000)
  from space 10752K, 0% used [0x00000000f6e00000,0x00000000f6e00000,0x00000000f7880000)
  to   space 21504K, 0% used [0x00000000f8700000,0x00000000f8700000,0x00000000f9c00000)
 ParOldGen       total 349696K, used 349695K [0x00000000e0000000, 0x00000000f5580000, 0x00000000f5580000)
  object space 349696K, 99% used [0x00000000e0000000,0x00000000f557ff78,0x00000000f5580000)
 Metaspace       used 47955K, committed 48704K, reserved 1097728K
  class space    used 4764K, committed 5120K, reserved 1048576K
}

Dll operation events (8 events):
Event: 0.003 Loaded shared library /nix/store/gpxl5qgg8kicmcvivwmybwjlpf7wh20l-graalvm17-ce-22.3.0/lib/libjava.so
Event: 0.010 Loaded shared library /nix/store/gpxl5qgg8kicmcvivwmybwjlpf7wh20l-graalvm17-ce-22.3.0/lib/libjsvml.so
Event: 0.217 Loaded shared library /nix/store/gpxl5qgg8kicmcvivwmybwjlpf7wh20l-graalvm17-ce-22.3.0/lib/libnio.so
Event: 0.221 Loaded shared library /nix/store/gpxl5qgg8kicmcvivwmybwjlpf7wh20l-graalvm17-ce-22.3.0/lib/libzip.so
Event: 0.224 Loaded shared library /nix/store/gpxl5qgg8kicmcvivwmybwjlpf7wh20l-graalvm17-ce-22.3.0/lib/libjvmcicompiler.so
Event: 0.616 Loaded shared library /nix/store/gpxl5qgg8kicmcvivwmybwjlpf7wh20l-graalvm17-ce-22.3.0/lib/libjimage.so
Event: 2.312 Loaded shared library /nix/store/gpxl5qgg8kicmcvivwmybwjlpf7wh20l-graalvm17-ce-22.3.0/lib/libnet.so
Event: 3.512 Loaded shared library /home/runner/.cache/jdt-language-server/config/org.eclipse.equinox.launcher/org.eclipse.equinox.launcher.gtk.linux.x86_64_1.2.400.v20211117-0650/eclipse_11600.so

Deoptimization events (20 events):
Event: 61.438 Thread 0x00007eff44621040 DEOPT PACKING pc=0x00007eff98365cec sp=0x00007eff5cbfe530
Event: 61.438 Thread 0x00007eff44621040 DEOPT UNPACKING pc=0x00007eff97505325 sp=0x00007eff5cbfda20 mode 0
Event: 61.440 Thread 0x00007eff44621040 DEOPT PACKING pc=0x00007eff98365d5d sp=0x00007eff5cbfe530
Event: 61.440 Thread 0x00007eff44621040 DEOPT UNPACKING pc=0x00007eff97505325 sp=0x00007eff5cbfda20 mode 0
Event: 61.445 Thread 0x00007eff44621040 DEOPT PACKING pc=0x00007eff98365cec sp=0x00007eff5cbfe530
Event: 61.445 Thread 0x00007eff44621040 DEOPT UNPACKING pc=0x00007eff97505325 sp=0x00007eff5cbfda20 mode 0
Event: 61.450 Thread 0x00007eff44621040 DEOPT PACKING pc=0x00007eff98365d5d sp=0x00007eff5cbfe530
Event: 61.450 Thread 0x00007eff44621040 DEOPT UNPACKING pc=0x00007eff97505325 sp=0x00007eff5cbfda20 mode 0
Event: 61.456 Thread 0x00007eff44621040 DEOPT PACKING pc=0x00007eff98365d5d sp=0x00007eff5cbfe530
Event: 61.456 Thread 0x00007eff44621040 DEOPT UNPACKING pc=0x00007eff97505325 sp=0x00007eff5cbfda20 mode 0
Event: 61.461 Thread 0x00007eff44621040 DEOPT PACKING pc=0x00007eff98365d5d sp=0x00007eff5cbfe530
Event: 61.461 Thread 0x00007eff44621040 DEOPT UNPACKING pc=0x00007eff97505325 sp=0x00007eff5cbfda20 mode 0
Event: 61.464 Thread 0x00007eff44621040 DEOPT PACKING pc=0x00007eff98365d5d sp=0x00007eff5cbfe530
Event: 61.464 Thread 0x00007eff44621040 DEOPT UNPACKING pc=0x00007eff97505325 sp=0x00007eff5cbfda20 mode 0
Event: 61.523 Thread 0x00007eff44621040 DEOPT PACKING pc=0x00007eff98365cec sp=0x00007eff5cbfe530
Event: 61.523 Thread 0x00007eff44621040 DEOPT UNPACKING pc=0x00007eff97505325 sp=0x00007eff5cbfda20 mode 0
Event: 1027.161 Thread 0x00007eff44621040 Uncommon trap: trap_request=0xffffff8f fr.pc=0x00007eff9f067f14 relative=0x0000000000000274
Event: 1027.161 Thread 0x00007eff44621040 Uncommon trap: reason=constraint action=none pc=0x00007eff9f067f14 method=org.eclipse.jdt.internal.core.index.DiskIndex$IntList.add(I)V @ 0 jvmci
Event: 1028.649 Thread 0x00007eff44621040 DEOPT PACKING pc=0x00007eff9f067f14 sp=0x00007eff5cbfe520
Event: 1028.649 Thread 0x00007eff44621040 DEOPT UNPACKING pc=0x00007eff97505325 sp=0x00007eff5cbfd9c0 mode 3

Classes unloaded (20 events):
Event: 154.632 Thread 0x00007effb00a1c10 Unloading class 0x0000000800d9d000 'java/lang/invoke/LambdaForm$MH+0x0000000800d9d000'
Event: 154.632 Thread 0x00007effb00a1c10 Unloading class 0x0000000800d9cc00 'java/lang/invoke/LambdaForm$MH+0x0000000800d9cc00'
Event: 154.632 Thread 0x00007effb00a1c10 Unloading class 0x0000000800d9c800 'java/lang/invoke/LambdaForm$MH+0x0000000800d9c800'
Event: 154.632 Thread 0x00007effb00a1c10 Unloading class 0x0000000800d9c400 'java/lang/invoke/LambdaForm$MH+0x0000000800d9c400'
Event: 154.632 Thread 0x00007effb00a1c10 Unloading class 0x0000000800d9c000 'jdk/internal/reflect/GeneratedConstructorAccessor3'
Event: 154.632 Thread 0x00007effb00a1c10 Unloading class 0x0000000800d91400 'java/lang/invoke/LambdaForm$MH+0x0000000800d91400'
Event: 154.632 Thread 0x00007effb00a1c10 Unloading class 0x0000000800d91000 'java/lang/invoke/LambdaForm$MH+0x0000000800d91000'
Event: 154.632 Thread 0x00007effb00a1c10 Unloading class 0x0000000800d90c00 'java/lang/invoke/LambdaForm$MH+0x0000000800d90c00'
Event: 154.632 Thread 0x00007effb00a1c10 Unloading class 0x0000000800d90800 'java/lang/invoke/LambdaForm$MH+0x0000000800d90800'
Event: 154.632 Thread 0x00007effb00a1c10 Unloading class 0x0000000800d90400 'java/lang/invoke/LambdaForm$MH+0x0000000800d90400'
Event: 154.632 Thread 0x00007effb00a1c10 Unloading class 0x0000000800d90000 'java/lang/invoke/LambdaForm$MH+0x0000000800d90000'
Event: 154.632 Thread 0x00007effb00a1c10 Unloading class 0x0000000800cb2800 'java/lang/invoke/LambdaForm$MH+0x0000000800cb2800'
Event: 154.632 Thread 0x00007effb00a1c10 Unloading class 0x0000000800cb2000 'java/lang/invoke/LambdaForm$MH+0x0000000800cb2000'
Event: 154.632 Thread 0x00007effb00a1c10 Unloading class 0x0000000800cb1c00 'java/lang/invoke/LambdaForm$MH+0x0000000800cb1c00'
Event: 154.632 Thread 0x00007effb00a1c10 Unloading class 0x0000000800cb1800 'java/lang/invoke/LambdaForm$MH+0x0000000800cb1800'
Event: 154.632 Thread 0x00007effb00a1c10 Unloading class 0x0000000800cb1000 'java/lang/invoke/LambdaForm$MH+0x0000000800cb1000'
Event: 154.632 Thread 0x00007effb00a1c10 Unloading class 0x0000000800cb0c00 'java/lang/invoke/LambdaForm$MH+0x0000000800cb0c00'
Event: 154.632 Thread 0x00007effb00a1c10 Unloading class 0x0000000800cb0800 'java/lang/invoke/LambdaForm$MH+0x0000000800cb0800'
Event: 154.632 Thread 0x00007effb00a1c10 Unloading class 0x0000000800cb0000 'java/lang/invoke/LambdaForm$MH+0x0000000800cb0000'
Event: 182.348 Thread 0x00007effb00a1c10 Unloading class 0x0000000800fd8800 'jdk/internal/reflect/GeneratedConstructorAccessor23'

Classes redefined (0 events):
No events

Internal exceptions (20 events):
Event: 22.418 Thread 0x00007eff1c158cb0 Exception <a 'java/lang/NoSuchMethodError'{0x00000000f56a4498}: 'int java.lang.invoke.DirectMethodHandle$Holder.invokeSpecial(java.lang.Object, java.lang.Object, java.lang.Object)'> (0x00000000f56a4498) 
thrown [src/hotspot/share/interpreter/linkResolver.cpp, line 758]
Event: 22.422 Thread 0x00007eff1c158cb0 Exception <a 'java/lang/NoSuchMethodError'{0x00000000f5701858}: 'int java.lang.invoke.DirectMethodHandle$Holder.invokeStatic(java.lang.Object, java.lang.Object, java.lang.Object, int)'> (0x00000000f5701858) 
thrown [src/hotspot/share/interpreter/linkResolver.cpp, line 758]
Event: 22.624 Thread 0x00007eff1c158cb0 Exception <a 'java/io/FileNotFoundException'{0x00000000f58931d0}> (0x00000000f58931d0) 
thrown [src/hotspot/share/prims/jni.cpp, line 516]
Event: 22.718 Thread 0x00007eff3c001540 Exception <a 'sun/nio/fs/UnixException'{0x00000000f5686a80}> (0x00000000f5686a80) 
thrown [src/hotspot/share/prims/jni.cpp, line 516]
Event: 23.540 Thread 0x00007eff44621040 Exception <a 'sun/nio/fs/UnixException'{0x00000000f5fff280}> (0x00000000f5fff280) 
thrown [src/hotspot/share/prims/jni.cpp, line 516]
Event: 23.746 Thread 0x00007eff2c001130 Exception <a 'java/lang/NoSuchMethodError'{0x00000000f62de300}: 'java.lang.Object java.lang.invoke.DirectMethodHandle$Holder.newInvokeSpecial(java.lang.Object, java.lang.Object, java.lang.Object, int, java.lang.Object)'> (0x00000000f62de300) 
thrown [src/hotspot/share/interpreter/linkResolver.cpp, line 758]
Event: 23.821 Thread 0x00007eff2c001130 Exception <a 'java/lang/NoSuchMethodError'{0x00000000f62e26f8}: 'java.lang.Object java.lang.invoke.DirectMethodHandle$Holder.invokeSpecial(java.lang.Object, java.lang.Object, java.lang.Object, java.lang.Object, int, java.lang.Object)'> (0x00000000f62e26f8) 
thrown [src/hotspot/share/interpreter/linkResolver.cpp, line 758]
Event: 23.821 Thread 0x00007eff2c001130 Exception <a 'java/lang/NoSuchMethodError'{0x00000000f62e6410}: 'java.lang.Object java.lang.invoke.Invokers$Holder.linkToTargetMethod(java.lang.Object, java.lang.Object, int, java.lang.Object, java.lang.Object)'> (0x00000000f62e6410) 
thrown [src/hotspot/share/interpreter/linkResolver.cpp, line 758]
Event: 23.975 Thread 0x00007eff2c001130 Exception <a 'java/lang/NoSuchMethodError'{0x00000000f6416df8}: 'java.lang.Object java.lang.invoke.DirectMethodHandle$Holder.invokeStatic(java.lang.Object, java.lang.Object, int, java.lang.Object)'> (0x00000000f6416df8) 
thrown [src/hotspot/share/interpreter/linkResolver.cpp, line 758]
Event: 23.975 Thread 0x00007eff2c001130 Exception <a 'java/lang/NoSuchMethodError'{0x00000000f641ea20}: 'java.lang.Object java.lang.invoke.DirectMethodHandle$Holder.newInvokeSpecial(java.lang.Object, java.lang.Object, int)'> (0x00000000f641ea20) 
thrown [src/hotspot/share/interpreter/linkResolver.cpp, line 758]
Event: 24.312 Thread 0x00007eff1c158cb0 Exception <a 'java/lang/NoSuchMethodError'{0x00000000f6645110}: 'void java.lang.invoke.DirectMethodHandle$Holder.invokeSpecial(java.lang.Object, java.lang.Object, int)'> (0x00000000f6645110) 
thrown [src/hotspot/share/interpreter/linkResolver.cpp, line 758]
Event: 24.715 Thread 0x00007eff1c158cb0 Exception <a 'java/lang/NoSuchMethodError'{0x00000000f68f8e80}: 'int java.lang.invoke.DirectMethodHandle$Holder.invokeSpecialIFC(java.lang.Object, java.lang.Object, java.lang.Object, java.lang.Object)'> (0x00000000f68f8e80) 
thrown [src/hotspot/share/interpreter/linkResolver.cpp, line 758]
Event: 27.427 Thread 0x00007eff1c158cb0 Exception <a 'java/lang/NoSuchMethodError'{0x00000000f57097e8}: 'java.lang.Object java.lang.invoke.DirectMethodHandle$Holder.invokeStatic(java.lang.Object, int, java.lang.Object, java.lang.Object, java.lang.Object, java.lang.Object)'> (0x00000000f57097e8) 
thrown [src/hotspot/share/interpreter/linkResolver.cpp, line 758]
Event: 27.633 Thread 0x00007eff44621040 Exception <a 'sun/nio/fs/UnixException'{0x00000000f59366f0}> (0x00000000f59366f0) 
thrown [src/hotspot/share/prims/jni.cpp, line 516]
Event: 28.539 Thread 0x00007eff44621040 Implicit null exception at 0x00007eff9eff54b0 to 0x00007eff9eff5557
Event: 40.738 Thread 0x00007eff44621040 Implicit null exception at 0x00007eff9f127ca2 to 0x00007eff9f12a188
Event: 1027.161 Thread 0x00007eff44621040 Exception <a 'java/lang/OutOfMemoryError'{0x00000000e00bcca8}> (0x00000000e00bcca8) 
thrown [src/hotspot/share/gc/shared/memAllocator.cpp, line 138]
Event: 1027.161 Thread 0x00007eff44621040 Implicit null exception at 0x00007eff9f067e6d to 0x00007eff9f067ef9
Event: 1047.711 Thread 0x00007eff3405a4b0 Exception <a 'java/lang/OutOfMemoryError'{0x00000000e00bc168}> (0x00000000e00bc168) 
thrown [src/hotspot/share/gc/shared/memAllocator.cpp, line 136]
Event: 1055.334 Thread 0x00007effb00b21e0 Exception <a 'java/lang/OutOfMemoryError'{0x00000000e00bc758}> (0x00000000e00bc758) 
thrown [src/hotspot/share/gc/shared/memAllocator.cpp, line 136]

VM Operations (20 events):
Event: 1035.009 Executing VM operation: ParallelGCFailedAllocation
Event: 1036.558 Executing VM operation: ParallelGCFailedAllocation done
Event: 1036.559 Executing VM operation: ParallelGCFailedAllocation
Event: 1038.041 Executing VM operation: ParallelGCFailedAllocation done
Event: 1038.041 Executing VM operation: ParallelGCFailedAllocation
Event: 1039.743 Executing VM operation: ParallelGCFailedAllocation done
Event: 1039.743 Executing VM operation: ParallelGCFailedAllocation
Event: 1041.248 Executing VM operation: ParallelGCFailedAllocation done
Event: 1041.248 Executing VM operation: ParallelGCFailedAllocation
Event: 1044.435 Executing VM operation: ParallelGCFailedAllocation done
Event: 1044.435 Executing VM operation: ParallelGCFailedAllocation
Event: 1047.711 Executing VM operation: ParallelGCFailedAllocation done
Event: 1047.711 Executing VM operation: ParallelGCFailedAllocation
Event: 1049.249 Executing VM operation: ParallelGCFailedAllocation done
Event: 1049.249 Executing VM operation: ParallelGCFailedAllocation
Event: 1050.744 Executing VM operation: ParallelGCFailedAllocation done
Event: 1050.745 Executing VM operation: ParallelGCFailedAllocation
Event: 1052.322 Executing VM operation: ParallelGCFailedAllocation done
Event: 1052.322 Executing VM operation: ParallelGCFailedAllocation
Event: 1055.334 Executing VM operation: ParallelGCFailedAllocation done

Events (20 events):
Event: 771.483 Thread 0x00007effb00b4b40 flushing nmethod 0x00007eff98452810
Event: 771.484 Thread 0x00007effb00b4b40 flushing nmethod 0x00007eff9845e190
Event: 771.484 Thread 0x00007effb00b4b40 flushing nmethod 0x00007eff98464510
Event: 771.484 Thread 0x00007effb00b4b40 flushing nmethod 0x00007eff9846f790
Event: 771.484 Thread 0x00007effb00b4b40 flushing nmethod 0x00007eff9846ff90
Event: 771.484 Thread 0x00007effb00b4b40 flushing nmethod 0x00007eff9847e110
Event: 771.484 Thread 0x00007effb00b4b40 flushing nmethod 0x00007eff98480f90
Event: 771.484 Thread 0x00007effb00b4b40 flushing nmethod 0x00007eff98482110
Event: 771.484 Thread 0x00007effb00b4b40 flushing nmethod 0x00007eff98495610
Event: 771.484 Thread 0x00007effb00b4b40 flushing nmethod 0x00007eff984d8b90
Event: 771.484 Thread 0x00007effb00b4b40 flushing nmethod 0x00007eff984e5f10
Event: 771.484 Thread 0x00007effb00b4b40 flushing nmethod 0x00007eff9850d410
Event: 771.484 Thread 0x00007effb00b4b40 flushing nmethod 0x00007eff98513f10
Event: 771.484 Thread 0x00007effb00b4b40 flushing nmethod 0x00007eff98551b10
Event: 771.484 Thread 0x00007effb00b4b40 flushing nmethod 0x00007eff985dc510
Event: 771.484 Thread 0x00007effb00b4b40 flushing nmethod 0x00007eff985f0390
Event: 918.441 loading class java/util/concurrent/ForkJoinPool$DefaultForkJoinWorkerThreadFactory$1
Event: 918.441 loading class java/util/concurrent/ForkJoinPool$DefaultForkJoinWorkerThreadFactory$1 done
Event: 926.917 Thread 0x00007eff3405a4b0 Thread added: 0x00007eff3405a4b0
Event: 926.917 Protecting memory [0x00007eff5bf00000,0x00007eff5bf04000] with protection modes 0


Dynamic libraries:
e0000000-f5580000 rw-p 00000000 00:00 0 
f5580000-f9c00000 rw-p 00000000 00:00 0 
f9c00000-100000000 ---p 00000000 00:00 0 
800000000-800449000 rw-p 00001000 00:1443 9223372037562745673            /nix/store/gpxl5qgg8kicmcvivwmybwjlpf7wh20l-graalvm17-ce-22.3.0/lib/server/classes.jsa
800449000-800bc8000 r--p 0044a000 00:1443 9223372037562745673            /nix/store/gpxl5qgg8kicmcvivwmybwjlpf7wh20l-graalvm17-ce-22.3.0/lib/server/classes.jsa
800bc8000-800c00000 ---p 00000000 00:00 0 
800c00000-800c20000 rw-p 00000000 00:00 0 
800c20000-800c40000 rw-p 00000000 00:00 0 
800c40000-800cc0000 rw-p 00000000 00:00 0 
800cc0000-800d00000 rw-p 00000000 00:00 0 
800d00000-800dc0000 rw-p 00000000 00:00 0 
800dc0000-800e00000 rw-p 00000000 00:00 0 
800e00000-801100000 rw-p 00000000 00:00 0 
801100000-840c00000 ---p 00000000 00:00 0 
55e52d35e000-55e52d35f000 r-xp 00000000 00:1443 9223372037526805748      /nix/store/gpxl5qgg8kicmcvivwmybwjlpf7wh20l-graalvm17-ce-22.3.0/bin/.java-wrapped
55e52d360000-55e52d361000 r--p 00001000 00:1443 9223372037526805748      /nix/store/gpxl5qgg8kicmcvivwmybwjlpf7wh20l-graalvm17-ce-22.3.0/bin/.java-wrapped
55e52d361000-55e52d362000 rw-p 00002000 00:1443 9223372037526805748      /nix/store/gpxl5qgg8kicmcvivwmybwjlpf7wh20l-graalvm17-ce-22.3.0/bin/.java-wrapped
55e52d362000-55e52d363000 rw-p 00004000 00:1443 9223372037526805748      /nix/store/gpxl5qgg8kicmcvivwmybwjlpf7wh20l-graalvm17-ce-22.3.0/bin/.java-wrapped
55e52d363000-55e52d364000 rw-p 00005000 00:1443 9223372037526805748      /nix/store/gpxl5qgg8kicmcvivwmybwjlpf7wh20l-graalvm17-ce-22.3.0/bin/.java-wrapped
55e52e9cf000-55e52ea17000 rw-p 00000000 00:00 0                          [heap]
7efef8000000-7efef8025000 rw-p 00000000 00:00 0 
7efef8025000-7efefc000000 ---p 00000000 00:00 0 
7eff00000000-7eff00021000 rw-p 00000000 00:00 0 
7eff00021000-7eff04000000 ---p 00000000 00:00 0 
7eff04000000-7eff04054000 rw-p 00000000 00:00 0 
7eff04054000-7eff08000000 ---p 00000000 00:00 0 
7eff0c000000-7eff0c1e0000 rw-p 00000000 00:00 0 
7eff0c1e0000-7eff10000000 ---p 00000000 00:00 0 
7eff10c00000-7eff10ed0000 rw-p 00000000 00:00 0 
7eff10ed0000-7eff11400000 ---p 00000000 00:00 0 
7eff11400000-7eff11560000 rw-p 00000000 00:00 0 
7eff11560000-7eff11b80000 rw-p 00000000 00:00 0 
7eff11b80000-7eff11bc0000 rw-p 00000000 00:00 0 
7eff11bc0000-7eff11c00000 ---p 00000000 00:00 0 
7eff11cb3000-7eff1b800000 r--s 00000000 00:1443 9223372037562580485      /nix/store/gpxl5qgg8kicmcvivwmybwjlpf7wh20l-graalvm17-ce-22.3.0/lib/modules
7eff1b800000-7eff1b900000 rw-p 00000000 00:00 0 
7eff1b900000-7eff1c000000 rw-p 00000000 00:00 0 
7eff1c000000-7eff1c172000 rw-p 00000000 00:00 0 
7eff1c172000-7eff20000000 ---p 00000000 00:00 0 
7eff20000000-7eff200f3000 rw-p 00000000 00:00 0 
7eff200f3000-7eff24000000 ---p 00000000 00:00 0 
7eff24000000-7eff24021000 rw-p 00000000 00:00 0 
7eff24021000-7eff28000000 ---p 00000000 00:00 0 
7eff28000000-7eff28021000 rw-p 00000000 00:00 0 
7eff28021000-7eff2c000000 ---p 00000000 00:00 0 
7eff2c000000-7eff2c071000 rw-p 00000000 00:00 0 
7eff2c071000-7eff30000000 ---p 00000000 00:00 0 
7eff30000000-7eff30053000 rw-p 00000000 00:00 0 
7eff30053000-7eff34000000 ---p 00000000 00:00 0 
7eff34000000-7eff3406d000 rw-p 00000000 00:00 0 
7eff3406d000-7eff38000000 ---p 00000000 00:00 0 
7eff38000000-7eff382e8000 rw-p 00000000 00:00 0 
7eff382e8000-7eff3c000000 ---p 00000000 00:00 0 
7eff3c000000-7eff3c021000 rw-p 00000000 00:00 0 
7eff3c021000-7eff40000000 ---p 00000000 00:00 0 
7eff40000000-7eff40021000 rw-p 00000000 00:00 0 
7eff40021000-7eff44000000 ---p 00000000 00:00 0 
7eff44000000-7eff448aa000 rw-p 00000000 00:00 0 
7eff448aa000-7eff48000000 ---p 00000000 00:00 0 
7eff48000000-7eff48021000 rw-p 00000000 00:00 0 
7eff48021000-7eff4c000000 ---p 00000000 00:00 0 
7eff4c000000-7eff4c021000 rw-p 00000000 00:00 0 
7eff4c021000-7eff50000000 ---p 00000000 00:00 0 
7eff50000000-7eff50021000 rw-p 00000000 00:00 0 
7eff50021000-7eff54000000 ---p 00000000 00:00 0 
7eff54000000-7eff54021000 rw-p 00000000 00:00 0 
7eff54021000-7eff58000000 ---p 00000000 00:00 0 
7eff59400000-7eff59500000 rw-p 00000000 00:00 0 
7eff59500000-7eff59c00000 rw-p 00000000 00:00 0 
7eff59c00000-7eff59d00000 rw-p 00000000 00:00 0 
7eff59d00000-7eff59e00000 rw-p 00000000 00:00 0 
7eff59e00000-7eff5a360000 rw-p 00000000 00:00 0 
7eff5a360000-7eff5a380000 rw-p 00000000 00:00 0 
7eff5a380000-7eff5a400000 rw-p 00000000 00:00 0 
7eff5a400000-7eff5a410000 r-xp 00000000 00:143f 353                      /home/runner/.cache/jdt-language-server/config/org.eclipse.equinox.launcher/org.eclipse.equinox.launcher.gtk.linux.x86_64_1.2.400.v20211117-0650/eclipse_11600.so
7eff5a410000-7eff5a60f000 ---p 00010000 00:143f 353                      /home/runner/.cache/jdt-language-server/config/org.eclipse.equinox.launcher/org.eclipse.equinox.launcher.gtk.linux.x86_64_1.2.400.v20211117-0650/eclipse_11600.so
7eff5a60f000-7eff5a610000 r--p 0000f000 00:143f 353                      /home/runner/.cache/jdt-language-server/config/org.eclipse.equinox.launcher/org.eclipse.equinox.launcher.gtk.linux.x86_64_1.2.400.v20211117-0650/eclipse_11600.so
7eff5a610000-7eff5a611000 rw-p 00010000 00:143f 353                      /home/runner/.cache/jdt-language-server/config/org.eclipse.equinox.launcher/org.eclipse.equinox.launcher.gtk.linux.x86_64_1.2.400.v20211117-0650/eclipse_11600.so
7eff5ad00000-7eff5ae00000 ---p 00000000 00:00 0 
7eff5ae00000-7eff5b3af000 r--p 01122000 00:1443 9223372037562577944      /nix/store/gpxl5qgg8kicmcvivwmybwjlpf7wh20l-graalvm17-ce-22.3.0/lib/libjvmcicompiler.so
7eff5b3af000-7eff5b500000 r--p 00000000 00:00 0 
7eff5b500000-7eff5b53d000 rw-p 00000000 00:00 0 
7eff5b53d000-7eff5ba5d000 rw-p 0185f000 00:1443 9223372037562577944      /nix/store/gpxl5qgg8kicmcvivwmybwjlpf7wh20l-graalvm17-ce-22.3.0/lib/libjvmcicompiler.so
7eff5ba5d000-7eff5be44000 r--p 01d7f000 00:1443 9223372037562577944      /nix/store/gpxl5qgg8kicmcvivwmybwjlpf7wh20l-graalvm17-ce-22.3.0/lib/libjvmcicompiler.so
7eff5bf00000-7eff5bf04000 ---p 00000000 00:00 0 
7eff5bf04000-7eff5c000000 rw-p 00000000 00:00 0 
7eff5c100000-7eff5c104000 ---p 00000000 00:00 0 
7eff5c104000-7eff5c200000 rw-p 00000000 00:00 0 
7eff5c300000-7eff5c304000 ---p 00000000 00:00 0 
7eff5c304000-7eff5c400000 rw-p 00000000 00:00 0 
7eff5c500000-7eff5c504000 ---p 00000000 00:00 0 
7eff5c504000-7eff5c600000 rw-p 00000000 00:00 0 
7eff5c700000-7eff5c704000 ---p 00000000 00:00 0 
7eff5c704000-7eff5c800000 rw-p 00000000 00:00 0 
7eff5c900000-7eff5c904000 ---p 00000000 00:00 0 
7eff5c904000-7eff5ca00000 rw-p 00000000 00:00 0 
7eff5cb00000-7eff5cb04000 ---p 00000000 00:00 0 
7eff5cb04000-7eff5cc00000 rw-p 00000000 00:00 0 
7eff5cd00000-7eff5cd04000 ---p 00000000 00:00 0 
7eff5cd04000-7eff5ce00000 rw-p 00000000 00:00 0 
7eff5cf00000-7eff5cf04000 ---p 00000000 00:00 0 
7eff5cf04000-7eff5d000000 rw-p 00000000 00:00 0 
7eff5d100000-7eff5d104000 ---p 00000000 00:00 0 
7eff5d104000-7eff5d200000 rw-p 00000000 00:00 0 
7eff5d300000-7eff5d304000 ---p 00000000 00:00 0 
7eff5d304000-7eff5d400000 rw-p 00000000 00:00 0 
7eff5d500000-7eff5d504000 ---p 00000000 00:00 0 
7eff5d504000-7eff5d600000 rw-p 00000000 00:00 0 
7eff5d700000-7eff5d704000 ---p 00000000 00:00 0 
7eff5d704000-7eff5d800000 rw-p 00000000 00:00 0 
7eff5d900000-7eff5d904000 ---p 00000000 00:00 0 
7eff5d904000-7eff5da00000 rw-p 00000000 00:00 0 
7eff5db00000-7eff5db04000 ---p 00000000 00:00 0 
7eff5db04000-7eff5dc00000 rw-p 00000000 00:00 0 
7eff5dc00000-7eff5fd6a000 r-xp 00000000 00:1443 9223372037562577944      /nix/store/gpxl5qgg8kicmcvivwmybwjlpf7wh20l-graalvm17-ce-22.3.0/lib/libjvmcicompiler.so
7eff5fd6a000-7eff5ff69000 ---p 0216a000 00:1443 9223372037562577944      /nix/store/gpxl5qgg8kicmcvivwmybwjlpf7wh20l-graalvm17-ce-22.3.0/lib/libjvmcicompiler.so
7eff5ff69000-7eff5ff6a000 r--p 02169000 00:1443 9223372037562577944      /nix/store/gpxl5qgg8kicmcvivwmybwjlpf7wh20l-graalvm17-ce-22.3.0/lib/libjvmcicompiler.so
7eff5ff6a000-7eff5ff6c000 rw-p 0216a000 00:1443 9223372037562577944      /nix/store/gpxl5qgg8kicmcvivwmybwjlpf7wh20l-graalvm17-ce-22.3.0/lib/libjvmcicompiler.so
7eff5ff6c000-7eff5ff6d000 rw-p 00000000 00:00 0 
7eff5ff6d000-7eff5ff72000 rw-p 023c3000 00:1443 9223372037562577944      /nix/store/gpxl5qgg8kicmcvivwmybwjlpf7wh20l-graalvm17-ce-22.3.0/lib/libjvmcicompiler.so
7eff60000000-7eff60021000 rw-p 00000000 00:00 0 
7eff60021000-7eff64000000 ---p 00000000 00:00 0 
7eff64000000-7eff64021000 rw-p 00000000 00:00 0 
7eff64021000-7eff68000000 ---p 00000000 00:00 0 
7eff68000000-7eff68021000 rw-p 00000000 00:00 0 
7eff68021000-7eff6c000000 ---p 00000000 00:00 0 
7eff6c000000-7eff6c021000 rw-p 00000000 00:00 0 
7eff6c021000-7eff70000000 ---p 00000000 00:00 0 
7eff70000000-7eff700d5000 rw-p 00000000 00:00 0 
7eff700d5000-7eff74000000 ---p 00000000 00:00 0 
7eff74000000-7eff74a92000 rw-p 00000000 00:00 0 
7eff74a92000-7eff78000000 ---p 00000000 00:00 0 
7eff78000000-7eff78021000 rw-p 00000000 00:00 0 
7eff78021000-7eff7c000000 ---p 00000000 00:00 0 
7eff7c000000-7eff7c021000 rw-p 00000000 00:00 0 
7eff7c021000-7eff80000000 ---p 00000000 00:00 0 
7eff80000000-7eff80021000 rw-p 00000000 00:00 0 
7eff80021000-7eff84000000 ---p 00000000 00:00 0 
7eff84000000-7eff84021000 rw-p 00000000 00:00 0 
7eff84021000-7eff88000000 ---p 00000000 00:00 0 
7eff88000000-7eff88021000 rw-p 00000000 00:00 0 
7eff88021000-7eff8c000000 ---p 00000000 00:00 0 
7eff8c000000-7eff8c021000 rw-p 00000000 00:00 0 
7eff8c021000-7eff90000000 ---p 00000000 00:00 0 
7eff90000000-7eff90049000 rw-p 00000000 00:00 0 
7eff90049000-7eff94000000 ---p 00000000 00:00 0 
7eff94000000-7eff94004000 ---p 00000000 00:00 0 
7eff94004000-7eff94100000 rw-p 00000000 00:00 0 
7eff949a9000-7eff94d00000 rw-p 00000000 00:00 0 
7eff94e00000-7eff94e04000 ---p 00000000 00:00 0 
7eff94e04000-7eff94f00000 rw-p 00000000 00:00 0 
7eff95000000-7eff95004000 ---p 00000000 00:00 0 
7eff95004000-7eff95100000 rw-p 00000000 00:00 0 
7eff9518c000-7eff952cd000 rw-p 00000000 00:00 0 
7eff952cd000-7eff952d1000 ---p 00000000 00:00 0 
7eff952d1000-7eff952ef000 rw-p 00000000 00:00 0 
7eff952ef000-7eff952f6000 r-xp 00000000 00:1443 9223372037562580484      /nix/store/gpxl5qgg8kicmcvivwmybwjlpf7wh20l-graalvm17-ce-22.3.0/lib/libzip.so
7eff952f6000-7eff952f7000 ---p 00007000 00:1443 9223372037562580484      /nix/store/gpxl5qgg8kicmcvivwmybwjlpf7wh20l-graalvm17-ce-22.3.0/lib/libzip.so
7eff952f7000-7eff952f8000 r--p 00007000 00:1443 9223372037562580484      /nix/store/gpxl5qgg8kicmcvivwmybwjlpf7wh20l-graalvm17-ce-22.3.0/lib/libzip.so
7eff952f8000-7eff952f9000 rw-p 00008000 00:1443 9223372037562580484      /nix/store/gpxl5qgg8kicmcvivwmybwjlpf7wh20l-graalvm17-ce-22.3.0/lib/libzip.so
7eff952f9000-7eff952fb000 rw-p 0000b000 00:1443 9223372037562580484      /nix/store/gpxl5qgg8kicmcvivwmybwjlpf7wh20l-graalvm17-ce-22.3.0/lib/libzip.so
7eff952fb000-7eff95310000 r-xp 00000000 00:1443 9223372037562580474      /nix/store/gpxl5qgg8kicmcvivwmybwjlpf7wh20l-graalvm17-ce-22.3.0/lib/libnet.so
7eff95310000-7eff95311000 ---p 00015000 00:1443 9223372037562580474      /nix/store/gpxl5qgg8kicmcvivwmybwjlpf7wh20l-graalvm17-ce-22.3.0/lib/libnet.so
7eff95311000-7eff95312000 r--p 00015000 00:1443 9223372037562580474      /nix/store/gpxl5qgg8kicmcvivwmybwjlpf7wh20l-graalvm17-ce-22.3.0/lib/libnet.so
7eff95312000-7eff95313000 rw-p 00016000 00:1443 9223372037562580474      /nix/store/gpxl5qgg8kicmcvivwmybwjlpf7wh20l-graalvm17-ce-22.3.0/lib/libnet.so
7eff95313000-7eff95316000 rw-p 0001b000 00:1443 9223372037562580474      /nix/store/gpxl5qgg8kicmcvivwmybwjlpf7wh20l-graalvm17-ce-22.3.0/lib/libnet.so
7eff95316000-7eff95317000 ---p 00000000 00:00 0 
7eff95317000-7eff95418000 rw-p 00000000 00:00 0 
7eff95418000-7eff9541c000 ---p 00000000 00:00 0 
7eff9541c000-7eff95518000 rw-p 00000000 00:00 0 
7eff95518000-7eff9551c000 ---p 00000000 00:00 0 
7eff9551c000-7eff95618000 rw-p 00000000 00:00 0 
7eff95618000-7eff9561c000 ---p 00000000 00:00 0 
7eff9561c000-7eff95718000 rw-p 00000000 00:00 0 
7eff95718000-7eff9571c000 ---p 00000000 00:00 0 
7eff9571c000-7eff95918000 rw-p 00000000 00:00 0 
7eff95918000-7eff9591c000 ---p 00000000 00:00 0 
7eff9591c000-7eff95b18000 rw-p 00000000 00:00 0 
7eff95b18000-7eff95b1c000 ---p 00000000 00:00 0 
7eff95b1c000-7eff95c18000 rw-p 00000000 00:00 0 
7eff95c18000-7eff95c1c000 ---p 00000000 00:00 0 
7eff95c1c000-7eff95d18000 rw-p 00000000 00:00 0 
7eff95d18000-7eff95d1c000 ---p 00000000 00:00 0 
7eff95d1c000-7eff95e18000 rw-p 00000000 00:00 0 
7eff95e18000-7eff960fe000 r--p 00000000 00:1255 28444448                 /usr/lib/locale/locale-archive
7eff960fe000-7eff96102000 ---p 00000000 00:00 0 
7eff96102000-7eff961fe000 rw-p 00000000 00:00 0 
7eff961fe000-7eff96202000 ---p 00000000 00:00 0 
7eff96202000-7eff962fe000 rw-p 00000000 00:00 0 
7eff962fe000-7eff962ff000 ---p 00000000 00:00 0 
7eff962ff000-7eff96800000 rw-p 00000000 00:00 0 
7eff96800000-7eff96b00000 rw-p 00000000 00:00 0 
7eff96b00000-7eff96c00000 rw-p 00000000 00:00 0 
7eff96c01000-7eff96ccf000 r-xp 00000000 00:1443 9223372037562577940      /nix/store/gpxl5qgg8kicmcvivwmybwjlpf7wh20l-graalvm17-ce-22.3.0/lib/libjsvml.so
7eff96ccf000-7eff96cd0000 r--p 000cd000 00:1443 9223372037562577940      /nix/store/gpxl5qgg8kicmcvivwmybwjlpf7wh20l-graalvm17-ce-22.3.0/lib/libjsvml.so
7eff96cd0000-7eff96cd1000 rw-p 000ce000 00:1443 9223372037562577940      /nix/store/gpxl5qgg8kicmcvivwmybwjlpf7wh20l-graalvm17-ce-22.3.0/lib/libjsvml.so
7eff96cd1000-7eff974b3000 rw-p 00000000 00:00 0 
7eff974b3000-7eff97723000 rwxp 00000000 00:00 0 
7eff97723000-7eff97a42000 ---p 00000000 00:00 0 
7eff97a42000-7eff98612000 rwxp 00000000 00:00 0 
7eff98612000-7eff9ef7a000 ---p 00000000 00:00 0 
7eff9ef7a000-7eff9f1ea000 rwxp 00000000 00:00 0 
7eff9f1ea000-7effa64b3000 ---p 00000000 00:00 0 
7effa64b3000-7effb0000000 r--s 00000000 00:1443 9223372037562580485      /nix/store/gpxl5qgg8kicmcvivwmybwjlpf7wh20l-graalvm17-ce-22.3.0/lib/modules
7effb0000000-7effb0431000 rw-p 00000000 00:00 0 
7effb0431000-7effb4000000 ---p 00000000 00:00 0 
7effb400a000-7effb401d000 r-xp 00000000 00:1443 9223372037562580475      /nix/store/gpxl5qgg8kicmcvivwmybwjlpf7wh20l-graalvm17-ce-22.3.0/lib/libnio.so
7effb401d000-7effb401e000 r--p 00012000 00:1443 9223372037562580475      /nix/store/gpxl5qgg8kicmcvivwmybwjlpf7wh20l-graalvm17-ce-22.3.0/lib/libnio.so
7effb401e000-7effb401f000 rw-p 00013000 00:1443 9223372037562580475      /nix/store/gpxl5qgg8kicmcvivwmybwjlpf7wh20l-graalvm17-ce-22.3.0/lib/libnio.so
7effb401f000-7effb4024000 rw-p 00019000 00:1443 9223372037562580475      /nix/store/gpxl5qgg8kicmcvivwmybwjlpf7wh20l-graalvm17-ce-22.3.0/lib/libnio.so
7effb4024000-7effb511a000 rw-p 00000000 00:00 0 
7effb511a000-7effb511b000 ---p 00000000 00:00 0 
7effb511b000-7effb52c6000 rw-p 00000000 00:00 0 
7effb52c6000-7effb52ea000 rw-p 00000000 00:00 0 
7effb52ea000-7effb531c000 ---p 00000000 00:00 0 
7effb531c000-7effb5322000 rw-p 00000000 00:00 0 
7effb5322000-7effb5408000 ---p 00000000 00:00 0 
7effb5408000-7effb5420000 rw-p 00000000 00:00 0 
7effb5420000-7effb54f3000 ---p 00000000 00:00 0 
7effb54f3000-7effb54f8000 rw-p 00000000 00:00 0 
7effb54f8000-7effb54ff000 ---p 00000000 00:00 0 
7effb54ff000-7effb5523000 r-xp 00000000 00:1443 9223372037562577932      /nix/store/gpxl5qgg8kicmcvivwmybwjlpf7wh20l-graalvm17-ce-22.3.0/lib/libjava.so
7effb5523000-7effb5524000 ---p 00024000 00:1443 9223372037562577932      /nix/store/gpxl5qgg8kicmcvivwmybwjlpf7wh20l-graalvm17-ce-22.3.0/lib/libjava.so
7effb5524000-7effb5525000 r--p 00024000 00:1443 9223372037562577932      /nix/store/gpxl5qgg8kicmcvivwmybwjlpf7wh20l-graalvm17-ce-22.3.0/lib/libjava.so
7effb5525000-7effb5526000 rw-p 00025000 00:1443 9223372037562577932      /nix/store/gpxl5qgg8kicmcvivwmybwjlpf7wh20l-graalvm17-ce-22.3.0/lib/libjava.so
7effb5526000-7effb5527000 rw-p 00000000 00:00 0 
7effb5527000-7effb552e000 rw-p 0002f000 00:1443 9223372037562577932      /nix/store/gpxl5qgg8kicmcvivwmybwjlpf7wh20l-graalvm17-ce-22.3.0/lib/libjava.so
7effb552e000-7effb5536000 rw-s 00000000 00:c9 698                        /tmp/hsperfdata_runner/1789
7effb5536000-7effb5537000 ---p 00000000 00:00 0 
7effb5537000-7effb5538000 r--p 00000000 00:00 0 
7effb5538000-7effb5539000 rwxp 00000000 00:00 0 
7effb5539000-7effb5554000 r-xp 00000000 00:1443 9223372037562577936      /nix/store/gpxl5qgg8kicmcvivwmybwjlpf7wh20l-graalvm17-ce-22.3.0/lib/libjimage.so
7effb5554000-7effb5555000 ---p 0001b000 00:1443 9223372037562577936      /nix/store/gpxl5qgg8kicmcvivwmybwjlpf7wh20l-graalvm17-ce-22.3.0/lib/libjimage.so
7effb5555000-7effb5557000 r--p 0001b000 00:1443 9223372037562577936      /nix/store/gpxl5qgg8kicmcvivwmybwjlpf7wh20l-graalvm17-ce-22.3.0/lib/libjimage.so
7effb5557000-7effb5558000 rw-p 0001d000 00:1443 9223372037562577936      /nix/store/gpxl5qgg8kicmcvivwmybwjlpf7wh20l-graalvm17-ce-22.3.0/lib/libjimage.so
7effb5558000-7effb5559000 rw-p 00024000 00:1443 9223372037562577936      /nix/store/gpxl5qgg8kicmcvivwmybwjlpf7wh20l-graalvm17-ce-22.3.0/lib/libjimage.so
7effb5559000-7effb555d000 ---p 00000000 00:00 0 
7effb555d000-7effb5659000 rw-p 00000000 00:00 0 
7effb5659000-7effb5667000 r--p 00000000 00:1443 9223372037455367831      /nix/store/4nlgxhb09sdr51nc9hdm8az5b08vzkgx-glibc-2.35-163/lib/libm.so.6
7effb5667000-7effb56da000 r-xp 0000e000 00:1443 9223372037455367831      /nix/store/4nlgxhb09sdr51nc9hdm8az5b08vzkgx-glibc-2.35-163/lib/libm.so.6
7effb56da000-7effb5737000 r--p 00081000 00:1443 9223372037455367831      /nix/store/4nlgxhb09sdr51nc9hdm8az5b08vzkgx-glibc-2.35-163/lib/libm.so.6
7effb5737000-7effb5738000 r--p 000dd000 00:1443 9223372037455367831      /nix/store/4nlgxhb09sdr51nc9hdm8az5b08vzkgx-glibc-2.35-163/lib/libm.so.6
7effb5738000-7effb5739000 rw-p 000de000 00:1443 9223372037455367831      /nix/store/4nlgxhb09sdr51nc9hdm8az5b08vzkgx-glibc-2.35-163/lib/libm.so.6
7effb5739000-7effb573a000 r--p 00000000 00:1443 9223372037455367850      /nix/store/4nlgxhb09sdr51nc9hdm8az5b08vzkgx-glibc-2.35-163/lib/librt.so.1
7effb573a000-7effb573b000 r-xp 00001000 00:1443 9223372037455367850      /nix/store/4nlgxhb09sdr51nc9hdm8az5b08vzkgx-glibc-2.35-163/lib/librt.so.1
7effb573b000-7effb573c000 r--p 00002000 00:1443 9223372037455367850      /nix/store/4nlgxhb09sdr51nc9hdm8az5b08vzkgx-glibc-2.35-163/lib/librt.so.1
7effb573c000-7effb573d000 r--p 00002000 00:1443 9223372037455367850      /nix/store/4nlgxhb09sdr51nc9hdm8az5b08vzkgx-glibc-2.35-163/lib/librt.so.1
7effb573d000-7effb573e000 rw-p 00003000 00:1443 9223372037455367850      /nix/store/4nlgxhb09sdr51nc9hdm8az5b08vzkgx-glibc-2.35-163/lib/librt.so.1
7effb573e000-7effb6851000 r-xp 00000000 00:1443 9223372037562748770      /nix/store/gpxl5qgg8kicmcvivwmybwjlpf7wh20l-graalvm17-ce-22.3.0/lib/server/libjvm.so
7effb6851000-7effb6852000 ---p 01113000 00:1443 9223372037562748770      /nix/store/gpxl5qgg8kicmcvivwmybwjlpf7wh20l-graalvm17-ce-22.3.0/lib/server/libjvm.so
7effb6852000-7effb6907000 r--p 01113000 00:1443 9223372037562748770      /nix/store/gpxl5qgg8kicmcvivwmybwjlpf7wh20l-graalvm17-ce-22.3.0/lib/server/libjvm.so
7effb6907000-7effb693b000 rw-p 011c8000 00:1443 9223372037562748770      /nix/store/gpxl5qgg8kicmcvivwmybwjlpf7wh20l-graalvm17-ce-22.3.0/lib/server/libjvm.so
7effb693b000-7effb6997000 rw-p 00000000 00:00 0 
7effb6997000-7effb69bf000 r--p 00000000 00:1443 9223372037455367822      /nix/store/4nlgxhb09sdr51nc9hdm8az5b08vzkgx-glibc-2.35-163/lib/libc.so.6
7effb69bf000-7effb6b35000 r-xp 00028000 00:1443 9223372037455367822      /nix/store/4nlgxhb09sdr51nc9hdm8az5b08vzkgx-glibc-2.35-163/lib/libc.so.6
7effb6b35000-7effb6b8d000 r--p 0019e000 00:1443 9223372037455367822      /nix/store/4nlgxhb09sdr51nc9hdm8az5b08vzkgx-glibc-2.35-163/lib/libc.so.6
7effb6b8d000-7effb6b91000 r--p 001f6000 00:1443 9223372037455367822      /nix/store/4nlgxhb09sdr51nc9hdm8az5b08vzkgx-glibc-2.35-163/lib/libc.so.6
7effb6b91000-7effb6b93000 rw-p 001fa000 00:1443 9223372037455367822      /nix/store/4nlgxhb09sdr51nc9hdm8az5b08vzkgx-glibc-2.35-163/lib/libc.so.6
7effb6b93000-7effb6ba2000 rw-p 00000000 00:00 0 
7effb6ba2000-7effb6ba3000 r--p 00000000 00:1443 9223372037455367827      /nix/store/4nlgxhb09sdr51nc9hdm8az5b08vzkgx-glibc-2.35-163/lib/libdl.so.2
7effb6ba3000-7effb6ba4000 r-xp 00001000 00:1443 9223372037455367827      /nix/store/4nlgxhb09sdr51nc9hdm8az5b08vzkgx-glibc-2.35-163/lib/libdl.so.2
7effb6ba4000-7effb6ba5000 r--p 00002000 00:1443 9223372037455367827      /nix/store/4nlgxhb09sdr51nc9hdm8az5b08vzkgx-glibc-2.35-163/lib/libdl.so.2
7effb6ba5000-7effb6ba6000 r--p 00002000 00:1443 9223372037455367827      /nix/store/4nlgxhb09sdr51nc9hdm8az5b08vzkgx-glibc-2.35-163/lib/libdl.so.2
7effb6ba6000-7effb6ba7000 rw-p 00003000 00:1443 9223372037455367827      /nix/store/4nlgxhb09sdr51nc9hdm8az5b08vzkgx-glibc-2.35-163/lib/libdl.so.2
7effb6ba7000-7effb6ba8000 r--p 00000000 00:1443 9223372037455367846      /nix/store/4nlgxhb09sdr51nc9hdm8az5b08vzkgx-glibc-2.35-163/lib/libpthread.so.0
7effb6ba8000-7effb6ba9000 r-xp 00001000 00:1443 9223372037455367846      /nix/store/4nlgxhb09sdr51nc9hdm8az5b08vzkgx-glibc-2.35-163/lib/libpthread.so.0
7effb6ba9000-7effb6baa000 r--p 00002000 00:1443 9223372037455367846      /nix/store/4nlgxhb09sdr51nc9hdm8az5b08vzkgx-glibc-2.35-163/lib/libpthread.so.0
7effb6baa000-7effb6bab000 r--p 00002000 00:1443 9223372037455367846      /nix/store/4nlgxhb09sdr51nc9hdm8az5b08vzkgx-glibc-2.35-163/lib/libpthread.so.0
7effb6bab000-7effb6bac000 rw-p 00003000 00:1443 9223372037455367846      /nix/store/4nlgxhb09sdr51nc9hdm8az5b08vzkgx-glibc-2.35-163/lib/libpthread.so.0
7effb6bac000-7effb6bba000 r-xp 00000000 00:1443 9223372037562577937      /nix/store/gpxl5qgg8kicmcvivwmybwjlpf7wh20l-graalvm17-ce-22.3.0/lib/libjli.so
7effb6bba000-7effb6bbb000 ---p 0000e000 00:1443 9223372037562577937      /nix/store/gpxl5qgg8kicmcvivwmybwjlpf7wh20l-graalvm17-ce-22.3.0/lib/libjli.so
7effb6bbb000-7effb6bbc000 r--p 0000e000 00:1443 9223372037562577937      /nix/store/gpxl5qgg8kicmcvivwmybwjlpf7wh20l-graalvm17-ce-22.3.0/lib/libjli.so
7effb6bbc000-7effb6bbd000 rw-p 0000f000 00:1443 9223372037562577937      /nix/store/gpxl5qgg8kicmcvivwmybwjlpf7wh20l-graalvm17-ce-22.3.0/lib/libjli.so
7effb6bbd000-7effb6bbe000 rw-p 00012000 00:1443 9223372037562577937      /nix/store/gpxl5qgg8kicmcvivwmybwjlpf7wh20l-graalvm17-ce-22.3.0/lib/libjli.so
7effb6bbe000-7effb6bc1000 r--p 00000000 00:1443 9223372037533597975      /nix/store/026hln0aq1hyshaxsdvhg0kmcm6yf45r-zlib-1.2.13/lib/libz.so.1.2.13
7effb6bc1000-7effb6bd3000 r-xp 00003000 00:1443 9223372037533597975      /nix/store/026hln0aq1hyshaxsdvhg0kmcm6yf45r-zlib-1.2.13/lib/libz.so.1.2.13
7effb6bd3000-7effb6bda000 r--p 00015000 00:1443 9223372037533597975      /nix/store/026hln0aq1hyshaxsdvhg0kmcm6yf45r-zlib-1.2.13/lib/libz.so.1.2.13
7effb6bda000-7effb6bdb000 r--p 0001b000 00:1443 9223372037533597975      /nix/store/026hln0aq1hyshaxsdvhg0kmcm6yf45r-zlib-1.2.13/lib/libz.so.1.2.13
7effb6bdb000-7effb6bdc000 rw-p 0001c000 00:1443 9223372037533597975      /nix/store/026hln0aq1hyshaxsdvhg0kmcm6yf45r-zlib-1.2.13/lib/libz.so.1.2.13
7effb6bdc000-7effb6bde000 rw-p 00000000 00:00 0 
7effb6bde000-7effb6be0000 r--p 00000000 00:1443 9223372037455367816      /nix/store/4nlgxhb09sdr51nc9hdm8az5b08vzkgx-glibc-2.35-163/lib/ld-linux-x86-64.so.2
7effb6be0000-7effb6c07000 r-xp 00002000 00:1443 9223372037455367816      /nix/store/4nlgxhb09sdr51nc9hdm8az5b08vzkgx-glibc-2.35-163/lib/ld-linux-x86-64.so.2
7effb6c07000-7effb6c13000 r--p 00029000 00:1443 9223372037455367816      /nix/store/4nlgxhb09sdr51nc9hdm8az5b08vzkgx-glibc-2.35-163/lib/ld-linux-x86-64.so.2
7effb6c13000-7effb6c15000 r--p 00034000 00:1443 9223372037455367816      /nix/store/4nlgxhb09sdr51nc9hdm8az5b08vzkgx-glibc-2.35-163/lib/ld-linux-x86-64.so.2
7effb6c15000-7effb6c17000 rw-p 00036000 00:1443 9223372037455367816      /nix/store/4nlgxhb09sdr51nc9hdm8az5b08vzkgx-glibc-2.35-163/lib/ld-linux-x86-64.so.2
7ffe4128a000-7ffe412ae000 rw-p 00000000 00:00 0                          [stack]
7ffe4137a000-7ffe4137e000 r--p 00000000 00:00 0                          [vvar]
7ffe4137e000-7ffe41380000 r-xp 00000000 00:00 0                          [vdso]
ffffffffff600000-ffffffffff601000 --xp 00000000 00:00 0                  [vsyscall]


VM Arguments:
jvm_args: -XX:ThreadPriorityPolicy=1 -XX:+UnlockExperimentalVMOptions -XX:+EnableJVMCIProduct -XX:JVMCIThreadsPerNativeLibraryRuntime=1 -XX:-UnlockExperimentalVMOptions -Declipse.application=org.eclipse.jdt.ls.core.id1 -Dosgi.bundles.defaultStartLevel=4 -Declipse.product=org.eclipse.jdt.ls.core.product -Dlog.level=ALL -Xverify:none -XX:+UseParallelGC -XX:GCTimeRatio=4 -XX:AdaptiveSizePolicyWeight=90 -Dsun.zip.disableMemoryMapping=true -Xmx512m -Xms100m 
java_command: /nix/store/m6gcpi1ii6rghy04cjwjddcavv7i90df-jdt-language-server-1.9.0/share/java/plugins/org.eclipse.equinox.launcher_1.6.400.v20210924-0641.jar --add-modules=ALL-SYSTEM --add-opens java.base/java.util=ALL-UNNAMED --add-opens java.base/java.lang=ALL-UNNAMED -configuration /home/runner/.cache/jdt-language-server/config -data /home/runner/.cache/jdt-language-server/data/home/runner/my-java-programs
java_class_path (initial): /nix/store/m6gcpi1ii6rghy04cjwjddcavv7i90df-jdt-language-server-1.9.0/share/java/plugins/org.eclipse.equinox.launcher_1.6.400.v20210924-0641.jar
Launcher Type: SUN_STANDARD

[Global flags]
    uintx AdaptiveSizePolicyWeight                 = 90                                        {product} {command line}
     intx CICompilerCount                          = 2                                         {product} {ergonomic}
     bool EnableJVMCIProduct                       = true                                {JVMCI product} {jimage}
    uintx GCTimeRatio                              = 4                                         {product} {command line}
   size_t InitialHeapSize                          = 104857600                                 {product} {command line}
     uint JVMCIThreadsPerNativeLibraryRuntime      = 1                                   {JVMCI product} {jimage}
   size_t MaxHeapSize                              = 536870912                                 {product} {command line}
   size_t MaxNewSize                               = 178782208                                 {product} {ergonomic}
   size_t MinHeapDeltaBytes                        = 524288                                    {product} {ergonomic}
   size_t MinHeapSize                              = 104857600                                 {product} {command line}
   size_t NewSize                                  = 34603008                                  {product} {ergonomic}
    uintx NonNMethodCodeHeapSize                   = 5826188                                {pd product} {ergonomic}
    uintx NonProfiledCodeHeapSize                  = 122916026                              {pd product} {ergonomic}
   size_t OldSize                                  = 70254592                                  {product} {ergonomic}
    uintx ProfiledCodeHeapSize                     = 122916026                              {pd product} {ergonomic}
    uintx ReservedCodeCacheSize                    = 251658240                              {pd product} {ergonomic}
     bool SegmentedCodeCache                       = true                                      {product} {ergonomic}
   size_t SoftMaxHeapSize                          = 536870912                              {manageable} {ergonomic}
     intx ThreadPriorityPolicy                     = 1                                         {product} {jimage}
     bool UseCompressedClassPointers               = true                           {product lp64_product} {ergonomic}
     bool UseCompressedOops                        = true                           {product lp64_product} {ergonomic}
     bool UseParallelGC                            = true                                      {product} {command line}

Logging:
Log output configuration:
 #0: stdout all=warning uptime,level,tags
 #1: stderr all=off uptime,level,tags

Environment Variables:
JAVA_HOME=/nix/store/gpxl5qgg8kicmcvivwmybwjlpf7wh20l-graalvm17-ce-22.3.0
PATH=/nix/store/1d6ian3r8kdzspw8hacjhl3xkp40g1lj-binutils-wrapper-2.39/bin:/nix/store/dq0xwmsk1g0i2ayg6pb7y87na2knzylh-gcc-wrapper-11.3.0/bin:/nix/store/bap4d0lpcrhpwmpb8ayjcgkmvfj62lnq-bash-interactive-5.1-p16/bin:/nix/store/pr5n59mb4jzmfx6kanwxly0l07p861fg-patchelf-0.15.0/bin:/nix/store/1gf2flfqnpqbr1b4p4qz2f72y42bs56r-gcc-11.3.0/bin:/nix/store/57xv61c5zi8pphjbcwxxjlgc34p61ic9-glibc-2.35-163-bin/bin:/nix/store/a7gvj343m05j2s32xcnwr35v31ynlypr-coreutils-9.1/bin:/nix/store/039g378vc3pc3dvi9dzdlrd0i4q93qwf-binutils-2.39/bin:/nix/store/gpxl5qgg8kicmcvivwmybwjlpf7wh20l-graalvm17-ce-22.3.0/bin:/nix/store/6z9ag3ihc8mq2hzsw48lhbznvzny65nz-apache-maven-3.8.6/bin:/nix/store/m6gcpi1ii6rghy04cjwjddcavv7i90df-jdt-language-server-1.9.0/bin:/nix/store/84xs5alhs01zrbr4ywm05kxbjbp5590l-java-debug/bin:/nix/store/mydc6f4k2z73xlcz7ilif3v2lcaiqvza-findutils-4.9.0/bin:/nix/store/j9p3g8472iijd50vhdprx0nmk2fqn5gv-diffutils-3.8/bin:/nix/store/89zs7rms6x00xfq4dq6m7mjnhkr8a6r4-gnused-4.8/bin:/nix/store/86bp03jkmsl6f92w0yzg4s59g5mhxwmy-gnugrep-3.7/bin:/nix/store/hwcdqw4jrjnd37wxqgsd47hd0j8bnj09-gawk-5.1.1/bin:/nix/store/cfbhw8r8ags41vwqaz47r583d0p4h4a1-gnutar-1.34/bin:/nix/store/p3m1ndl1lapwrlh698bnb5lvvxh67378-gzip-1.12/bin:/nix/store/a8mhcagrsly7c7mpjrpsnaahk4aax056-bzip2-1.0.8-bin/bin:/nix/store/mblgz65m3zv9x548a3d5m96fj2pbwr09-gnumake-4.3/bin:/nix/store/dsd5gz46hdbdk2rfdimqddhq6m8m8fqs-bash-5.1-p16/bin:/nix/store/v7ljksji50mg3w61dykaa3n3y79n6nil-patch-2.7.6/bin:/nix/store/zlcnmqq14jz5x9439jf937mvayyl63da-xz-5.2.7-bin/bin:/nix/store/y6aj732zm9m87c82fpvf103a1xb22blp-file-5.43/bin:/nix/store/sgqd0ajghcv2axfl1lad0b1alyavp0dc-prybar-elisp-0.0.0-67f7a00/bin:/nix/store/p3hsvljpgs68jqwar41lc0jqhjj734lf-prybar-lua-0.0.0-67f7a00/bin:/nix/store/qzxs2gybds3s9kb1vkaflpgm2nwr85fh-prybar-python3-0.0.0-67f7a00/bin:/nix/store/km94z9mxp8w4m8gxxp5mbfpdf3nkfvd8-prybar-sqlite-0.0.0-67f7a00/bin:/nix/store/2pnc7b76asw0z59c4l6h6qy8arwqrii1-prybar-tcl-0.0.0-67f7a00/bin:/nix/store/hpbvrlwd5viqmvcaisb3x0118i913a9n-st
LD_LIBRARY_PATH=/nix/store/a4pff549sk2idnkpzk5nsfps3mdkdnvm-cups-2.4.2-lib/lib:/nix/store/72mqxxhh3cy5yifh92wh2yb8cl2hikyy-cairo-1.16.0/lib:/nix/store/2k366jrbsra97gjfxwvrhvixjfxdach5-glib-2.74.1/lib:/nix/store/2j2znigd8ak37rlwh9khz0ry3clqlw1l-gtk+3-3.24.34/lib:/nix/store/hisqvx32cd57apbpcsnkpx6k3549wql1-libglvnd-1.4.0/lib:/nix/store/p36pgcv991mq5srvg765b78yqpxvk3qs-mesa-21.3.3-drivers/lib:/nix/store/mav4251if1ahjq5vkpwycyyvnmy459c4-pulseaudio-14.2/lib
DISPLAY=:0
LANG=en_US.UTF-8

Signal Handlers:
   SIGSEGV: crash_handler in libjvm.so, mask=11100100010111111101111111111110, flags=SA_RESTART|SA_SIGINFO
    SIGBUS: crash_handler in libjvm.so, mask=11100100010111111101111111111110, flags=SA_RESTART|SA_SIGINFO
    SIGFPE: crash_handler in libjvm.so, mask=11100100010111111101111111111110, flags=SA_RESTART|SA_SIGINFO
   SIGPIPE: IsolateEnterStub_IgnoreSIGPIPEStartupHook_noopSignalHandler_8f19bff2f35b5f630d83b364d6b2339320d4ec70_216e8361c6bc87a8f89f58cc10d3b2fd4415bf87 in libjvmcicompiler.so, mask=00000000000000000000000000000000, flags=SA_RESTART
  *** Handler was modified!
  *** Expected: javaSignalHandler in libjvm.so, mask=11100100110111111111111111111110, flags=SA_RESTART|SA_SIGINFO
   SIGXFSZ: javaSignalHandler in libjvm.so, mask=11100100010111111101111111111110, flags=SA_RESTART|SA_SIGINFO
    SIGILL: crash_handler in libjvm.so, mask=11100100010111111101111111111110, flags=SA_RESTART|SA_SIGINFO
   SIGUSR2: SR_handler in libjvm.so, mask=00000000000000000000000000000000, flags=SA_RESTART|SA_SIGINFO
    SIGHUP: UserHandler in libjvm.so, mask=11100100010111111101111111111110, flags=SA_RESTART|SA_SIGINFO
    SIGINT: UserHandler in libjvm.so, mask=11100100010111111101111111111110, flags=SA_RESTART|SA_SIGINFO
   SIGTERM: UserHandler in libjvm.so, mask=11100100010111111101111111111110, flags=SA_RESTART|SA_SIGINFO
   SIGQUIT: UserHandler in libjvm.so, mask=11100100010111111101111111111110, flags=SA_RESTART|SA_SIGINFO
  *** Handler was modified!
  *** Expected: javaSignalHandler in libjvm.so, mask=11100100110111111111111111111110, flags=SA_RESTART|SA_SIGINFO
   SIGTRAP: crash_handler in libjvm.so, mask=11100100010111111101111111111110, flags=SA_RESTART|SA_SIGINFO


---------------  S Y S T E M  ---------------

OS:
DISTRIB_ID=Ubuntu
DISTRIB_RELEASE=20.04
DISTRIB_CODENAME=focal
DISTRIB_DESCRIPTION="Ubuntu 20.04.2 LTS"
uname: Linux 5.15.0-1027-gcp #34~20.04.1-Ubuntu SMP Mon Jan 9 18:40:09 UTC 2023 x86_64
OS uptime: 0 days 19:03 hours
libc: glibc 2.35 NPTL 2.35 
rlimit (soft/hard): STACK 8192k/infinity , CORE infinity/infinity , NPROC infinity/infinity , NOFILE 5242/5242 , AS infinity/infinity , CPU infinity/infinity , DATA infinity/infinity , FSIZE infinity/infinity , MEMLOCK 64k/64k
load average: 11.39 11.17 10.31

/proc/meminfo:
MemTotal:       65852736 kB
MemFree:        25457164 kB
MemAvailable:   48298708 kB
Buffers:         3596832 kB
Cached:         17380720 kB
SwapCached:            0 kB
Active:         11872420 kB
Inactive:       24070612 kB
Active(anon):      12936 kB
Inactive(anon): 14658012 kB
Active(file):   11859484 kB
Inactive(file):  9412600 kB
Unevictable:       43380 kB
Mlocked:           43380 kB
SwapTotal:             0 kB
SwapFree:              0 kB
Dirty:              1524 kB
Writeback:             0 kB
AnonPages:      13103664 kB
Mapped:          1916400 kB
Shmem:             33528 kB
KReclaimable:    2296060 kB
Slab:            3544888 kB
SReclaimable:    2296060 kB
SUnreclaim:      1248828 kB
KernelStack:      382096 kB
PageTables:       123768 kB
NFS_Unstable:          0 kB
Bounce:                0 kB
WritebackTmp:          0 kB
CommitLimit:    32926368 kB
Committed_AS:   60165300 kB
VmallocTotal:   34359738367 kB
VmallocUsed:      418972 kB
VmallocChunk:          0 kB
Percpu:            61344 kB
HardwareCorrupted:     0 kB
AnonHugePages:    548864 kB
ShmemHugePages:        0 kB
ShmemPmdMapped:        0 kB
FileHugePages:         0 kB
FilePmdMapped:         0 kB
HugePages_Total:       0
HugePages_Free:        0
HugePages_Rsvd:        0
HugePages_Surp:        0
Hugepagesize:       2048 kB
Hugetlb:               0 kB
DirectMap4k:     4918080 kB
DirectMap2M:    46458880 kB
DirectMap1G:    17825792 kB

/sys/kernel/mm/transparent_hugepage/enabled: always [madvise] never
/sys/kernel/mm/transparent_hugepage/defrag (defrag/compaction efforts parameter): always defer defer+madvise [madvise] never

Process Memory:
Virtual Size: 4514408K (peak: 4608808K)
Resident Set Size: 717816K (peak: 756068K) (anon: 522684K, file: 195132K, shmem: 0K)
Swapped out: 0K
C-Heap outstanding allocations: 36641K, retained: 13278K
glibc malloc tunables: (default)

/proc/sys/kernel/threads-max (system-wide limit on the number of threads): 514406
/proc/sys/vm/max_map_count (maximum number of memory map areas a process may have): 65530
/proc/sys/kernel/pid_max (system-wide limit on number of process identifiers): 4194304

container (cgroup) information:
container_type: cgroupv1
cpu_cpuset_cpus: 2-7
cpu_memory_nodes: 0
active_processor_count: 1
cpu_quota: 50000
cpu_period: 100000
cpu_shares: 512
memory_limit_in_bytes: 1048576 k
memory_and_swap_limit_in_bytes: 1048576 k
memory_soft_limit_in_bytes: 524288 k
memory_usage_in_bytes: 553780 k
memory_max_usage_in_bytes: 893728 k
maximum number of tasks: 1000
current number of tasks: 46

KVM virtualization detected
Steal ticks since vm start: 0
Steal ticks percentage since vm start:  0.000

CPU: total 8 (initial active 1) (8 cores per cpu, 2 threads per core) family 23 model 49 stepping 0 microcode 0xffffffff, cx8, cmov, fxsr, ht, mmx, 3dnowpref, sse, sse2, sse3, ssse3, sse4a, sse4.1, sse4.2, popcnt, lzcnt, tsc, tscinvbit, avx, avx2, aes, clmul, bmi1, bmi2, adx, sha, fma, vzeroupper, clflush, clflushopt, hv
CPU Model and flags from /proc/cpuinfo:
model name	: AMD EPYC 7B12
flags		: fpu vme de pse tsc msr pae mce cx8 apic sep mtrr pge mca cmov pat pse36 clflush mmx fxsr sse sse2 ht syscall nx mmxext fxsr_opt pdpe1gb rdtscp lm constant_tsc rep_good nopl nonstop_tsc cpuid extd_apicid tsc_known_freq pni pclmulqdq ssse3 fma cx16 sse4_1 sse4_2 movbe popcnt aes xsave avx f16c rdrand hypervisor lahf_lm cmp_legacy cr8_legacy abm sse4a misalignsse 3dnowprefetch osvw topoext ssbd ibrs ibpb stibp vmmcall fsgsbase tsc_adjust bmi1 avx2 smep bmi2 rdseed adx smap clflushopt clwb sha_ni xsaveopt xsavec xgetbv1 clzero xsaveerptr arat npt nrip_save umip rdpid

Online cpus: 0-7
Offline cpus: 
BIOS frequency limitation: <Not Available>
Frequency switch latency (ns): <Not Available>
Available cpu frequencies: <Not Available>
Current governor: <Not Available>
Core performance/turbo boost: <Not Available>

Memory: 4k page, physical 1048576k(495028k free), swap 0k(0k free)
Page Sizes: 4k

vm_info: OpenJDK 64-Bit Server VM (17.0.5+8-jvmci-22.3-b08) for linux-amd64 JRE (17.0.5+8-jvmci-22.3-b08), built on Oct 19 2022 09:01:27 by "buildslave" with gcc 10.3.0

END.
